# actual ops/s: 500229.18
# op	pct	sojourn	remote
write	50	1147	590	(all µs)
read	50	2653	2113	(all µs)
write	95	1750	997	(all µs)
read	95	5078	4505	(all µs)
write	99	1987	1196	(all µs)
read	99	6304	5717	(all µs)
write	100	5594	4593	(all µs)
read	100	9975	8929	(all µs)
# actual ops/s: 500023.87
# op	pct	sojourn	remote
write	50	1134	577	(all µs)
read	50	2670	2137	(all µs)
write	95	1737	986	(all µs)
read	95	5072	4501	(all µs)
write	99	1974	1178	(all µs)
read	99	6259	5663	(all µs)
write	100	6081	5079	(all µs)
read	100	9914	8877	(all µs)
# actual ops/s: 499986.72
# op	pct	sojourn	remote
write	50	1120	562	(all µs)
read	50	2637	2095	(all µs)
write	95	1723	967	(all µs)
read	95	5045	4468	(all µs)
write	99	1960	1166	(all µs)
read	99	6301	5731	(all µs)
write	100	5417	4377	(all µs)
read	100	9436	8433	(all µs)
# actual ops/s: 500102.40
# op	pct	sojourn	remote
write	50	1154	600	(all µs)
read	50	2664	2133	(all µs)
write	95	1757	1002	(all µs)
read	95	5087	4511	(all µs)
write	99	1995	1213	(all µs)
read	99	6269	5693	(all µs)
write	100	4805	3804	(all µs)
read	100	11461	10426	(all µs)
# actual ops/s: 500118.30
# op	pct	sojourn	remote
write	50	1141	584	(all µs)
read	50	2641	2102	(all µs)
write	95	1748	998	(all µs)
read	95	5067	4490	(all µs)
write	99	1986	1191	(all µs)
read	99	6282	5702	(all µs)
write	100	5707	4666	(all µs)
read	100	10676	9641	(all µs)
# actual ops/s: 500145.03
# op	pct	sojourn	remote
write	50	1159	604	(all µs)
read	50	2680	2146	(all µs)
write	95	1765	1017	(all µs)
read	95	5110	4536	(all µs)
write	99	2009	1205	(all µs)
read	99	6320	5729	(all µs)
write	100	6063	5061	(all µs)
read	100	10761	9720	(all µs)
# actual ops/s: 500071.87
# op	pct	sojourn	remote
write	50	1155	599	(all µs)
read	50	2667	2139	(all µs)
write	95	1760	1010	(all µs)
read	95	5074	4514	(all µs)
write	99	1997	1208	(all µs)
read	99	6286	5684	(all µs)
write	100	5607	4606	(all µs)
read	100	9931	8929	(all µs)
# actual ops/s: 499872.29
# op	pct	sojourn	remote
write	50	1155	599	(all µs)
read	50	2657	2122	(all µs)
write	95	1759	1004	(all µs)
read	95	5080	4508	(all µs)
write	99	1994	1206	(all µs)
read	99	6254	5652	(all µs)
write	100	4790	3789	(all µs)
read	100	18293	17245	(all µs)
# actual ops/s: 500235.91
# op	pct	sojourn	remote
write	50	1151	597	(all µs)
read	50	2670	2138	(all µs)
write	95	1756	1002	(all µs)
read	95	5075	4497	(all µs)
write	99	1994	1205	(all µs)
read	99	6303	5727	(all µs)
write	100	5321	4319	(all µs)
read	100	11151	10148	(all µs)
# actual ops/s: 500166.12
# op	pct	sojourn	remote
write	50	1162	608	(all µs)
read	50	2674	2141	(all µs)
write	95	1764	1009	(all µs)
read	95	5095	4527	(all µs)
write	99	1996	1201	(all µs)
read	99	6349	5767	(all µs)
write	100	4909	3908	(all µs)
read	100	22516	21512	(all µs)
# actual ops/s: 500032.91
# op	pct	sojourn	remote
write	50	1153	600	(all µs)
read	50	2670	2135	(all µs)
write	95	1759	1007	(all µs)
read	95	5073	4498	(all µs)
write	99	1998	1209	(all µs)
read	99	6294	5717	(all µs)
write	100	18958	17956	(all µs)
read	100	100003	100003	(all µs)
# actual ops/s: 499922.13
# op	pct	sojourn	remote
write	50	1119	562	(all µs)
read	50	2624	2081	(all µs)
write	95	1728	979	(all µs)
read	95	5041	4464	(all µs)
write	99	1971	1182	(all µs)
read	99	6233	5613	(all µs)
write	100	4812	3811	(all µs)
read	100	19104	18061	(all µs)
# server stats:
uptime:
 22:59:41 up 36 min,  0 users,  load average: 8.13, 4.02, 2.54
memory: 33092