# actual ops/s: 333257.47
# op	pct	sojourn	remote
write	50	900	326	(all µs)
read	50	1783	1179	(all µs)
write	95	1410	584	(all µs)
read	95	2981	2370	(all µs)
write	99	1659	935	(all µs)
read	99	3679	3065	(all µs)
write	100	4820	3786	(all µs)
read	100	5598	4594	(all µs)
# actual ops/s: 333328.62
# op	pct	sojourn	remote
write	50	895	321	(all µs)
read	50	1781	1178	(all µs)
write	95	1403	574	(all µs)
read	95	2991	2377	(all µs)
write	99	1646	924	(all µs)
read	99	3668	3052	(all µs)
write	100	3941	2939	(all µs)
read	100	5919	4916	(all µs)
# actual ops/s: 333544.74
# op	pct	sojourn	remote
write	50	882	309	(all µs)
read	50	1763	1158	(all µs)
write	95	1391	562	(all µs)
read	95	2987	2396	(all µs)
write	99	1629	909	(all µs)
read	99	3667	3024	(all µs)
write	100	3931	2930	(all µs)
read	100	6859	5856	(all µs)
# actual ops/s: 333403.70
# op	pct	sojourn	remote
write	50	908	338	(all µs)
read	50	1794	1195	(all µs)
write	95	1413	587	(all µs)
read	95	2990	2388	(all µs)
write	99	1649	940	(all µs)
read	99	3683	3061	(all µs)
write	100	3334	2333	(all µs)
read	100	6283	5280	(all µs)
# actual ops/s: 333385.64
# op	pct	sojourn	remote
write	50	898	324	(all µs)
read	50	1779	1172	(all µs)
write	95	1408	581	(all µs)
read	95	3005	2396	(all µs)
write	99	1644	933	(all µs)
read	99	3714	3086	(all µs)
write	100	3963	2961	(all µs)
read	100	5882	4879	(all µs)
# actual ops/s: 333425.18
# op	pct	sojourn	remote
write	50	916	344	(all µs)
read	50	1814	1204	(all µs)
write	95	1425	602	(all µs)
read	95	3014	2396	(all µs)
write	99	1663	947	(all µs)
read	99	3697	3078	(all µs)
write	100	3905	2903	(all µs)
read	100	5892	4889	(all µs)
# actual ops/s: 333501.21
# op	pct	sojourn	remote
write	50	910	337	(all µs)
read	50	1791	1185	(all µs)
write	95	1418	593	(all µs)
read	95	2989	2379	(all µs)
write	99	1653	940	(all µs)
read	99	3678	3053	(all µs)
write	100	3232	2192	(all µs)
read	100	5929	4887	(all µs)
# actual ops/s: 333483.51
# op	pct	sojourn	remote
write	50	912	339	(all µs)
read	50	1794	1188	(all µs)
write	95	1419	591	(all µs)
read	95	3010	2401	(all µs)
write	99	1652	942	(all µs)
read	99	3694	3059	(all µs)
write	100	3838	2799	(all µs)
read	100	5869	4866	(all µs)
# actual ops/s: 333397.15
# op	pct	sojourn	remote
write	50	913	340	(all µs)
read	50	1811	1210	(all µs)
write	95	1422	589	(all µs)
read	95	3026	2416	(all µs)
write	99	1653	937	(all µs)
read	99	3714	3090	(all µs)
write	100	3315	2313	(all µs)
read	100	5933	4931	(all µs)
# actual ops/s: 333525.29
# op	pct	sojourn	remote
write	50	916	343	(all µs)
read	50	1810	1203	(all µs)
write	95	1425	601	(all µs)
read	95	3027	2426	(all µs)
write	99	1658	936	(all µs)
read	99	3728	3109	(all µs)
write	100	4191	3190	(all µs)
read	100	5489	4486	(all µs)
# actual ops/s: 333373.21
# op	pct	sojourn	remote
write	50	908	336	(all µs)
read	50	1800	1193	(all µs)
write	95	1420	591	(all µs)
read	95	3003	2394	(all µs)
write	99	1654	935	(all µs)
read	99	3695	3064	(all µs)
write	100	3524	2523	(all µs)
read	100	5565	4562	(all µs)
# actual ops/s: 333256.20
# op	pct	sojourn	remote
write	50	878	305	(all µs)
read	50	1754	1143	(all µs)
write	95	1388	563	(all µs)
read	95	2985	2392	(all µs)
write	99	1637	928	(all µs)
read	99	3647	3011	(all µs)
write	100	3403	2375	(all µs)
read	100	5516	4512	(all µs)
# server stats:
uptime:
 22:58:49 up 35 min,  0 users,  load average: 4.78, 2.89, 2.12
memory: 29828