# actual ops/s: 20790.22
# op	pct	sojourn	remote
write	50	1096	108	(all µs)
read	50	739	174	(all µs)
write	95	1155	132	(all µs)
read	95	1200	219	(all µs)
write	99	1172	150	(all µs)
read	99	1239	257	(all µs)
write	100	1306	289	(all µs)
read	100	1529	490	(all µs)
# actual ops/s: 20830.32
# op	pct	sojourn	remote
write	50	1090	106	(all µs)
read	50	747	174	(all µs)
write	95	1163	132	(all µs)
read	95	1209	222	(all µs)
write	99	1181	149	(all µs)
read	99	1250	262	(all µs)
write	100	1587	585	(all µs)
read	100	1688	640	(all µs)
# actual ops/s: 20849.40
# op	pct	sojourn	remote
write	50	1081	97	(all µs)
read	50	738	164	(all µs)
write	95	1155	125	(all µs)
read	95	1200	213	(all µs)
write	99	1173	143	(all µs)
read	99	1242	251	(all µs)
write	100	1327	278	(all µs)
read	100	1905	859	(all µs)
# actual ops/s: 20840.29
# op	pct	sojourn	remote
write	50	1106	119	(all µs)
read	50	744	185	(all µs)
write	95	1161	143	(all µs)
read	95	1205	230	(all µs)
write	99	1178	160	(all µs)
read	99	1244	266	(all µs)
write	100	1368	330	(all µs)
read	100	1624	622	(all µs)
# actual ops/s: 20836.73
# op	pct	sojourn	remote
write	50	1088	107	(all µs)
read	50	747	174	(all µs)
write	95	1170	136	(all µs)
read	95	1210	224	(all µs)
write	99	1192	154	(all µs)
read	99	1257	261	(all µs)
write	100	1381	333	(all µs)
read	100	2067	1064	(all µs)
# actual ops/s: 20818.12
# op	pct	sojourn	remote
write	50	1110	125	(all µs)
read	50	764	194	(all µs)
write	95	1177	151	(all µs)
read	95	1224	241	(all µs)
write	99	1196	170	(all µs)
read	99	1265	281	(all µs)
write	100	1775	773	(all µs)
read	100	1586	537	(all µs)
# actual ops/s: 20796.79
# op	pct	sojourn	remote
write	50	1106	118	(all µs)
read	50	749	184	(all µs)
write	95	1165	142	(all µs)
read	95	1210	229	(all µs)
write	99	1182	160	(all µs)
read	99	1249	271	(all µs)
write	100	2073	1072	(all µs)
read	100	1554	510	(all µs)
# actual ops/s: 20846.94
# op	pct	sojourn	remote
write	50	1107	119	(all µs)
read	50	752	185	(all µs)
write	95	1168	144	(all µs)
read	95	1212	230	(all µs)
write	99	1187	162	(all µs)
read	99	1252	267	(all µs)
write	100	1332	301	(all µs)
read	100	1863	862	(all µs)
# actual ops/s: 20812.55
# op	pct	sojourn	remote
write	50	1109	122	(all µs)
read	50	757	189	(all µs)
write	95	1173	147	(all µs)
read	95	1219	235	(all µs)
write	99	1190	164	(all µs)
read	99	1258	273	(all µs)
write	100	1885	883	(all µs)
read	100	1661	623	(all µs)
# actual ops/s: 20832.57
# op	pct	sojourn	remote
write	50	1112	127	(all µs)
read	50	766	196	(all µs)
write	95	1182	155	(all µs)
read	95	1228	243	(all µs)
write	99	1202	173	(all µs)
read	99	1269	278	(all µs)
write	100	1719	718	(all µs)
read	100	1761	714	(all µs)
# actual ops/s: 20823.00
# op	pct	sojourn	remote
write	50	1099	113	(all µs)
read	50	751	181	(all µs)
write	95	1164	138	(all µs)
read	95	1210	227	(all µs)
write	99	1181	156	(all µs)
read	99	1251	266	(all µs)
write	100	1372	369	(all µs)
read	100	1835	790	(all µs)
# actual ops/s: 20823.26
# op	pct	sojourn	remote
write	50	1082	96	(all µs)
read	50	735	162	(all µs)
write	95	1154	122	(all µs)
read	95	1198	210	(all µs)
write	99	1171	140	(all µs)
read	99	1239	250	(all µs)
write	100	1781	775	(all µs)
read	100	1926	877	(all µs)
# server stats:
uptime:
 22:55:19 up 32 min,  0 users,  load average: 1.34, 2.02, 1.76
memory: 25424