# actual ops/s: 706403.64
# op	pct	sojourn	remote
write	50	100003	2780	(all µs)
read	50	100003	13271	(all µs)
write	95	100003	5722	(all µs)
read	95	100003	27663	(all µs)
write	99	100003	14931	(all µs)
read	99	100003	36941	(all µs)
write	100	100003	30390	(all µs)
read	100	100003	59859	(all µs)
# actual ops/s: 706249.33
# op	pct	sojourn	remote
write	50	100003	2770	(all µs)
read	50	100003	13284	(all µs)
write	95	100003	5795	(all µs)
read	95	100003	27808	(all µs)
write	99	100003	15679	(all µs)
read	99	100003	37487	(all µs)
write	100	100003	36875	(all µs)
read	100	100003	59331	(all µs)
# actual ops/s: 708490.08
# op	pct	sojourn	remote
write	50	100003	2738	(all µs)
read	50	100003	13305	(all µs)
write	95	100003	5768	(all µs)
read	95	100003	27798	(all µs)
write	99	100003	15146	(all µs)
read	99	100003	37147	(all µs)
write	100	100003	35795	(all µs)
read	100	100003	60473	(all µs)
# actual ops/s: 704300.04
# op	pct	sojourn	remote
write	50	100003	2792	(all µs)
read	50	100003	13285	(all µs)
write	95	100003	5815	(all µs)
read	95	100003	27870	(all µs)
write	99	100003	14906	(all µs)
read	99	100003	37217	(all µs)
write	100	100003	36025	(all µs)
read	100	100003	59903	(all µs)
# actual ops/s: 707336.95
# op	pct	sojourn	remote
write	50	100003	2778	(all µs)
read	50	100003	13271	(all µs)
write	95	100003	5709	(all µs)
read	95	100003	27652	(all µs)
write	99	100003	15104	(all µs)
read	99	100003	37241	(all µs)
write	100	100003	36159	(all µs)
read	100	100003	56923	(all µs)
# actual ops/s: 705524.36
# op	pct	sojourn	remote
write	50	100003	2789	(all µs)
read	50	100003	13273	(all µs)
write	95	100003	5827	(all µs)
read	95	100003	27781	(all µs)
write	99	100003	15301	(all µs)
read	99	100003	37249	(all µs)
write	100	100003	31157	(all µs)
read	100	100003	58431	(all µs)
# actual ops/s: 706277.06
# op	pct	sojourn	remote
write	50	100003	2790	(all µs)
read	50	100003	13255	(all µs)
write	95	100003	5825	(all µs)
read	95	100003	27660	(all µs)
write	99	100003	15078	(all µs)
read	99	100003	37601	(all µs)
write	100	100003	33201	(all µs)
read	100	100003	55653	(all µs)
# actual ops/s: 705801.29
# op	pct	sojourn	remote
write	50	100003	2790	(all µs)
read	50	100003	13252	(all µs)
write	95	100003	5855	(all µs)
read	95	100003	27873	(all µs)
write	99	100003	15326	(all µs)
read	99	100003	37439	(all µs)
write	100	100003	35735	(all µs)
read	100	100003	51451	(all µs)
# actual ops/s: 706773.94
# op	pct	sojourn	remote
write	50	100003	2790	(all µs)
read	50	100003	13251	(all µs)
write	95	100003	5807	(all µs)
read	95	100003	27751	(all µs)
write	99	100003	15097	(all µs)
read	99	100003	37439	(all µs)
write	100	100003	31193	(all µs)
read	100	100003	55679	(all µs)
# actual ops/s: 707086.84
# op	pct	sojourn	remote
write	50	100003	2783	(all µs)
read	50	100003	13271	(all µs)
write	95	100003	5850	(all µs)
read	95	100003	27690	(all µs)
write	99	100003	14771	(all µs)
read	99	100003	37013	(all µs)
write	100	100003	30954	(all µs)
read	100	100003	60125	(all µs)
# actual ops/s: 707876.53
# op	pct	sojourn	remote
write	50	100003	2786	(all µs)
read	50	100003	13232	(all µs)
write	95	100003	5846	(all µs)
read	95	100003	27643	(all µs)
write	99	100003	15501	(all µs)
read	99	100003	37005	(all µs)
write	100	100003	34469	(all µs)
read	100	100003	50951	(all µs)
# actual ops/s: 710155.17
# op	pct	sojourn	remote
write	50	100003	2747	(all µs)
read	50	100003	13242	(all µs)
write	95	100003	5779	(all µs)
read	95	100003	27633	(all µs)
write	99	100003	15387	(all µs)
read	99	100003	36875	(all µs)
write	100	100003	31496	(all µs)
read	100	100003	51407	(all µs)
# server stats:
uptime:
 23:01:33 up 38 min,  0 users,  load average: 13.58, 6.96, 3.75
memory: 38988