# actual ops/s: 8323.26
# op	pct	sojourn	remote
write	50	0	0	(all µs)
read	50	737	126	(all µs)
write	95	0	0	(all µs)
read	95	1172	156	(all µs)
write	99	0	0	(all µs)
read	99	1192	176	(all µs)
write	100	0	0	(all µs)
read	100	1398	358	(all µs)
# actual ops/s: 8327.97
# op	pct	sojourn	remote
write	50	0	0	(all µs)
read	50	719	110	(all µs)
write	95	0	0	(all µs)
read	95	1156	140	(all µs)
write	99	0	0	(all µs)
read	99	1177	160	(all µs)
write	100	0	0	(all µs)
read	100	1440	396	(all µs)
# actual ops/s: 8348.13
# op	pct	sojourn	remote
write	50	0	0	(all µs)
read	50	719	109	(all µs)
write	95	0	0	(all µs)
read	95	1154	139	(all µs)
write	99	0	0	(all µs)
read	99	1176	162	(all µs)
write	100	0	0	(all µs)
read	100	1434	394	(all µs)
# actual ops/s: 8369.75
# op	pct	sojourn	remote
write	50	0	0	(all µs)
read	50	719	110	(all µs)
write	95	0	0	(all µs)
read	95	1156	140	(all µs)
write	99	0	0	(all µs)
read	99	1177	162	(all µs)
write	100	0	0	(all µs)
read	100	2033	993	(all µs)
# actual ops/s: 8339.07
# op	pct	sojourn	remote
write	50	0	0	(all µs)
read	50	744	133	(all µs)
write	95	0	0	(all µs)
read	95	1179	164	(all µs)
write	99	0	0	(all µs)
read	99	1201	186	(all µs)
write	100	0	0	(all µs)
read	100	1472	434	(all µs)
# actual ops/s: 8339.70
# op	pct	sojourn	remote
write	50	0	0	(all µs)
read	50	759	148	(all µs)
write	95	0	0	(all µs)
read	95	1195	178	(all µs)
write	99	0	0	(all µs)
read	99	1216	202	(all µs)
write	100	0	0	(all µs)
read	100	1447	401	(all µs)
# actual ops/s: 8318.91
# op	pct	sojourn	remote
write	50	0	0	(all µs)
read	50	758	149	(all µs)
write	95	0	0	(all µs)
read	95	1195	180	(all µs)
write	99	0	0	(all µs)
read	99	1217	200	(all µs)
write	100	0	0	(all µs)
read	100	1575	533	(all µs)
# actual ops/s: 8330.27
# op	pct	sojourn	remote
write	50	0	0	(all µs)
read	50	759	148	(all µs)
write	95	0	0	(all µs)
read	95	1194	178	(all µs)
write	99	0	0	(all µs)
read	99	1215	200	(all µs)
write	100	0	0	(all µs)
read	100	1467	426	(all µs)
# actual ops/s: 8332.26
# op	pct	sojourn	remote
write	50	0	0	(all µs)
read	50	758	147	(all µs)
write	95	0	0	(all µs)
read	95	1193	178	(all µs)
write	99	0	0	(all µs)
read	99	1215	199	(all µs)
write	100	0	0	(all µs)
read	100	1425	385	(all µs)
# actual ops/s: 8347.32
# op	pct	sojourn	remote
write	50	0	0	(all µs)
read	50	757	148	(all µs)
write	95	0	0	(all µs)
read	95	1194	179	(all µs)
write	99	0	0	(all µs)
read	99	1215	200	(all µs)
write	100	0	0	(all µs)
read	100	1489	448	(all µs)
# actual ops/s: 8340.99
# op	pct	sojourn	remote
write	50	0	0	(all µs)
read	50	757	143	(all µs)
write	95	0	0	(all µs)
read	95	1192	175	(all µs)
write	99	0	0	(all µs)
read	99	1215	196	(all µs)
write	100	0	0	(all µs)
read	100	2427	1384	(all µs)
# actual ops/s: 8324.02
# op	pct	sojourn	remote
write	50	0	0	(all µs)
read	50	749	136	(all µs)
write	95	0	0	(all µs)
read	95	1182	166	(all µs)
write	99	0	0	(all µs)
read	99	1203	187	(all µs)
write	100	0	0	(all µs)
read	100	1701	658	(all µs)
# server stats:
uptime:
 22:54:16 up 32 min,  0 users,  load average: 5.37, 5.41, 3.66
memory: 25536