# actual ops/s: 384407.71
# op	pct	sojourn	remote
write	50	100003	2772	(all µs)
read	50	100003	14862	(all µs)
write	95	100003	6027	(all µs)
read	95	100003	29442	(all µs)
write	99	100003	16547	(all µs)
read	99	100003	36327	(all µs)
write	100	100003	31427	(all µs)
read	100	100003	67547	(all µs)
# actual ops/s: 383763.70
# op	pct	sojourn	remote
write	50	100003	2760	(all µs)
read	50	100003	14893	(all µs)
write	95	100003	5970	(all µs)
read	95	100003	29568	(all µs)
write	99	100003	16194	(all µs)
read	99	100003	36861	(all µs)
write	100	100003	31527	(all µs)
read	100	100003	61415	(all µs)
# actual ops/s: 383428.43
# op	pct	sojourn	remote
write	50	100003	2743	(all µs)
read	50	100003	14882	(all µs)
write	95	100003	5977	(all µs)
read	95	100003	29534	(all µs)
write	99	100003	16198	(all µs)
read	99	100003	36523	(all µs)
write	100	100003	31373	(all µs)
read	100	100003	59023	(all µs)
# actual ops/s: 384163.33
# op	pct	sojourn	remote
write	50	100003	2761	(all µs)
read	50	100003	14829	(all µs)
write	95	100003	5984	(all µs)
read	95	100003	29472	(all µs)
write	99	100003	16564	(all µs)
read	99	100003	36755	(all µs)
write	100	100003	32726	(all µs)
read	100	100003	57523	(all µs)
# actual ops/s: 382743.85
# op	pct	sojourn	remote
write	50	100003	2778	(all µs)
read	50	100003	14929	(all µs)
write	95	100003	6047	(all µs)
read	95	100003	29575	(all µs)
write	99	100003	16378	(all µs)
read	99	100003	36725	(all µs)
write	100	100003	32634	(all µs)
read	100	100003	60271	(all µs)
# actual ops/s: 383214.82
# op	pct	sojourn	remote
write	50	100003	2777	(all µs)
read	50	100003	14921	(all µs)
write	95	100003	6068	(all µs)
read	95	100003	29486	(all µs)
write	99	100003	16165	(all µs)
read	99	100003	36359	(all µs)
write	100	100003	38691	(all µs)
read	100	100003	58809	(all µs)
# actual ops/s: 383697.71
# op	pct	sojourn	remote
write	50	100003	2768	(all µs)
read	50	100003	14807	(all µs)
write	95	100003	5987	(all µs)
read	95	100003	29489	(all µs)
write	99	100003	16288	(all µs)
read	99	100003	36513	(all µs)
write	100	100003	32463	(all µs)
read	100	100003	54755	(all µs)
# actual ops/s: 384924.12
# op	pct	sojourn	remote
write	50	100003	2743	(all µs)
read	50	100003	14811	(all µs)
write	95	100003	5994	(all µs)
read	95	100003	29362	(all µs)
write	99	100003	15804	(all µs)
read	99	100003	36691	(all µs)
write	100	100003	30920	(all µs)
read	100	100003	62173	(all µs)
# actual ops/s: 384049.26
# op	pct	sojourn	remote
write	50	100003	2757	(all µs)
read	50	100003	14886	(all µs)
write	95	100003	5990	(all µs)
read	95	100003	29414	(all µs)
write	99	100003	16263	(all µs)
read	99	100003	36419	(all µs)
write	100	100003	32497	(all µs)
read	100	100003	63355	(all µs)
# actual ops/s: 384563.37
# op	pct	sojourn	remote
write	50	100003	2762	(all µs)
read	50	100003	14835	(all µs)
write	95	100003	5983	(all µs)
read	95	100003	29417	(all µs)
write	99	100003	16252	(all µs)
read	99	100003	36707	(all µs)
write	100	100003	32797	(all µs)
read	100	100003	68515	(all µs)
# actual ops/s: 384551.25
# op	pct	sojourn	remote
write	50	100003	2758	(all µs)
read	50	100003	14859	(all µs)
write	95	100003	6024	(all µs)
read	95	100003	29403	(all µs)
write	99	100003	16426	(all µs)
read	99	100003	36261	(all µs)
write	100	100003	33337	(all µs)
read	100	100003	68427	(all µs)
# actual ops/s: 385448.72
# op	pct	sojourn	remote
write	50	100003	2731	(all µs)
read	50	100003	14812	(all µs)
write	95	100003	5951	(all µs)
read	95	100003	29404	(all µs)
write	99	100003	16239	(all µs)
read	99	100003	36783	(all µs)
write	100	100003	30429	(all µs)
read	100	100003	56303	(all µs)
# server stats:
uptime:
 22:18:11 up 42 min,  0 users,  load average: 13.15, 6.50, 4.04
memory: 39308