# actual ops/s: 8347.17
# op	pct	sojourn	remote
write	50	1105	103	(all µs)
read	50	735	127	(all µs)
write	95	1152	118	(all µs)
read	95	1170	156	(all µs)
write	99	1165	131	(all µs)
read	99	1192	173	(all µs)
write	100	1384	342	(all µs)
read	100	1871	829	(all µs)
# actual ops/s: 8329.50
# op	pct	sojourn	remote
write	50	1103	101	(all µs)
read	50	744	128	(all µs)
write	95	1163	121	(all µs)
read	95	1181	158	(all µs)
write	99	1176	133	(all µs)
read	99	1203	176	(all µs)
write	100	1343	292	(all µs)
read	100	1384	337	(all µs)
# actual ops/s: 8325.66
# op	pct	sojourn	remote
write	50	1093	92	(all µs)
read	50	731	120	(all µs)
write	95	1155	113	(all µs)
read	95	1172	149	(all µs)
write	99	1170	127	(all µs)
read	99	1194	168	(all µs)
write	100	1766	271	(all µs)
read	100	2030	1029	(all µs)
# actual ops/s: 8320.16
# op	pct	sojourn	remote
write	50	1120	118	(all µs)
read	50	743	142	(all µs)
write	95	1164	136	(all µs)
read	95	1181	172	(all µs)
write	99	1176	148	(all µs)
read	99	1203	190	(all µs)
write	100	1303	301	(all µs)
read	100	1681	645	(all µs)
# actual ops/s: 8309.65
# op	pct	sojourn	remote
write	50	1107	105	(all µs)
read	50	745	131	(all µs)
write	95	1174	126	(all µs)
read	95	1189	164	(all µs)
write	99	1188	139	(all µs)
read	99	1215	182	(all µs)
write	100	1374	372	(all µs)
read	100	1738	680	(all µs)
# actual ops/s: 8335.07
# op	pct	sojourn	remote
write	50	1122	121	(all µs)
read	50	758	149	(all µs)
write	95	1177	141	(all µs)
read	95	1197	178	(all µs)
write	99	1192	154	(all µs)
read	99	1218	198	(all µs)
write	100	1246	201	(all µs)
read	100	1878	834	(all µs)
# actual ops/s: 8336.44
# op	pct	sojourn	remote
write	50	1116	114	(all µs)
read	50	742	136	(all µs)
write	95	1162	129	(all µs)
read	95	1179	166	(all µs)
write	99	1173	139	(all µs)
read	99	1201	183	(all µs)
write	100	1296	293	(all µs)
read	100	1542	540	(all µs)
# actual ops/s: 8338.00
# op	pct	sojourn	remote
write	50	1114	112	(all µs)
read	50	739	135	(all µs)
write	95	1161	128	(all µs)
read	95	1178	164	(all µs)
write	99	1173	139	(all µs)
read	99	1199	181	(all µs)
write	100	1257	256	(all µs)
read	100	1561	518	(all µs)
# actual ops/s: 8328.10
# op	pct	sojourn	remote
write	50	1120	118	(all µs)
read	50	751	142	(all µs)
write	95	1171	135	(all µs)
read	95	1188	173	(all µs)
write	99	1184	148	(all µs)
read	99	1211	191	(all µs)
write	100	1265	264	(all µs)
read	100	1539	538	(all µs)
# actual ops/s: 8342.55
# op	pct	sojourn	remote
write	50	1124	122	(all µs)
read	50	761	150	(all µs)
write	95	1183	143	(all µs)
read	95	1201	181	(all µs)
write	99	1196	157	(all µs)
read	99	1223	200	(all µs)
write	100	1315	276	(all µs)
read	100	1545	495	(all µs)
# actual ops/s: 8352.31
# op	pct	sojourn	remote
write	50	1110	108	(all µs)
read	50	743	134	(all µs)
write	95	1162	126	(all µs)
read	95	1181	164	(all µs)
write	99	1175	138	(all µs)
read	99	1203	183	(all µs)
write	100	1454	409	(all µs)
read	100	1526	483	(all µs)
# actual ops/s: 8318.44
# op	pct	sojourn	remote
write	50	1093	92	(all µs)
read	50	733	118	(all µs)
write	95	1154	112	(all µs)
read	95	1171	148	(all µs)
write	99	1167	123	(all µs)
read	99	1193	168	(all µs)
write	100	1247	199	(all µs)
read	100	1509	462	(all µs)
# server stats:
uptime:
 22:54:26 up 31 min,  0 users,  load average: 2.04, 2.25, 1.82
memory: 25464