# actual ops/s: 41710.00
# op	pct	sojourn	remote
write	50	0	0	(all µs)
read	50	823	249	(all µs)
write	95	0	0	(all µs)
read	95	1283	333	(all µs)
write	99	0	0	(all µs)
read	99	1344	435	(all µs)
write	100	0	0	(all µs)
read	100	2034	991	(all µs)
# actual ops/s: 41645.28
# op	pct	sojourn	remote
write	50	0	0	(all µs)
read	50	814	238	(all µs)
write	95	0	0	(all µs)
read	95	1274	321	(all µs)
write	99	0	0	(all µs)
read	99	1334	426	(all µs)
write	100	0	0	(all µs)
read	100	2082	1035	(all µs)
# actual ops/s: 41681.99
# op	pct	sojourn	remote
write	50	0	0	(all µs)
read	50	831	257	(all µs)
write	95	0	0	(all µs)
read	95	1291	342	(all µs)
write	99	0	0	(all µs)
read	99	1354	441	(all µs)
write	100	0	0	(all µs)
read	100	2595	1555	(all µs)
# actual ops/s: 41650.29
# op	pct	sojourn	remote
write	50	0	0	(all µs)
read	50	823	247	(all µs)
write	95	0	0	(all µs)
read	95	1282	332	(all µs)
write	99	0	0	(all µs)
read	99	1344	437	(all µs)
write	100	0	0	(all µs)
read	100	2412	1366	(all µs)
# actual ops/s: 41632.79
# op	pct	sojourn	remote
write	50	0	0	(all µs)
read	50	813	237	(all µs)
write	95	0	0	(all µs)
read	95	1273	323	(all µs)
write	99	0	0	(all µs)
read	99	1336	431	(all µs)
write	100	0	0	(all µs)
read	100	1936	895	(all µs)
# actual ops/s: 41637.38
# op	pct	sojourn	remote
write	50	0	0	(all µs)
read	50	830	254	(all µs)
write	95	0	0	(all µs)
read	95	1290	339	(all µs)
write	99	0	0	(all µs)
read	99	1352	443	(all µs)
write	100	0	0	(all µs)
read	100	2547	1515	(all µs)
# actual ops/s: 41635.56
# op	pct	sojourn	remote
write	50	0	0	(all µs)
read	50	840	264	(all µs)
write	95	0	0	(all µs)
read	95	1299	350	(all µs)
write	99	0	0	(all µs)
read	99	1361	449	(all µs)
write	100	0	0	(all µs)
read	100	2009	970	(all µs)
# actual ops/s: 41643.88
# op	pct	sojourn	remote
write	50	0	0	(all µs)
read	50	826	253	(all µs)
write	95	0	0	(all µs)
read	95	1286	337	(all µs)
write	99	0	0	(all µs)
read	99	1348	441	(all µs)
write	100	0	0	(all µs)
read	100	2557	1515	(all µs)
# actual ops/s: 41627.19
# op	pct	sojourn	remote
write	50	0	0	(all µs)
read	50	811	236	(all µs)
write	95	0	0	(all µs)
read	95	1270	320	(all µs)
write	99	0	0	(all µs)
read	99	1332	419	(all µs)
write	100	0	0	(all µs)
read	100	2308	1267	(all µs)
# actual ops/s: 41604.65
# op	pct	sojourn	remote
write	50	0	0	(all µs)
read	50	827	253	(all µs)
write	95	0	0	(all µs)
read	95	1287	335	(all µs)
write	99	0	0	(all µs)
read	99	1347	443	(all µs)
write	100	0	0	(all µs)
read	100	1962	921	(all µs)
# actual ops/s: 41645.90
# op	pct	sojourn	remote
write	50	0	0	(all µs)
read	50	812	236	(all µs)
write	95	0	0	(all µs)
read	95	1272	318	(all µs)
write	99	0	0	(all µs)
read	99	1333	428	(all µs)
write	100	0	0	(all µs)
read	100	2055	1009	(all µs)
# actual ops/s: 41602.01
# op	pct	sojourn	remote
write	50	0	0	(all µs)
read	50	823	248	(all µs)
write	95	0	0	(all µs)
read	95	1282	333	(all µs)
write	99	0	0	(all µs)
read	99	1344	438	(all µs)
write	100	0	0	(all µs)
read	100	2059	1014	(all µs)
# server stats:
uptime:
 01:34:44 up 34 min,  0 users,  load average: 2.01, 3.74, 2.65
memory: 25400