# actual ops/s: 666966.59
# op	pct	sojourn	remote
write	50	2338	1792	(all µs)
read	50	7235	6700	(all µs)
write	95	6287	5254	(all µs)
read	95	15574	14730	(all µs)
write	99	11392	10739	(all µs)
read	99	22593	21924	(all µs)
write	100	27062	26059	(all µs)
read	100	41835	40833	(all µs)
# actual ops/s: 666911.58
# op	pct	sojourn	remote
write	50	2336	1793	(all µs)
read	50	7209	6681	(all µs)
write	95	6630	5388	(all µs)
read	95	15519	14546	(all µs)
write	99	11665	10942	(all µs)
read	99	22706	21922	(all µs)
write	100	27214	26200	(all µs)
read	100	41411	39143	(all µs)
# actual ops/s: 666979.29
# op	pct	sojourn	remote
write	50	2311	1771	(all µs)
read	50	7217	6689	(all µs)
write	95	6312	5519	(all µs)
read	95	15105	14407	(all µs)
write	99	11665	11036	(all µs)
read	99	21949	21296	(all µs)
write	100	26904	25890	(all µs)
read	100	41015	40013	(all µs)
# actual ops/s: 666659.56
# op	pct	sojourn	remote
write	50	2336	1800	(all µs)
read	50	7228	6686	(all µs)
write	95	6395	5473	(all µs)
read	95	15470	14672	(all µs)
write	99	11661	11042	(all µs)
read	99	22653	22017	(all µs)
write	100	28931	27921	(all µs)
read	100	40225	38565	(all µs)
# actual ops/s: 666743.55
# op	pct	sojourn	remote
write	50	2314	1770	(all µs)
read	50	7226	6689	(all µs)
write	95	6365	5442	(all µs)
read	95	15363	14627	(all µs)
write	99	12011	11342	(all µs)
read	99	22400	21724	(all µs)
write	100	25953	24937	(all µs)
read	100	42209	39537	(all µs)
# actual ops/s: 666963.55
# op	pct	sojourn	remote
write	50	2339	1799	(all µs)
read	50	7259	6724	(all µs)
write	95	6471	5499	(all µs)
read	95	15417	14629	(all µs)
write	99	11807	11115	(all µs)
read	99	22475	21653	(all µs)
write	100	25828	24806	(all µs)
read	100	40697	37085	(all µs)
# actual ops/s: 666871.95
# op	pct	sojourn	remote
write	50	2341	1797	(all µs)
read	50	7203	6671	(all µs)
write	95	6434	5485	(all µs)
read	95	15319	14559	(all µs)
write	99	11937	11257	(all µs)
read	99	22403	21632	(all µs)
write	100	27220	26218	(all µs)
read	100	41483	39139	(all µs)
# actual ops/s: 666800.07
# op	pct	sojourn	remote
write	50	2338	1803	(all µs)
read	50	7181	6644	(all µs)
write	95	6581	5429	(all µs)
read	95	15460	14555	(all µs)
write	99	11554	10932	(all µs)
read	99	22461	21678	(all µs)
write	100	29203	28201	(all µs)
read	100	39793	38791	(all µs)
# actual ops/s: 667204.01
# op	pct	sojourn	remote
write	50	2370	1828	(all µs)
read	50	7226	6685	(all µs)
write	95	6762	5551	(all µs)
read	95	15660	14682	(all µs)
write	99	11573	10851	(all µs)
read	99	22810	22017	(all µs)
write	100	29424	28414	(all µs)
read	100	43719	40535	(all µs)
# actual ops/s: 666688.21
# op	pct	sojourn	remote
write	50	2329	1784	(all µs)
read	50	7232	6695	(all µs)
write	95	6374	5356	(all µs)
read	95	15494	14650	(all µs)
write	99	11652	11007	(all µs)
read	99	22462	21709	(all µs)
write	100	26261	25243	(all µs)
read	100	39637	37809	(all µs)
# actual ops/s: 666700.23
# op	pct	sojourn	remote
write	50	2335	1788	(all µs)
read	50	7230	6687	(all µs)
write	95	6421	5338	(all µs)
read	95	15582	14788	(all µs)
write	99	11939	11293	(all µs)
read	99	22807	21997	(all µs)
write	100	28181	27179	(all µs)
read	100	40715	38009	(all µs)
# actual ops/s: 666659.13
# op	pct	sojourn	remote
write	50	2325	1788	(all µs)
read	50	7175	6642	(all µs)
write	95	6664	5454	(all µs)
read	95	15510	14533	(all µs)
write	99	11882	11149	(all µs)
read	99	22627	21713	(all µs)
write	100	30283	24164	(all µs)
read	100	43497	38327	(all µs)
# server stats:
uptime:
 23:00:34 up 37 min,  0 users,  load average: 11.21, 5.48, 3.12
memory: 33332