# actual ops/s: 8337.31
# op	pct	sojourn	remote
write	50	1121	119	(all µs)
read	50	752	145	(all µs)
write	95	1171	137	(all µs)
read	95	1191	176	(all µs)
write	99	1183	148	(all µs)
read	99	1213	194	(all µs)
write	100	1268	224	(all µs)
read	100	1344	302	(all µs)
# actual ops/s: 8335.89
# op	pct	sojourn	remote
write	50	1127	126	(all µs)
read	50	769	155	(all µs)
write	95	1195	149	(all µs)
read	95	1211	189	(all µs)
write	99	1209	160	(all µs)
read	99	1239	207	(all µs)
write	100	1341	283	(all µs)
read	100	1385	344	(all µs)
# actual ops/s: 8333.02
# op	pct	sojourn	remote
write	50	1091	89	(all µs)
read	50	722	114	(all µs)
write	95	1143	107	(all µs)
read	95	1160	144	(all µs)
write	99	1155	119	(all µs)
read	99	1182	162	(all µs)
write	100	1248	206	(all µs)
read	100	1331	290	(all µs)
# actual ops/s: 8322.47
# op	pct	sojourn	remote
write	50	1127	125	(all µs)
read	50	768	156	(all µs)
write	95	1185	146	(all µs)
read	95	1208	186	(all µs)
write	99	1200	158	(all µs)
read	99	1230	204	(all µs)
write	100	1265	262	(all µs)
read	100	1888	839	(all µs)
# actual ops/s: 8336.46
# op	pct	sojourn	remote
write	50	1100	98	(all µs)
read	50	736	127	(all µs)
write	95	1154	117	(all µs)
read	95	1175	157	(all µs)
write	99	1167	129	(all µs)
read	99	1197	176	(all µs)
write	100	1291	249	(all µs)
read	100	1350	303	(all µs)
# actual ops/s: 8313.73
# op	pct	sojourn	remote
write	50	1125	124	(all µs)
read	50	761	153	(all µs)
write	95	1179	143	(all µs)
read	95	1200	185	(all µs)
write	99	1192	158	(all µs)
read	99	1224	206	(all µs)
write	100	1583	580	(all µs)
read	100	2004	961	(all µs)
# actual ops/s: 8303.85
# op	pct	sojourn	remote
write	50	1120	118	(all µs)
read	50	753	146	(all µs)
write	95	1168	137	(all µs)
read	95	1189	177	(all µs)
write	99	1182	151	(all µs)
read	99	1212	198	(all µs)
write	100	1450	410	(all µs)
read	100	2046	1006	(all µs)
# actual ops/s: 8325.09
# op	pct	sojourn	remote
write	50	1094	91	(all µs)
read	50	723	117	(all µs)
write	95	1141	107	(all µs)
read	95	1160	145	(all µs)
write	99	1153	119	(all µs)
read	99	1181	162	(all µs)
write	100	1274	272	(all µs)
read	100	1352	311	(all µs)
# actual ops/s: 8326.60
# op	pct	sojourn	remote
write	50	1086	83	(all µs)
read	50	708	108	(all µs)
write	95	1127	99	(all µs)
read	95	1144	137	(all µs)
write	99	1138	111	(all µs)
read	99	1166	153	(all µs)
write	100	1288	286	(all µs)
read	100	1319	285	(all µs)
# actual ops/s: 8345.63
# op	pct	sojourn	remote
write	50	1127	126	(all µs)
read	50	769	156	(all µs)
write	95	1187	146	(all µs)
read	95	1208	187	(all µs)
write	99	1201	159	(all µs)
read	99	1231	205	(all µs)
write	100	1283	281	(all µs)
read	100	1453	452	(all µs)
# actual ops/s: 8349.97
# op	pct	sojourn	remote
write	50	1127	126	(all µs)
read	50	770	156	(all µs)
write	95	1187	147	(all µs)
read	95	1209	188	(all µs)
write	99	1201	160	(all µs)
read	99	1233	206	(all µs)
write	100	1291	288	(all µs)
read	100	1542	495	(all µs)
# actual ops/s: 8332.55
# op	pct	sojourn	remote
write	50	1105	103	(all µs)
read	50	745	132	(all µs)
write	95	1162	124	(all µs)
read	95	1183	164	(all µs)
write	99	1177	138	(all µs)
read	99	1206	184	(all µs)
write	100	1329	285	(all µs)
read	100	1709	665	(all µs)
# server stats:
uptime:
 22:12:45 up 37 min,  0 users,  load average: 2.77, 2.95, 2.70
memory: 25464