# actual ops/s: 166650.42
# op	pct	sojourn	remote
write	50	0	0	(all µs)
read	50	1616	990	(all µs)
write	95	0	0	(all µs)
read	95	2641	1995	(all µs)
write	99	0	0	(all µs)
read	99	3287	2642	(all µs)
write	100	0	0	(all µs)
read	100	33263	32262	(all µs)
# actual ops/s: 166615.02
# op	pct	sojourn	remote
write	50	0	0	(all µs)
read	50	1592	965	(all µs)
write	95	0	0	(all µs)
read	95	2614	1974	(all µs)
write	99	0	0	(all µs)
read	99	3256	2617	(all µs)
write	100	0	0	(all µs)
read	100	33901	32899	(all µs)
# actual ops/s: 166697.64
# op	pct	sojourn	remote
write	50	0	0	(all µs)
read	50	1588	962	(all µs)
write	95	0	0	(all µs)
read	95	2618	1974	(all µs)
write	99	0	0	(all µs)
read	99	3280	2647	(all µs)
write	100	0	0	(all µs)
read	100	34807	33805	(all µs)
# actual ops/s: 166729.87
# op	pct	sojourn	remote
write	50	0	0	(all µs)
read	50	1589	963	(all µs)
write	95	0	0	(all µs)
read	95	2607	1961	(all µs)
write	99	0	0	(all µs)
read	99	3255	2613	(all µs)
write	100	0	0	(all µs)
read	100	11090	10089	(all µs)
# actual ops/s: 166694.76
# op	pct	sojourn	remote
write	50	0	0	(all µs)
read	50	1616	986	(all µs)
write	95	0	0	(all µs)
read	95	2649	2009	(all µs)
write	99	0	0	(all µs)
read	99	3302	2665	(all µs)
write	100	0	0	(all µs)
read	100	16949	15909	(all µs)
# actual ops/s: 166612.75
# op	pct	sojourn	remote
write	50	0	0	(all µs)
read	50	1651	1023	(all µs)
write	95	0	0	(all µs)
read	95	2685	2038	(all µs)
write	99	0	0	(all µs)
read	99	3368	2741	(all µs)
write	100	0	0	(all µs)
read	100	18507	17505	(all µs)
# actual ops/s: 166636.70
# op	pct	sojourn	remote
write	50	0	0	(all µs)
read	50	1655	1027	(all µs)
write	95	0	0	(all µs)
read	95	2690	2044	(all µs)
write	99	0	0	(all µs)
read	99	3331	2689	(all µs)
write	100	0	0	(all µs)
read	100	34567	33565	(all µs)
# actual ops/s: 166736.82
# op	pct	sojourn	remote
write	50	0	0	(all µs)
read	50	1655	1024	(all µs)
write	95	0	0	(all µs)
read	95	2687	2044	(all µs)
write	99	0	0	(all µs)
read	99	3357	2709	(all µs)
write	100	0	0	(all µs)
read	100	27253	26209	(all µs)
# actual ops/s: 166616.44
# op	pct	sojourn	remote
write	50	0	0	(all µs)
read	50	1650	1021	(all µs)
write	95	0	0	(all µs)
read	95	2674	2027	(all µs)
write	99	0	0	(all µs)
read	99	3346	2704	(all µs)
write	100	0	0	(all µs)
read	100	28477	27475	(all µs)
# actual ops/s: 166655.30
# op	pct	sojourn	remote
write	50	0	0	(all µs)
read	50	1651	1021	(all µs)
write	95	0	0	(all µs)
read	95	2679	2035	(all µs)
write	99	0	0	(all µs)
read	99	3330	2693	(all µs)
write	100	0	0	(all µs)
read	100	24446	23404	(all µs)
# actual ops/s: 166742.50
# op	pct	sojourn	remote
write	50	0	0	(all µs)
read	50	1641	1005	(all µs)
write	95	0	0	(all µs)
read	95	2678	2033	(all µs)
write	99	0	0	(all µs)
read	99	3321	2669	(all µs)
write	100	0	0	(all µs)
read	100	24811	23773	(all µs)
# actual ops/s: 166654.91
# op	pct	sojourn	remote
write	50	0	0	(all µs)
read	50	1627	1000	(all µs)
write	95	0	0	(all µs)
read	95	2663	2019	(all µs)
write	99	0	0	(all µs)
read	99	3348	2697	(all µs)
write	100	0	0	(all µs)
read	100	20710	19708	(all µs)
# server stats:
uptime:
 22:57:46 up 35 min,  0 users,  load average: 5.27, 4.58, 3.62
memory: 29904