# actual ops/s: 166663.23
# op	pct	sojourn	remote
write	50	0	0	(all µs)
read	50	1229	627	(all µs)
write	95	0	0	(all µs)
read	95	2022	1321	(all µs)
write	99	0	0	(all µs)
read	99	17841	17144	(all µs)
write	100	0	0	(all µs)
read	100	36131	35131	(all µs)
# actual ops/s: 166591.51
# op	pct	sojourn	remote
write	50	0	0	(all µs)
read	50	1212	605	(all µs)
write	95	0	0	(all µs)
read	95	2017	1313	(all µs)
write	99	0	0	(all µs)
read	99	18494	17729	(all µs)
write	100	0	0	(all µs)
read	100	37005	36003	(all µs)
# actual ops/s: 166602.08
# op	pct	sojourn	remote
write	50	0	0	(all µs)
read	50	1244	641	(all µs)
write	95	0	0	(all µs)
read	95	2046	1355	(all µs)
write	99	0	0	(all µs)
read	99	18001	17363	(all µs)
write	100	0	0	(all µs)
read	100	41487	40485	(all µs)
# actual ops/s: 166784.26
# op	pct	sojourn	remote
write	50	0	0	(all µs)
read	50	1230	627	(all µs)
write	95	0	0	(all µs)
read	95	2025	1322	(all µs)
write	99	0	0	(all µs)
read	99	17834	17231	(all µs)
write	100	0	0	(all µs)
read	100	37709	36707	(all µs)
# actual ops/s: 166715.57
# op	pct	sojourn	remote
write	50	0	0	(all µs)
read	50	1207	600	(all µs)
write	95	0	0	(all µs)
read	95	2010	1306	(all µs)
write	99	0	0	(all µs)
read	99	18374	17789	(all µs)
write	100	0	0	(all µs)
read	100	40313	39311	(all µs)
# actual ops/s: 166619.21
# op	pct	sojourn	remote
write	50	0	0	(all µs)
read	50	1237	634	(all µs)
write	95	0	0	(all µs)
read	95	2045	1336	(all µs)
write	99	0	0	(all µs)
read	99	18591	18008	(all µs)
write	100	0	0	(all µs)
read	100	38763	37761	(all µs)
# actual ops/s: 166605.35
# op	pct	sojourn	remote
write	50	0	0	(all µs)
read	50	1255	652	(all µs)
write	95	0	0	(all µs)
read	95	2072	1382	(all µs)
write	99	0	0	(all µs)
read	99	17880	17314	(all µs)
write	100	0	0	(all µs)
read	100	38191	37189	(all µs)
# actual ops/s: 166674.30
# op	pct	sojourn	remote
write	50	0	0	(all µs)
read	50	1240	636	(all µs)
write	95	0	0	(all µs)
read	95	2042	1347	(all µs)
write	99	0	0	(all µs)
read	99	17497	16831	(all µs)
write	100	0	0	(all µs)
read	100	37531	36531	(all µs)
# actual ops/s: 166659.89
# op	pct	sojourn	remote
write	50	0	0	(all µs)
read	50	1211	604	(all µs)
write	95	0	0	(all µs)
read	95	2014	1319	(all µs)
write	99	0	0	(all µs)
read	99	18388	17703	(all µs)
write	100	0	0	(all µs)
read	100	37553	36551	(all µs)
# actual ops/s: 166686.54
# op	pct	sojourn	remote
write	50	0	0	(all µs)
read	50	1239	636	(all µs)
write	95	0	0	(all µs)
read	95	2026	1328	(all µs)
write	99	0	0	(all µs)
read	99	17796	17261	(all µs)
write	100	0	0	(all µs)
read	100	39193	38189	(all µs)
# actual ops/s: 166711.57
# op	pct	sojourn	remote
write	50	0	0	(all µs)
read	50	1214	607	(all µs)
write	95	0	0	(all µs)
read	95	2021	1320	(all µs)
write	99	0	0	(all µs)
read	99	18419	17849	(all µs)
write	100	0	0	(all µs)
read	100	37237	36235	(all µs)
# actual ops/s: 166592.96
# op	pct	sojourn	remote
write	50	0	0	(all µs)
read	50	1228	627	(all µs)
write	95	0	0	(all µs)
read	95	2026	1328	(all µs)
write	99	0	0	(all µs)
read	99	17818	17391	(all µs)
write	100	0	0	(all µs)
read	100	34831	33829	(all µs)
# server stats:
uptime:
 01:36:29 up 36 min,  0 users,  load average: 3.29, 3.54, 2.68
memory: 29244