# actual ops/s: 666677.33
# op	pct	sojourn	remote
write	50	0	0	(all µs)
read	50	5036	4479	(all µs)
write	95	0	0	(all µs)
read	95	9164	8589	(all µs)
write	99	0	0	(all µs)
read	99	11312	10735	(all µs)
write	100	0	0	(all µs)
read	100	22487	21485	(all µs)
# actual ops/s: 666735.48
# op	pct	sojourn	remote
write	50	0	0	(all µs)
read	50	5038	4482	(all µs)
write	95	0	0	(all µs)
read	95	9098	8523	(all µs)
write	99	0	0	(all µs)
read	99	11318	10771	(all µs)
write	100	0	0	(all µs)
read	100	21350	20347	(all µs)
# actual ops/s: 666688.41
# op	pct	sojourn	remote
write	50	0	0	(all µs)
read	50	5043	4490	(all µs)
write	95	0	0	(all µs)
read	95	9115	8530	(all µs)
write	99	0	0	(all µs)
read	99	11325	10759	(all µs)
write	100	0	0	(all µs)
read	100	19414	18379	(all µs)
# actual ops/s: 666526.13
# op	pct	sojourn	remote
write	50	0	0	(all µs)
read	50	5042	4490	(all µs)
write	95	0	0	(all µs)
read	95	9130	8545	(all µs)
write	99	0	0	(all µs)
read	99	11366	10768	(all µs)
write	100	0	0	(all µs)
read	100	21834	20799	(all µs)
# actual ops/s: 666745.36
# op	pct	sojourn	remote
write	50	0	0	(all µs)
read	50	5000	4448	(all µs)
write	95	0	0	(all µs)
read	95	9155	8594	(all µs)
write	99	0	0	(all µs)
read	99	11402	10824	(all µs)
write	100	0	0	(all µs)
read	100	19696	18663	(all µs)
# actual ops/s: 666554.02
# op	pct	sojourn	remote
write	50	0	0	(all µs)
read	50	5007	4455	(all µs)
write	95	0	0	(all µs)
read	95	9111	8524	(all µs)
write	99	0	0	(all µs)
read	99	11293	10698	(all µs)
write	100	0	0	(all µs)
read	100	25791	24788	(all µs)
# actual ops/s: 666758.07
# op	pct	sojourn	remote
write	50	0	0	(all µs)
read	50	5051	4495	(all µs)
write	95	0	0	(all µs)
read	95	9137	8558	(all µs)
write	99	0	0	(all µs)
read	99	11266	10676	(all µs)
write	100	0	0	(all µs)
read	100	20633	19597	(all µs)
# actual ops/s: 666678.05
# op	pct	sojourn	remote
write	50	0	0	(all µs)
read	50	5022	4474	(all µs)
write	95	0	0	(all µs)
read	95	9157	8580	(all µs)
write	99	0	0	(all µs)
read	99	11352	10774	(all µs)
write	100	0	0	(all µs)
read	100	23990	22959	(all µs)
# actual ops/s: 666795.43
# op	pct	sojourn	remote
write	50	0	0	(all µs)
read	50	4966	4414	(all µs)
write	95	0	0	(all µs)
read	95	9097	8518	(all µs)
write	99	0	0	(all µs)
read	99	11282	10701	(all µs)
write	100	0	0	(all µs)
read	100	23301	22270	(all µs)
# actual ops/s: 666968.50
# op	pct	sojourn	remote
write	50	0	0	(all µs)
read	50	5030	4475	(all µs)
write	95	0	0	(all µs)
read	95	9163	8583	(all µs)
write	99	0	0	(all µs)
read	99	11328	10749	(all µs)
write	100	0	0	(all µs)
read	100	21429	20388	(all µs)
# actual ops/s: 667075.27
# op	pct	sojourn	remote
write	50	0	0	(all µs)
read	50	4970	4417	(all µs)
write	95	0	0	(all µs)
read	95	9095	8517	(all µs)
write	99	0	0	(all µs)
read	99	11235	10658	(all µs)
write	100	0	0	(all µs)
read	100	21872	20837	(all µs)
# actual ops/s: 666658.09
# op	pct	sojourn	remote
write	50	0	0	(all µs)
read	50	4983	4427	(all µs)
write	95	0	0	(all µs)
read	95	9127	8554	(all µs)
write	99	0	0	(all µs)
read	99	11266	10669	(all µs)
write	100	0	0	(all µs)
read	100	21178	20148	(all µs)
# server stats:
uptime:
 01:39:07 up 39 min,  0 users,  load average: 11.18, 6.14, 3.75
memory: 32856