# actual ops/s: 83342.57
# op	pct	sojourn	remote
write	50	0	0	(all µs)
read	50	991	386	(all µs)
write	95	0	0	(all µs)
read	95	1593	923	(all µs)
write	99	0	0	(all µs)
read	99	2733	2090	(all µs)
write	100	0	0	(all µs)
read	100	5954	4913	(all µs)
# actual ops/s: 83368.36
# op	pct	sojourn	remote
write	50	0	0	(all µs)
read	50	979	371	(all µs)
write	95	0	0	(all µs)
read	95	1593	933	(all µs)
write	99	0	0	(all µs)
read	99	2744	2081	(all µs)
write	100	0	0	(all µs)
read	100	5847	4804	(all µs)
# actual ops/s: 83292.29
# op	pct	sojourn	remote
write	50	0	0	(all µs)
read	50	993	394	(all µs)
write	95	0	0	(all µs)
read	95	1540	815	(all µs)
write	99	0	0	(all µs)
read	99	2648	1987	(all µs)
write	100	0	0	(all µs)
read	100	6996	5956	(all µs)
# actual ops/s: 83331.82
# op	pct	sojourn	remote
write	50	0	0	(all µs)
read	50	989	385	(all µs)
write	95	0	0	(all µs)
read	95	1577	886	(all µs)
write	99	0	0	(all µs)
read	99	2728	2090	(all µs)
write	100	0	0	(all µs)
read	100	6340	5298	(all µs)
# actual ops/s: 83334.56
# op	pct	sojourn	remote
write	50	0	0	(all µs)
read	50	971	369	(all µs)
write	95	0	0	(all µs)
read	95	1521	794	(all µs)
write	99	0	0	(all µs)
read	99	2655	2028	(all µs)
write	100	0	0	(all µs)
read	100	6126	5084	(all µs)
# actual ops/s: 83317.15
# op	pct	sojourn	remote
write	50	0	0	(all µs)
read	50	991	390	(all µs)
write	95	0	0	(all µs)
read	95	1550	834	(all µs)
write	99	0	0	(all µs)
read	99	2682	2030	(all µs)
write	100	0	0	(all µs)
read	100	100003	100003	(all µs)
# actual ops/s: 83315.40
# op	pct	sojourn	remote
write	50	0	0	(all µs)
read	50	1004	402	(all µs)
write	95	0	0	(all µs)
read	95	1598	925	(all µs)
write	99	0	0	(all µs)
read	99	2755	2130	(all µs)
write	100	0	0	(all µs)
read	100	6090	5049	(all µs)
# actual ops/s: 83306.10
# op	pct	sojourn	remote
write	50	0	0	(all µs)
read	50	996	391	(all µs)
write	95	0	0	(all µs)
read	95	1601	948	(all µs)
write	99	0	0	(all µs)
read	99	2748	2124	(all µs)
write	100	0	0	(all µs)
read	100	5608	4567	(all µs)
# actual ops/s: 83331.80
# op	pct	sojourn	remote
write	50	0	0	(all µs)
read	50	972	367	(all µs)
write	95	0	0	(all µs)
read	95	1556	878	(all µs)
write	99	0	0	(all µs)
read	99	2686	2064	(all µs)
write	100	0	0	(all µs)
read	100	6333	5292	(all µs)
# actual ops/s: 83321.05
# op	pct	sojourn	remote
write	50	0	0	(all µs)
read	50	988	388	(all µs)
write	95	0	0	(all µs)
read	95	1542	823	(all µs)
write	99	0	0	(all µs)
read	99	2622	1981	(all µs)
write	100	0	0	(all µs)
read	100	6484	5443	(all µs)
# actual ops/s: 83302.35
# op	pct	sojourn	remote
write	50	0	0	(all µs)
read	50	971	371	(all µs)
write	95	0	0	(all µs)
read	95	1515	768	(all µs)
write	99	0	0	(all µs)
read	99	2596	1950	(all µs)
write	100	0	0	(all µs)
read	100	7363	6319	(all µs)
# actual ops/s: 83382.64
# op	pct	sojourn	remote
write	50	0	0	(all µs)
read	50	991	385	(all µs)
write	95	0	0	(all µs)
read	95	1597	940	(all µs)
write	99	0	0	(all µs)
read	99	2735	2109	(all µs)
write	100	0	0	(all µs)
read	100	6147	5104	(all µs)
# server stats:
uptime:
 01:35:37 up 35 min,  0 users,  load average: 1.81, 3.42, 2.60
memory: 26028