# actual ops/s: 500072.43
# op	pct	sojourn	remote
write	50	1591	587	(all µs)
read	50	2723	2177	(all µs)
write	95	1591	587	(all µs)
read	95	5341	4755	(all µs)
write	99	1591	587	(all µs)
read	99	6621	5998	(all µs)
write	100	1591	587	(all µs)
read	100	10842	9840	(all µs)
# actual ops/s: 500007.13
# op	pct	sojourn	remote
write	50	0	0	(all µs)
read	50	2697	2145	(all µs)
write	95	0	0	(all µs)
read	95	5343	4761	(all µs)
write	99	0	0	(all µs)
read	99	6644	6025	(all µs)
write	100	0	0	(all µs)
read	100	10113	9073	(all µs)
# actual ops/s: 500053.63
# op	pct	sojourn	remote
write	50	0	0	(all µs)
read	50	2726	2183	(all µs)
write	95	0	0	(all µs)
read	95	5356	4774	(all µs)
write	99	0	0	(all µs)
read	99	6683	6068	(all µs)
write	100	0	0	(all µs)
read	100	10244	9241	(all µs)
# actual ops/s: 500183.12
# op	pct	sojourn	remote
write	50	0	0	(all µs)
read	50	2716	2170	(all µs)
write	95	0	0	(all µs)
read	95	5321	4734	(all µs)
write	99	0	0	(all µs)
read	99	6624	6016	(all µs)
write	100	0	0	(all µs)
read	100	10839	9799	(all µs)
# actual ops/s: 499853.32
# op	pct	sojourn	remote
write	50	0	0	(all µs)
read	50	2680	2128	(all µs)
write	95	0	0	(all µs)
read	95	5311	4733	(all µs)
write	99	0	0	(all µs)
read	99	6618	5986	(all µs)
write	100	0	0	(all µs)
read	100	10707	9704	(all µs)
# actual ops/s: 499850.66
# op	pct	sojourn	remote
write	50	0	0	(all µs)
read	50	2720	2174	(all µs)
write	95	0	0	(all µs)
read	95	5326	4736	(all µs)
write	99	0	0	(all µs)
read	99	6632	6008	(all µs)
write	100	0	0	(all µs)
read	100	9464	8419	(all µs)
# actual ops/s: 500054.72
# op	pct	sojourn	remote
write	50	0	0	(all µs)
read	50	2745	2199	(all µs)
write	95	0	0	(all µs)
read	95	5352	4768	(all µs)
write	99	0	0	(all µs)
read	99	6671	6063	(all µs)
write	100	0	0	(all µs)
read	100	9994	8948	(all µs)
# actual ops/s: 499945.94
# op	pct	sojourn	remote
write	50	0	0	(all µs)
read	50	2719	2175	(all µs)
write	95	0	0	(all µs)
read	95	5336	4760	(all µs)
write	99	0	0	(all µs)
read	99	6664	6057	(all µs)
write	100	0	0	(all µs)
read	100	11044	9997	(all µs)
# actual ops/s: 500099.68
# op	pct	sojourn	remote
write	50	0	0	(all µs)
read	50	2672	2116	(all µs)
write	95	0	0	(all µs)
read	95	5312	4728	(all µs)
write	99	0	0	(all µs)
read	99	6648	6054	(all µs)
write	100	0	0	(all µs)
read	100	10398	9359	(all µs)
# actual ops/s: 499883.74
# op	pct	sojourn	remote
write	50	0	0	(all µs)
read	50	2712	2167	(all µs)
write	95	0	0	(all µs)
read	95	5365	4778	(all µs)
write	99	0	0	(all µs)
read	99	6647	6033	(all µs)
write	100	0	0	(all µs)
read	100	17253	16249	(all µs)
# actual ops/s: 499914.88
# op	pct	sojourn	remote
write	50	0	0	(all µs)
read	50	2689	2132	(all µs)
write	95	0	0	(all µs)
read	95	5310	4716	(all µs)
write	99	0	0	(all µs)
read	99	6615	5993	(all µs)
write	100	0	0	(all µs)
read	100	17538	16497	(all µs)
# actual ops/s: 500153.47
# op	pct	sojourn	remote
write	50	0	0	(all µs)
read	50	2712	2165	(all µs)
write	95	0	0	(all µs)
read	95	5332	4727	(all µs)
write	99	0	0	(all µs)
read	99	6666	6042	(all µs)
write	100	0	0	(all µs)
read	100	17066	16018	(all µs)
# server stats:
uptime:
 01:38:14 up 38 min,  0 users,  load average: 7.92, 4.89, 3.25
memory: 32980