# actual ops/s: 166681.91
# op	pct	sojourn	remote
write	50	888	280	(all µs)
read	50	1567	949	(all µs)
write	95	1379	568	(all µs)
read	95	2484	1850	(all µs)
write	99	1670	853	(all µs)
read	99	3056	2408	(all µs)
write	100	7283	6244	(all µs)
read	100	37189	36187	(all µs)
# actual ops/s: 166701.36
# op	pct	sojourn	remote
write	50	901	291	(all µs)
read	50	1583	963	(all µs)
write	95	1395	585	(all µs)
read	95	2530	1903	(all µs)
write	99	1692	877	(all µs)
read	99	3111	2470	(all µs)
write	100	4636	3634	(all µs)
read	100	30107	29105	(all µs)
# actual ops/s: 166653.66
# op	pct	sojourn	remote
write	50	860	253	(all µs)
read	50	1519	900	(all µs)
write	95	1351	541	(all µs)
read	95	2439	1798	(all µs)
write	99	1631	822	(all µs)
read	99	3001	2357	(all µs)
write	100	3891	2889	(all µs)
read	100	37549	36511	(all µs)
# actual ops/s: 166595.54
# op	pct	sojourn	remote
write	50	900	291	(all µs)
read	50	1580	958	(all µs)
write	95	1396	593	(all µs)
read	95	2514	1881	(all µs)
write	99	1694	884	(all µs)
read	99	3094	2453	(all µs)
write	100	13538	12491	(all µs)
read	100	17670	16667	(all µs)
# actual ops/s: 166711.07
# op	pct	sojourn	remote
write	50	869	263	(all µs)
read	50	1550	931	(all µs)
write	95	1361	543	(all µs)
read	95	2477	1842	(all µs)
write	99	1656	852	(all µs)
read	99	3043	2407	(all µs)
write	100	7764	6762	(all µs)
read	100	9176	8173	(all µs)
# actual ops/s: 166696.61
# op	pct	sojourn	remote
write	50	897	289	(all µs)
read	50	1584	965	(all µs)
write	95	1388	575	(all µs)
read	95	2509	1877	(all µs)
write	99	1684	866	(all µs)
read	99	3078	2424	(all µs)
write	100	3641	2640	(all µs)
read	100	23390	22386	(all µs)
# actual ops/s: 166623.45
# op	pct	sojourn	remote
write	50	890	282	(all µs)
read	50	1567	947	(all µs)
write	95	1383	573	(all µs)
read	95	2486	1854	(all µs)
write	99	1682	884	(all µs)
read	99	3040	2391	(all µs)
write	100	11521	10520	(all µs)
read	100	38753	37751	(all µs)
# actual ops/s: 166660.97
# op	pct	sojourn	remote
write	50	863	254	(all µs)
read	50	1526	905	(all µs)
write	95	1358	561	(all µs)
read	95	2453	1823	(all µs)
write	99	1656	844	(all µs)
read	99	3011	2366	(all µs)
write	100	6845	5844	(all µs)
read	100	18214	17212	(all µs)
# actual ops/s: 166715.28
# op	pct	sojourn	remote
write	50	849	246	(all µs)
read	50	1503	886	(all µs)
write	95	1340	542	(all µs)
read	95	2426	1802	(all µs)
write	99	1635	829	(all µs)
read	99	2986	2337	(all µs)
write	100	8176	7173	(all µs)
read	100	37381	36379	(all µs)
# actual ops/s: 166628.38
# op	pct	sojourn	remote
write	50	897	288	(all µs)
read	50	1571	950	(all µs)
write	95	1391	580	(all µs)
read	95	2491	1862	(all µs)
write	99	1677	876	(all µs)
read	99	3072	2426	(all µs)
write	100	5540	4538	(all µs)
read	100	41407	40363	(all µs)
# actual ops/s: 166704.15
# op	pct	sojourn	remote
write	50	902	291	(all µs)
read	50	1590	969	(all µs)
write	95	1393	575	(all µs)
read	95	2520	1888	(all µs)
write	99	1678	889	(all µs)
read	99	3093	2446	(all µs)
write	100	6048	5046	(all µs)
read	100	37219	36215	(all µs)
# actual ops/s: 166755.09
# op	pct	sojourn	remote
write	50	874	264	(all µs)
read	50	1546	924	(all µs)
write	95	1364	556	(all µs)
read	95	2470	1841	(all µs)
write	99	1662	865	(all µs)
read	99	3030	2379	(all µs)
write	100	3467	2417	(all µs)
read	100	22954	21909	(all µs)
# server stats:
uptime:
 22:16:14 up 40 min,  0 users,  load average: 4.75, 3.26, 2.83
memory: 29812