# actual ops/s: 8324.29
# op	pct	sojourn	remote
write	50	1417	435	(all µs)
read	50	867	255	(all µs)
write	95	2306	1391	(all µs)
read	95	1305	329	(all µs)
write	99	3093	2134	(all µs)
read	99	1357	411	(all µs)
write	100	34287	33251	(all µs)
read	100	14835	13808	(all µs)
# actual ops/s: 8322.90
# op	pct	sojourn	remote
write	50	1432	450	(all µs)
read	50	889	276	(all µs)
write	95	2320	1385	(all µs)
read	95	1335	353	(all µs)
write	99	3081	2124	(all µs)
read	99	1391	432	(all µs)
write	100	34339	33337	(all µs)
read	100	2895	1858	(all µs)
# actual ops/s: 8294.96
# op	pct	sojourn	remote
write	50	1388	405	(all µs)
read	50	836	225	(all µs)
write	95	2282	1339	(all µs)
read	95	1275	297	(all µs)
write	99	3115	2123	(all µs)
read	99	1327	377	(all µs)
write	100	32024	31023	(all µs)
read	100	16187	15147	(all µs)
# actual ops/s: 8345.24
# op	pct	sojourn	remote
write	50	1428	447	(all µs)
read	50	887	274	(all µs)
write	95	2284	1365	(all µs)
read	95	1329	344	(all µs)
write	99	3092	2174	(all µs)
read	99	1378	426	(all µs)
write	100	43253	42223	(all µs)
read	100	2774	1773	(all µs)
# actual ops/s: 8333.79
# op	pct	sojourn	remote
write	50	1402	417	(all µs)
read	50	852	241	(all µs)
write	95	2321	1361	(all µs)
read	95	1293	311	(all µs)
write	99	3091	2129	(all µs)
read	99	1342	390	(all µs)
write	100	32935	31901	(all µs)
read	100	30018	28971	(all µs)
# actual ops/s: 8313.43
# op	pct	sojourn	remote
write	50	1422	441	(all µs)
read	50	872	261	(all µs)
write	95	2335	1427	(all µs)
read	95	1311	333	(all µs)
write	99	3083	2191	(all µs)
read	99	1363	407	(all µs)
write	100	43295	42279	(all µs)
read	100	5363	4336	(all µs)
# actual ops/s: 8354.09
# op	pct	sojourn	remote
write	50	1408	427	(all µs)
read	50	856	249	(all µs)
write	95	2311	1412	(all µs)
read	95	1295	320	(all µs)
write	99	3054	2172	(all µs)
read	99	1347	403	(all µs)
write	100	35707	34669	(all µs)
read	100	12682	11648	(all µs)
# actual ops/s: 8301.06
# op	pct	sojourn	remote
write	50	1384	400	(all µs)
read	50	832	221	(all µs)
write	95	2247	1344	(all µs)
read	95	1268	289	(all µs)
write	99	3065	2160	(all µs)
read	99	1317	371	(all µs)
write	100	40293	39291	(all µs)
read	100	2820	1790	(all µs)
# actual ops/s: 8316.49
# op	pct	sojourn	remote
write	50	1372	394	(all µs)
read	50	818	213	(all µs)
write	95	2243	1316	(all µs)
read	95	1254	286	(all µs)
write	99	3060	2114	(all µs)
read	99	1306	367	(all µs)
write	100	37037	36037	(all µs)
read	100	6260	5239	(all µs)
# actual ops/s: 8325.85
# op	pct	sojourn	remote
write	50	1431	448	(all µs)
read	50	888	274	(all µs)
write	95	2323	1395	(all µs)
read	95	1329	346	(all µs)
write	99	3126	2154	(all µs)
read	99	1381	430	(all µs)
write	100	35993	34991	(all µs)
read	100	2888	1858	(all µs)
# actual ops/s: 8326.59
# op	pct	sojourn	remote
write	50	1434	452	(all µs)
read	50	890	277	(all µs)
write	95	2322	1419	(all µs)
read	95	1332	347	(all µs)
write	99	3054	2121	(all µs)
read	99	1382	429	(all µs)
write	100	50363	49361	(all µs)
read	100	10902	9875	(all µs)
# actual ops/s: 8322.72
# op	pct	sojourn	remote
write	50	1406	423	(all µs)
read	50	861	247	(all µs)
write	95	2309	1399	(all µs)
read	95	1301	317	(all µs)
write	99	3181	2221	(all µs)
read	99	1350	399	(all µs)
write	100	36723	35687	(all µs)
read	100	2767	1735	(all µs)
# server stats:
uptime:
 22:09:33 up 33 min,  0 users,  load average: 2.75, 2.42, 2.49
disk:
409612	/opt/mssql-ramdisk/data/
tables:
art                                                                                                                                              5712
awvc                                                                                                                                             4296
vt                                                                                                                                              46416
