# actual ops/s: 8333.49
# op	pct	sojourn	remote
write	50	0	0	(all µs)
read	50	824	212	(all µs)
write	95	0	0	(all µs)
read	95	1261	263	(all µs)
write	99	0	0	(all µs)
read	99	1297	311	(all µs)
write	100	0	0	(all µs)
read	100	1764	724	(all µs)
# actual ops/s: 8325.24
# op	pct	sojourn	remote
write	50	0	0	(all µs)
read	50	810	197	(all µs)
write	95	0	0	(all µs)
read	95	1246	251	(all µs)
write	99	0	0	(all µs)
read	99	1284	296	(all µs)
write	100	0	0	(all µs)
read	100	1605	564	(all µs)
# actual ops/s: 8311.32
# op	pct	sojourn	remote
write	50	0	0	(all µs)
read	50	810	196	(all µs)
write	95	0	0	(all µs)
read	95	1246	249	(all µs)
write	99	0	0	(all µs)
read	99	1283	296	(all µs)
write	100	0	0	(all µs)
read	100	1471	427	(all µs)
# actual ops/s: 8323.93
# op	pct	sojourn	remote
write	50	0	0	(all µs)
read	50	811	197	(all µs)
write	95	0	0	(all µs)
read	95	1246	249	(all µs)
write	99	0	0	(all µs)
read	99	1282	297	(all µs)
write	100	0	0	(all µs)
read	100	1466	426	(all µs)
# actual ops/s: 8329.04
# op	pct	sojourn	remote
write	50	0	0	(all µs)
read	50	834	219	(all µs)
write	95	0	0	(all µs)
read	95	1268	272	(all µs)
write	99	0	0	(all µs)
read	99	1305	320	(all µs)
write	100	0	0	(all µs)
read	100	12064	11018	(all µs)
# actual ops/s: 8354.91
# op	pct	sojourn	remote
write	50	0	0	(all µs)
read	50	845	232	(all µs)
write	95	0	0	(all µs)
read	95	1282	284	(all µs)
write	99	0	0	(all µs)
read	99	1318	328	(all µs)
write	100	0	0	(all µs)
read	100	1992	952	(all µs)
# actual ops/s: 8299.28
# op	pct	sojourn	remote
write	50	0	0	(all µs)
read	50	847	234	(all µs)
write	95	0	0	(all µs)
read	95	1283	284	(all µs)
write	99	0	0	(all µs)
read	99	1318	333	(all µs)
write	100	0	0	(all µs)
read	100	1839	800	(all µs)
# actual ops/s: 8330.18
# op	pct	sojourn	remote
write	50	0	0	(all µs)
read	50	845	232	(all µs)
write	95	0	0	(all µs)
read	95	1282	283	(all µs)
write	99	0	0	(all µs)
read	99	1317	330	(all µs)
write	100	0	0	(all µs)
read	100	2092	1051	(all µs)
# actual ops/s: 8346.15
# op	pct	sojourn	remote
write	50	0	0	(all µs)
read	50	846	232	(all µs)
write	95	0	0	(all µs)
read	95	1282	286	(all µs)
write	99	0	0	(all µs)
read	99	1319	333	(all µs)
write	100	0	0	(all µs)
read	100	1809	769	(all µs)
# actual ops/s: 8317.06
# op	pct	sojourn	remote
write	50	0	0	(all µs)
read	50	863	247	(all µs)
write	95	0	0	(all µs)
read	95	1300	301	(all µs)
write	99	0	0	(all µs)
read	99	1338	350	(all µs)
write	100	0	0	(all µs)
read	100	2074	1031	(all µs)
# actual ops/s: 8337.48
# op	pct	sojourn	remote
write	50	0	0	(all µs)
read	50	852	236	(all µs)
write	95	0	0	(all µs)
read	95	1288	291	(all µs)
write	99	0	0	(all µs)
read	99	1327	339	(all µs)
write	100	0	0	(all µs)
read	100	1673	633	(all µs)
# actual ops/s: 8292.79
# op	pct	sojourn	remote
write	50	0	0	(all µs)
read	50	836	222	(all µs)
write	95	0	0	(all µs)
read	95	1272	274	(all µs)
write	99	0	0	(all µs)
read	99	1308	319	(all µs)
write	100	0	0	(all µs)
read	100	2262	1219	(all µs)
# server stats:
uptime:
 22:48:00 up 26 min,  0 users,  load average: 2.98, 2.92, 2.38
disk:
147460	/opt/mssql-ramdisk/data/
tables:
art                                                                                                                                              5712
awvc                                                                                                                                             4296
vt                                                                                                                                               4752
