# actual ops/s: 83268.31
# op	pct	sojourn	remote
write	50	0	0	(all µs)
read	50	1209	651	(all µs)
write	95	0	0	(all µs)
read	95	1759	991	(all µs)
write	99	0	0	(all µs)
read	99	1940	1093	(all µs)
write	100	0	0	(all µs)
read	100	2377	1375	(all µs)
# actual ops/s: 83341.03
# op	pct	sojourn	remote
write	50	0	0	(all µs)
read	50	1185	626	(all µs)
write	95	0	0	(all µs)
read	95	1733	968	(all µs)
write	99	0	0	(all µs)
read	99	1920	1064	(all µs)
write	100	0	0	(all µs)
read	100	4057	3056	(all µs)
# actual ops/s: 83271.83
# op	pct	sojourn	remote
write	50	0	0	(all µs)
read	50	1212	653	(all µs)
write	95	0	0	(all µs)
read	95	1761	1001	(all µs)
write	99	0	0	(all µs)
read	99	1951	1104	(all µs)
write	100	0	0	(all µs)
read	100	2336	1293	(all µs)
# actual ops/s: 83210.78
# op	pct	sojourn	remote
write	50	0	0	(all µs)
read	50	1205	647	(all µs)
write	95	0	0	(all µs)
read	95	1754	985	(all µs)
write	99	0	0	(all µs)
read	99	1938	1087	(all µs)
write	100	0	0	(all µs)
read	100	8190	7186	(all µs)
# actual ops/s: 83311.29
# op	pct	sojourn	remote
write	50	0	0	(all µs)
read	50	1187	631	(all µs)
write	95	0	0	(all µs)
read	95	1733	967	(all µs)
write	99	0	0	(all µs)
read	99	1918	1064	(all µs)
write	100	0	0	(all µs)
read	100	11814	10776	(all µs)
# actual ops/s: 83251.04
# op	pct	sojourn	remote
write	50	0	0	(all µs)
read	50	1213	656	(all µs)
write	95	0	0	(all µs)
read	95	1760	995	(all µs)
write	99	0	0	(all µs)
read	99	1946	1097	(all µs)
write	100	0	0	(all µs)
read	100	2459	1455	(all µs)
# actual ops/s: 83211.94
# op	pct	sojourn	remote
write	50	0	0	(all µs)
read	50	1222	665	(all µs)
write	95	0	0	(all µs)
read	95	1769	1007	(all µs)
write	99	0	0	(all µs)
read	99	1959	1119	(all µs)
write	100	0	0	(all µs)
read	100	2414	1412	(all µs)
# actual ops/s: 83296.06
# op	pct	sojourn	remote
write	50	0	0	(all µs)
read	50	1210	651	(all µs)
write	95	0	0	(all µs)
read	95	1760	992	(all µs)
write	99	0	0	(all µs)
read	99	1944	1095	(all µs)
write	100	0	0	(all µs)
read	100	4340	3327	(all µs)
# actual ops/s: 83366.23
# op	pct	sojourn	remote
write	50	0	0	(all µs)
read	50	1198	640	(all µs)
write	95	0	0	(all µs)
read	95	1749	975	(all µs)
write	99	0	0	(all µs)
read	99	1927	1071	(all µs)
write	100	0	0	(all µs)
read	100	11509	10505	(all µs)
# actual ops/s: 83306.45
# op	pct	sojourn	remote
write	50	0	0	(all µs)
read	50	1208	649	(all µs)
write	95	0	0	(all µs)
read	95	1759	992	(all µs)
write	99	0	0	(all µs)
read	99	1943	1092	(all µs)
write	100	0	0	(all µs)
read	100	2304	1302	(all µs)
# actual ops/s: 83248.25
# op	pct	sojourn	remote
write	50	0	0	(all µs)
read	50	1186	629	(all µs)
write	95	0	0	(all µs)
read	95	1732	968	(all µs)
write	99	0	0	(all µs)
read	99	1918	1067	(all µs)
write	100	0	0	(all µs)
read	100	2405	1404	(all µs)
# actual ops/s: 83256.13
# op	pct	sojourn	remote
write	50	0	0	(all µs)
read	50	1204	647	(all µs)
write	95	0	0	(all µs)
read	95	1755	983	(all µs)
write	99	0	0	(all µs)
read	99	1935	1085	(all µs)
write	100	0	0	(all µs)
read	100	2470	1467	(all µs)
# server stats:
uptime:
 01:29:30 up 29 min,  0 users,  load average: 2.92, 2.18, 1.62
disk:
147460	/opt/mssql-ramdisk/data/
tables:
art                                                                                                                                              5712
awvc                                                                                                                                             4296
vt                                                                                                                                               4752
