# actual ops/s: 139819.18
# op	pct	sojourn	remote
write	50	0	0	(all µs)
read	50	100003	17970	(all µs)
write	95	0	0	(all µs)
read	95	100003	21658	(all µs)
write	99	0	0	(all µs)
read	99	100003	23636	(all µs)
write	100	0	0	(all µs)
read	100	100003	55575	(all µs)
# actual ops/s: 139372.35
# op	pct	sojourn	remote
write	50	0	0	(all µs)
read	50	100003	18149	(all µs)
write	95	0	0	(all µs)
read	95	100003	21726	(all µs)
write	99	0	0	(all µs)
read	99	100003	23571	(all µs)
write	100	0	0	(all µs)
read	100	100003	100003	(all µs)
# actual ops/s: 140619.74
# op	pct	sojourn	remote
write	50	0	0	(all µs)
read	50	100003	17816	(all µs)
write	95	0	0	(all µs)
read	95	100003	21507	(all µs)
write	99	0	0	(all µs)
read	99	100003	23574	(all µs)
write	100	0	0	(all µs)
read	100	100003	61527	(all µs)
# actual ops/s: 140944.81
# op	pct	sojourn	remote
write	50	0	0	(all µs)
read	50	100003	17689	(all µs)
write	95	0	0	(all µs)
read	95	100003	21451	(all µs)
write	99	0	0	(all µs)
read	99	100003	23652	(all µs)
write	100	0	0	(all µs)
read	100	100003	100003	(all µs)
# actual ops/s: 141065.81
# op	pct	sojourn	remote
write	50	0	0	(all µs)
read	50	100003	17688	(all µs)
write	95	0	0	(all µs)
read	95	100003	21456	(all µs)
write	99	0	0	(all µs)
read	99	100003	23523	(all µs)
write	100	0	0	(all µs)
read	100	100003	44421	(all µs)
# actual ops/s: 144375.30
# op	pct	sojourn	remote
write	50	0	0	(all µs)
read	50	100003	17227	(all µs)
write	95	0	0	(all µs)
read	95	100003	21034	(all µs)
write	99	0	0	(all µs)
read	99	100003	23186	(all µs)
write	100	0	0	(all µs)
read	100	100003	62669	(all µs)
# actual ops/s: 140747.15
# op	pct	sojourn	remote
write	50	0	0	(all µs)
read	50	100003	17784	(all µs)
write	95	0	0	(all µs)
read	95	100003	21507	(all µs)
write	99	0	0	(all µs)
read	99	100003	23599	(all µs)
write	100	0	0	(all µs)
read	100	100003	100003	(all µs)
# actual ops/s: 142511.32
# op	pct	sojourn	remote
write	50	0	0	(all µs)
read	50	100003	17388	(all µs)
write	95	0	0	(all µs)
read	95	100003	21251	(all µs)
write	99	0	0	(all µs)
read	99	100003	23601	(all µs)
write	100	0	0	(all µs)
read	100	100003	44299	(all µs)
# actual ops/s: 142541.96
# op	pct	sojourn	remote
write	50	0	0	(all µs)
read	50	100003	17414	(all µs)
write	95	0	0	(all µs)
read	95	100003	21251	(all µs)
write	99	0	0	(all µs)
read	99	100003	23375	(all µs)
write	100	0	0	(all µs)
read	100	100003	100003	(all µs)
# actual ops/s: 141005.13
# op	pct	sojourn	remote
write	50	0	0	(all µs)
read	50	100003	18328	(all µs)
write	95	0	0	(all µs)
read	95	100003	21843	(all µs)
write	99	0	0	(all µs)
read	99	100003	23662	(all µs)
write	100	0	0	(all µs)
read	100	100003	64121	(all µs)
# actual ops/s: 140740.64
# op	pct	sojourn	remote
write	50	0	0	(all µs)
read	50	100003	18059	(all µs)
write	95	0	0	(all µs)
read	95	100003	21658	(all µs)
write	99	0	0	(all µs)
read	99	100003	23648	(all µs)
write	100	0	0	(all µs)
read	100	100003	127171	(all µs)
# actual ops/s: 141451.87
# op	pct	sojourn	remote
write	50	0	0	(all µs)
read	50	100003	18218	(all µs)
write	95	0	0	(all µs)
read	95	100003	21699	(all µs)
write	99	0	0	(all µs)
read	99	100003	23565	(all µs)
write	100	0	0	(all µs)
read	100	100003	100003	(all µs)
# server stats:
uptime:
 22:53:22 up 31 min,  0 users,  load average: 12.45, 6.35, 3.84
disk:
147460	/opt/mssql-ramdisk/data/
tables:
art                                                                                                                                              5712
awvc                                                                                                                                             4296
vt                                                                                                                                               4752
