# actual ops/s: 8317.76
# op	pct	sojourn	remote
write	50	0	0	(all µs)
read	50	836	224	(all µs)
write	95	0	0	(all µs)
read	95	1273	267	(all µs)
write	99	0	0	(all µs)
read	99	1303	300	(all µs)
write	100	0	0	(all µs)
read	100	2137	1095	(all µs)
# actual ops/s: 8346.73
# op	pct	sojourn	remote
write	50	0	0	(all µs)
read	50	835	221	(all µs)
write	95	0	0	(all µs)
read	95	1272	266	(all µs)
write	99	0	0	(all µs)
read	99	1303	293	(all µs)
write	100	0	0	(all µs)
read	100	2149	1104	(all µs)
# actual ops/s: 8331.79
# op	pct	sojourn	remote
write	50	0	0	(all µs)
read	50	842	233	(all µs)
write	95	0	0	(all µs)
read	95	1280	273	(all µs)
write	99	0	0	(all µs)
read	99	1308	299	(all µs)
write	100	0	0	(all µs)
read	100	1756	715	(all µs)
# actual ops/s: 8317.18
# op	pct	sojourn	remote
write	50	0	0	(all µs)
read	50	836	224	(all µs)
write	95	0	0	(all µs)
read	95	1272	268	(all µs)
write	99	0	0	(all µs)
read	99	1303	301	(all µs)
write	100	0	0	(all µs)
read	100	3402	2362	(all µs)
# actual ops/s: 8334.52
# op	pct	sojourn	remote
write	50	0	0	(all µs)
read	50	823	211	(all µs)
write	95	0	0	(all µs)
read	95	1260	252	(all µs)
write	99	0	0	(all µs)
read	99	1288	279	(all µs)
write	100	0	0	(all µs)
read	100	2310	1266	(all µs)
# actual ops/s: 8346.15
# op	pct	sojourn	remote
write	50	0	0	(all µs)
read	50	840	230	(all µs)
write	95	0	0	(all µs)
read	95	1279	274	(all µs)
write	99	0	0	(all µs)
read	99	1310	306	(all µs)
write	100	0	0	(all µs)
read	100	1741	700	(all µs)
# actual ops/s: 8339.43
# op	pct	sojourn	remote
write	50	0	0	(all µs)
read	50	854	240	(all µs)
write	95	0	0	(all µs)
read	95	1290	283	(all µs)
write	99	0	0	(all µs)
read	99	1320	311	(all µs)
write	100	0	0	(all µs)
read	100	3265	2222	(all µs)
# actual ops/s: 8324.46
# op	pct	sojourn	remote
write	50	0	0	(all µs)
read	50	837	225	(all µs)
write	95	0	0	(all µs)
read	95	1274	268	(all µs)
write	99	0	0	(all µs)
read	99	1303	300	(all µs)
write	100	0	0	(all µs)
read	100	1541	499	(all µs)
# actual ops/s: 8337.08
# op	pct	sojourn	remote
write	50	0	0	(all µs)
read	50	821	212	(all µs)
write	95	0	0	(all µs)
read	95	1259	252	(all µs)
write	99	0	0	(all µs)
read	99	1286	280	(all µs)
write	100	0	0	(all µs)
read	100	2074	1033	(all µs)
# actual ops/s: 8325.34
# op	pct	sojourn	remote
write	50	0	0	(all µs)
read	50	843	231	(all µs)
write	95	0	0	(all µs)
read	95	1279	271	(all µs)
write	99	0	0	(all µs)
read	99	1306	298	(all µs)
write	100	0	0	(all µs)
read	100	13768	12727	(all µs)
# actual ops/s: 8318.97
# op	pct	sojourn	remote
write	50	0	0	(all µs)
read	50	829	216	(all µs)
write	95	0	0	(all µs)
read	95	1265	259	(all µs)
write	99	0	0	(all µs)
read	99	1295	286	(all µs)
write	100	0	0	(all µs)
read	100	1805	765	(all µs)
# actual ops/s: 8336.08
# op	pct	sojourn	remote
write	50	0	0	(all µs)
read	50	834	222	(all µs)
write	95	0	0	(all µs)
read	95	1270	264	(all µs)
write	99	0	0	(all µs)
read	99	1300	293	(all µs)
write	100	0	0	(all µs)
read	100	2034	994	(all µs)
# server stats:
uptime:
 01:26:07 up 26 min,  0 users,  load average: 1.41, 1.62, 1.36
disk:
147460	/opt/mssql-ramdisk/data/
tables:
art                                                                                                                                              5712
awvc                                                                                                                                             4296
vt                                                                                                                                               4752
