# actual ops/s: 12746.88
# op	pct	sojourn	remote
write	50	100003	1280	(all µs)
read	50	100003	835	(all µs)
write	95	100003	100003	(all µs)
read	95	100003	2210	(all µs)
write	99	100003	100003	(all µs)
read	99	100003	2852	(all µs)
write	100	100003	100003	(all µs)
read	100	100003	37279	(all µs)
# actual ops/s: 12455.55
# op	pct	sojourn	remote
write	50	100003	1285	(all µs)
read	50	100003	856	(all µs)
write	95	100003	100003	(all µs)
read	95	100003	2276	(all µs)
write	99	100003	100003	(all µs)
read	99	100003	2932	(all µs)
write	100	100003	130583	(all µs)
read	100	100003	25912	(all µs)
# actual ops/s: 12475.08
# op	pct	sojourn	remote
write	50	100003	1302	(all µs)
read	50	100003	869	(all µs)
write	95	100003	100003	(all µs)
read	95	100003	2288	(all µs)
write	99	100003	100003	(all µs)
read	99	100003	2965	(all µs)
write	100	100003	130143	(all µs)
read	100	100003	26026	(all µs)
# actual ops/s: 12489.51
# op	pct	sojourn	remote
write	50	100003	1287	(all µs)
read	50	100003	867	(all µs)
write	95	100003	100003	(all µs)
read	95	100003	2246	(all µs)
write	99	100003	100003	(all µs)
read	99	100003	2867	(all µs)
write	100	100003	129811	(all µs)
read	100	100003	50371	(all µs)
# actual ops/s: 12399.27
# op	pct	sojourn	remote
write	50	100003	1291	(all µs)
read	50	100003	837	(all µs)
write	95	100003	100003	(all µs)
read	95	100003	2256	(all µs)
write	99	100003	100003	(all µs)
read	99	100003	2895	(all µs)
write	100	100003	129019	(all µs)
read	100	100003	23868	(all µs)
# actual ops/s: 12437.11
# op	pct	sojourn	remote
write	50	100003	1317	(all µs)
read	50	100003	879	(all µs)
write	95	100003	100003	(all µs)
read	95	100003	2279	(all µs)
write	99	100003	100003	(all µs)
read	99	100003	2928	(all µs)
write	100	100003	129939	(all µs)
read	100	100003	37213	(all µs)
# actual ops/s: 12593.04
# op	pct	sojourn	remote
write	50	100003	1312	(all µs)
read	50	100003	886	(all µs)
write	95	100003	100003	(all µs)
read	95	100003	2305	(all µs)
write	99	100003	100003	(all µs)
read	99	100003	2943	(all µs)
write	100	100003	130691	(all µs)
read	100	100003	25671	(all µs)
# actual ops/s: 12532.47
# op	pct	sojourn	remote
write	50	100003	1315	(all µs)
read	50	100003	897	(all µs)
write	95	100003	100003	(all µs)
read	95	100003	2311	(all µs)
write	99	100003	100003	(all µs)
read	99	100003	2956	(all µs)
write	100	100003	130907	(all µs)
read	100	100003	22523	(all µs)
# actual ops/s: 12785.57
# op	pct	sojourn	remote
write	50	100003	1301	(all µs)
read	50	100003	888	(all µs)
write	95	100003	100003	(all µs)
read	95	100003	2285	(all µs)
write	99	100003	100003	(all µs)
read	99	100003	2935	(all µs)
write	100	100003	100003	(all µs)
read	100	100003	26568	(all µs)
# actual ops/s: 12634.32
# op	pct	sojourn	remote
write	50	100003	1311	(all µs)
read	50	100003	909	(all µs)
write	95	100003	100003	(all µs)
read	95	100003	2325	(all µs)
write	99	100003	100003	(all µs)
read	99	100003	2985	(all µs)
write	100	100003	100003	(all µs)
read	100	100003	50247	(all µs)
# actual ops/s: 12582.95
# op	pct	sojourn	remote
write	50	100003	1302	(all µs)
read	50	100003	882	(all µs)
write	95	100003	100003	(all µs)
read	95	100003	2288	(all µs)
write	99	100003	100003	(all µs)
read	99	100003	2922	(all µs)
write	100	100003	130347	(all µs)
read	100	100003	23517	(all µs)
# actual ops/s: 12493.09
# op	pct	sojourn	remote
write	50	100003	1281	(all µs)
read	50	100003	846	(all µs)
write	95	100003	100003	(all µs)
read	95	100003	2276	(all µs)
write	99	100003	100003	(all µs)
read	99	100003	2906	(all µs)
write	100	100003	129023	(all µs)
read	100	100003	27533	(all µs)
# server stats:
uptime:
 22:53:34 up 30 min,  0 users,  load average: 3.36, 2.46, 1.86
disk:
540684	/opt/mssql-ramdisk/data/
tables:
art                                                                                                                                              5712
awvc                                                                                                                                             4296
vt                                                                                                                                              65872
