# actual ops/s: 228518.22
# op	pct	sojourn	remote
write	50	0	0	(all µs)
read	50	100003	21634	(all µs)
write	95	0	0	(all µs)
read	95	100003	27556	(all µs)
write	99	0	0	(all µs)
read	99	100003	30323	(all µs)
write	100	0	0	(all µs)
read	100	100003	103531	(all µs)
# actual ops/s: 232848.49
# op	pct	sojourn	remote
write	50	0	0	(all µs)
read	50	100003	21045	(all µs)
write	95	0	0	(all µs)
read	95	100003	27227	(all µs)
write	99	0	0	(all µs)
read	99	100003	30325	(all µs)
write	100	0	0	(all µs)
read	100	100003	100003	(all µs)
# actual ops/s: 225192.59
# op	pct	sojourn	remote
write	50	0	0	(all µs)
read	50	100003	22341	(all µs)
write	95	0	0	(all µs)
read	95	100003	27867	(all µs)
write	99	0	0	(all µs)
read	99	100003	30558	(all µs)
write	100	0	0	(all µs)
read	100	100003	54901	(all µs)
# actual ops/s: 226114.91
# op	pct	sojourn	remote
write	50	0	0	(all µs)
read	50	100003	21998	(all µs)
write	95	0	0	(all µs)
read	95	100003	27542	(all µs)
write	99	0	0	(all µs)
read	99	100003	30192	(all µs)
write	100	0	0	(all µs)
read	100	100003	100195	(all µs)
# actual ops/s: 227148.03
# op	pct	sojourn	remote
write	50	0	0	(all µs)
read	50	100003	22006	(all µs)
write	95	0	0	(all µs)
read	95	100003	27664	(all µs)
write	99	0	0	(all µs)
read	99	100003	30318	(all µs)
write	100	0	0	(all µs)
read	100	100003	110351	(all µs)
# actual ops/s: 229264.45
# op	pct	sojourn	remote
write	50	0	0	(all µs)
read	50	100003	21563	(all µs)
write	95	0	0	(all µs)
read	95	100003	27253	(all µs)
write	99	0	0	(all µs)
read	99	100003	30546	(all µs)
write	100	0	0	(all µs)
read	100	100003	114367	(all µs)
# actual ops/s: 223808.23
# op	pct	sojourn	remote
write	50	0	0	(all µs)
read	50	100003	22903	(all µs)
write	95	0	0	(all µs)
read	95	100003	28169	(all µs)
write	99	0	0	(all µs)
read	99	100003	30569	(all µs)
write	100	0	0	(all µs)
read	100	100003	100003	(all µs)
# actual ops/s: 226079.42
# op	pct	sojourn	remote
write	50	0	0	(all µs)
read	50	100003	22063	(all µs)
write	95	0	0	(all µs)
read	95	100003	27363	(all µs)
write	99	0	0	(all µs)
read	99	100003	30014	(all µs)
write	100	0	0	(all µs)
read	100	100003	100003	(all µs)
# actual ops/s: 224293.74
# op	pct	sojourn	remote
write	50	0	0	(all µs)
read	50	100003	23042	(all µs)
write	95	0	0	(all µs)
read	95	100003	28021	(all µs)
write	99	0	0	(all µs)
read	99	100003	30440	(all µs)
write	100	0	0	(all µs)
read	100	100003	101847	(all µs)
# actual ops/s: 222509.52
# op	pct	sojourn	remote
write	50	0	0	(all µs)
read	50	100003	23391	(all µs)
write	95	0	0	(all µs)
read	95	100003	28134	(all µs)
write	99	0	0	(all µs)
read	99	100003	30443	(all µs)
write	100	0	0	(all µs)
read	100	100003	57893	(all µs)
# actual ops/s: 224106.79
# op	pct	sojourn	remote
write	50	0	0	(all µs)
read	50	100003	23163	(all µs)
write	95	0	0	(all µs)
read	95	100003	28157	(all µs)
write	99	0	0	(all µs)
read	99	100003	30308	(all µs)
write	100	0	0	(all µs)
read	100	100003	56959	(all µs)
# actual ops/s: 226837.05
# op	pct	sojourn	remote
write	50	0	0	(all µs)
read	50	100003	22485	(all µs)
write	95	0	0	(all µs)
read	95	100003	27261	(all µs)
write	99	0	0	(all µs)
read	99	100003	29749	(all µs)
write	100	0	0	(all µs)
read	100	100003	103523	(all µs)
# server stats:
uptime:
 01:32:04 up 32 min,  0 users,  load average: 13.05, 5.73, 2.98
disk:
147460	/opt/mssql-ramdisk/data/
tables:
art                                                                                                                                              5712
awvc                                                                                                                                             4296
vt                                                                                                                                               4752
