# actual ops/s: 83339.92
# op	pct	sojourn	remote
write	50	0	0	(all µs)
read	50	1309	732	(all µs)
write	95	0	0	(all µs)
read	95	1929	1202	(all µs)
write	99	0	0	(all µs)
read	99	2207	1445	(all µs)
write	100	0	0	(all µs)
read	100	19930	18892	(all µs)
# actual ops/s: 83416.59
# op	pct	sojourn	remote
write	50	0	0	(all µs)
read	50	1287	711	(all µs)
write	95	0	0	(all µs)
read	95	1905	1185	(all µs)
write	99	0	0	(all µs)
read	99	2180	1409	(all µs)
write	100	0	0	(all µs)
read	100	18713	17711	(all µs)
# actual ops/s: 83259.58
# op	pct	sojourn	remote
write	50	0	0	(all µs)
read	50	1286	710	(all µs)
write	95	0	0	(all µs)
read	95	1900	1178	(all µs)
write	99	0	0	(all µs)
read	99	2168	1392	(all µs)
write	100	0	0	(all µs)
read	100	18622	17595	(all µs)
# actual ops/s: 83292.68
# op	pct	sojourn	remote
write	50	0	0	(all µs)
read	50	1284	707	(all µs)
write	95	0	0	(all µs)
read	95	1901	1183	(all µs)
write	99	0	0	(all µs)
read	99	2183	1417	(all µs)
write	100	0	0	(all µs)
read	100	23660	22630	(all µs)
# actual ops/s: 83356.30
# op	pct	sojourn	remote
write	50	0	0	(all µs)
read	50	1313	737	(all µs)
write	95	0	0	(all µs)
read	95	1928	1204	(all µs)
write	99	0	0	(all µs)
read	99	2200	1430	(all µs)
write	100	0	0	(all µs)
read	100	20666	19639	(all µs)
# actual ops/s: 83295.22
# op	pct	sojourn	remote
write	50	0	0	(all µs)
read	50	1326	749	(all µs)
write	95	0	0	(all µs)
read	95	1937	1217	(all µs)
write	99	0	0	(all µs)
read	99	2207	1425	(all µs)
write	100	0	0	(all µs)
read	100	23109	22076	(all µs)
# actual ops/s: 83297.40
# op	pct	sojourn	remote
write	50	0	0	(all µs)
read	50	1333	756	(all µs)
write	95	0	0	(all µs)
read	95	1953	1224	(all µs)
write	99	0	0	(all µs)
read	99	2231	1467	(all µs)
write	100	0	0	(all µs)
read	100	23205	22164	(all µs)
# actual ops/s: 83203.55
# op	pct	sojourn	remote
write	50	0	0	(all µs)
read	50	1319	742	(all µs)
write	95	0	0	(all µs)
read	95	1928	1206	(all µs)
write	99	0	0	(all µs)
read	99	2202	1431	(all µs)
write	100	0	0	(all µs)
read	100	20209	19175	(all µs)
# actual ops/s: 83383.22
# op	pct	sojourn	remote
write	50	0	0	(all µs)
read	50	1323	746	(all µs)
write	95	0	0	(all µs)
read	95	1934	1212	(all µs)
write	99	0	0	(all µs)
read	99	2206	1433	(all µs)
write	100	0	0	(all µs)
read	100	22570	21531	(all µs)
# actual ops/s: 83259.92
# op	pct	sojourn	remote
write	50	0	0	(all µs)
read	50	1329	752	(all µs)
write	95	0	0	(all µs)
read	95	1943	1221	(all µs)
write	99	0	0	(all µs)
read	99	2214	1436	(all µs)
write	100	0	0	(all µs)
read	100	17143	16107	(all µs)
# actual ops/s: 83261.10
# op	pct	sojourn	remote
write	50	0	0	(all µs)
read	50	1332	754	(all µs)
write	95	0	0	(all µs)
read	95	1949	1221	(all µs)
write	99	0	0	(all µs)
read	99	2223	1452	(all µs)
write	100	0	0	(all µs)
read	100	22539	21498	(all µs)
# actual ops/s: 83293.52
# op	pct	sojourn	remote
write	50	0	0	(all µs)
read	50	1316	741	(all µs)
write	95	0	0	(all µs)
read	95	1930	1208	(all µs)
write	99	0	0	(all µs)
read	99	2202	1427	(all µs)
write	100	0	0	(all µs)
read	100	17689	16688	(all µs)
# server stats:
uptime:
 22:51:53 up 30 min,  0 users,  load average: 5.68, 4.11, 2.96
disk:
147460	/opt/mssql-ramdisk/data/
tables:
art                                                                                                                                              5712
awvc                                                                                                                                             4296
vt                                                                                                                                               4752
