# actual ops/s: 41613.55
# op	pct	sojourn	remote
write	50	0	0	(all µs)
read	50	922	346	(all µs)
write	95	0	0	(all µs)
read	95	1382	447	(all µs)
write	99	0	0	(all µs)
read	99	1455	531	(all µs)
write	100	0	0	(all µs)
read	100	1964	917	(all µs)
# actual ops/s: 41682.05
# op	pct	sojourn	remote
write	50	0	0	(all µs)
read	50	911	334	(all µs)
write	95	0	0	(all µs)
read	95	1371	434	(all µs)
write	99	0	0	(all µs)
read	99	1443	525	(all µs)
write	100	0	0	(all µs)
read	100	1740	713	(all µs)
# actual ops/s: 41675.04
# op	pct	sojourn	remote
write	50	0	0	(all µs)
read	50	928	352	(all µs)
write	95	0	0	(all µs)
read	95	1389	450	(all µs)
write	99	0	0	(all µs)
read	99	1459	538	(all µs)
write	100	0	0	(all µs)
read	100	10551	9509	(all µs)
# actual ops/s: 41643.06
# op	pct	sojourn	remote
write	50	0	0	(all µs)
read	50	918	343	(all µs)
write	95	0	0	(all µs)
read	95	1379	443	(all µs)
write	99	0	0	(all µs)
read	99	1451	533	(all µs)
write	100	0	0	(all µs)
read	100	2033	992	(all µs)
# actual ops/s: 41712.22
# op	pct	sojourn	remote
write	50	0	0	(all µs)
read	50	904	328	(all µs)
write	95	0	0	(all µs)
read	95	1365	427	(all µs)
write	99	0	0	(all µs)
read	99	1437	519	(all µs)
write	100	0	0	(all µs)
read	100	5888	4847	(all µs)
# actual ops/s: 41659.45
# op	pct	sojourn	remote
write	50	0	0	(all µs)
read	50	928	353	(all µs)
write	95	0	0	(all µs)
read	95	1389	454	(all µs)
write	99	0	0	(all µs)
read	99	1462	548	(all µs)
write	100	0	0	(all µs)
read	100	2967	1924	(all µs)
# actual ops/s: 41714.13
# op	pct	sojourn	remote
write	50	0	0	(all µs)
read	50	934	359	(all µs)
write	95	0	0	(all µs)
read	95	1395	454	(all µs)
write	99	0	0	(all µs)
read	99	1464	533	(all µs)
write	100	0	0	(all µs)
read	100	1958	919	(all µs)
# actual ops/s: 41587.85
# op	pct	sojourn	remote
write	50	0	0	(all µs)
read	50	921	345	(all µs)
write	95	0	0	(all µs)
read	95	1381	443	(all µs)
write	99	0	0	(all µs)
read	99	1453	526	(all µs)
write	100	0	0	(all µs)
read	100	5168	4127	(all µs)
# actual ops/s: 41646.92
# op	pct	sojourn	remote
write	50	0	0	(all µs)
read	50	905	330	(all µs)
write	95	0	0	(all µs)
read	95	1366	427	(all µs)
write	99	0	0	(all µs)
read	99	1437	522	(all µs)
write	100	0	0	(all µs)
read	100	1798	753	(all µs)
# actual ops/s: 41719.00
# op	pct	sojourn	remote
write	50	0	0	(all µs)
read	50	926	351	(all µs)
write	95	0	0	(all µs)
read	95	1387	449	(all µs)
write	99	0	0	(all µs)
read	99	1458	538	(all µs)
write	100	0	0	(all µs)
read	100	3707	2661	(all µs)
# actual ops/s: 41608.20
# op	pct	sojourn	remote
write	50	0	0	(all µs)
read	50	913	337	(all µs)
write	95	0	0	(all µs)
read	95	1375	434	(all µs)
write	99	0	0	(all µs)
read	99	1445	518	(all µs)
write	100	0	0	(all µs)
read	100	1778	757	(all µs)
# actual ops/s: 41660.06
# op	pct	sojourn	remote
write	50	0	0	(all µs)
read	50	919	344	(all µs)
write	95	0	0	(all µs)
read	95	1380	445	(all µs)
write	99	0	0	(all µs)
read	99	1453	533	(all µs)
write	100	0	0	(all µs)
read	100	1929	885	(all µs)
# server stats:
uptime:
 01:28:22 up 28 min,  0 users,  load average: 2.66, 1.97, 1.52
disk:
147460	/opt/mssql-ramdisk/data/
tables:
art                                                                                                                                              5712
awvc                                                                                                                                             4296
vt                                                                                                                                               4752
