# actual ops/s: 166581.80
# op	pct	sojourn	remote
write	50	0	0	(all µs)
read	50	1709	1135	(all µs)
write	95	0	0	(all µs)
read	95	2465	1758	(all µs)
write	99	0	0	(all µs)
read	99	2782	2018	(all µs)
write	100	0	0	(all µs)
read	100	6218	5181	(all µs)
# actual ops/s: 166630.81
# op	pct	sojourn	remote
write	50	0	0	(all µs)
read	50	1693	1110	(all µs)
write	95	0	0	(all µs)
read	95	2452	1745	(all µs)
write	99	0	0	(all µs)
read	99	2765	1996	(all µs)
write	100	0	0	(all µs)
read	100	6211	5209	(all µs)
# actual ops/s: 166554.93
# op	pct	sojourn	remote
write	50	0	0	(all µs)
read	50	1715	1138	(all µs)
write	95	0	0	(all µs)
read	95	2474	1766	(all µs)
write	99	0	0	(all µs)
read	99	2790	2021	(all µs)
write	100	0	0	(all µs)
read	100	16383	15381	(all µs)
# actual ops/s: 166663.66
# op	pct	sojourn	remote
write	50	0	0	(all µs)
read	50	1705	1127	(all µs)
write	95	0	0	(all µs)
read	95	2463	1747	(all µs)
write	99	0	0	(all µs)
read	99	2769	2002	(all µs)
write	100	0	0	(all µs)
read	100	6049	5030	(all µs)
# actual ops/s: 166679.48
# op	pct	sojourn	remote
write	50	0	0	(all µs)
read	50	1679	1094	(all µs)
write	95	0	0	(all µs)
read	95	2442	1739	(all µs)
write	99	0	0	(all µs)
read	99	2760	1985	(all µs)
write	100	0	0	(all µs)
read	100	6568	5522	(all µs)
# actual ops/s: 166567.76
# op	pct	sojourn	remote
write	50	0	0	(all µs)
read	50	1714	1130	(all µs)
write	95	0	0	(all µs)
read	95	2479	1779	(all µs)
write	99	0	0	(all µs)
read	99	2791	2017	(all µs)
write	100	0	0	(all µs)
read	100	6133	5090	(all µs)
# actual ops/s: 166621.67
# op	pct	sojourn	remote
write	50	0	0	(all µs)
read	50	1713	1134	(all µs)
write	95	0	0	(all µs)
read	95	2474	1777	(all µs)
write	99	0	0	(all µs)
read	99	2794	2029	(all µs)
write	100	0	0	(all µs)
read	100	7305	6264	(all µs)
# actual ops/s: 166566.59
# op	pct	sojourn	remote
write	50	0	0	(all µs)
read	50	1706	1129	(all µs)
write	95	0	0	(all µs)
read	95	2467	1766	(all µs)
write	99	0	0	(all µs)
read	99	2791	2032	(all µs)
write	100	0	0	(all µs)
read	100	6533	5493	(all µs)
# actual ops/s: 166585.88
# op	pct	sojourn	remote
write	50	0	0	(all µs)
read	50	1675	1087	(all µs)
write	95	0	0	(all µs)
read	95	2435	1723	(all µs)
write	99	0	0	(all µs)
read	99	2741	1973	(all µs)
write	100	0	0	(all µs)
read	100	6511	5472	(all µs)
# actual ops/s: 166750.96
# op	pct	sojourn	remote
write	50	0	0	(all µs)
read	50	1708	1134	(all µs)
write	95	0	0	(all µs)
read	95	2460	1750	(all µs)
write	99	0	0	(all µs)
read	99	2772	2003	(all µs)
write	100	0	0	(all µs)
read	100	8332	7291	(all µs)
# actual ops/s: 166647.83
# op	pct	sojourn	remote
write	50	0	0	(all µs)
read	50	1685	1099	(all µs)
write	95	0	0	(all µs)
read	95	2453	1752	(all µs)
write	99	0	0	(all µs)
read	99	2769	2006	(all µs)
write	100	0	0	(all µs)
read	100	17088	16085	(all µs)
# actual ops/s: 166493.98
# op	pct	sojourn	remote
write	50	0	0	(all µs)
read	50	1701	1123	(all µs)
write	95	0	0	(all µs)
read	95	2459	1753	(all µs)
write	99	0	0	(all µs)
read	99	2771	2002	(all µs)
write	100	0	0	(all µs)
read	100	6046	5005	(all µs)
# server stats:
uptime:
 01:30:37 up 30 min,  0 users,  load average: 5.63, 3.02, 1.95
disk:
147460	/opt/mssql-ramdisk/data/
tables:
art                                                                                                                                              5712
awvc                                                                                                                                             4296
vt                                                                                                                                               4752
