# actual ops/s: 41724.18
# op	pct	sojourn	remote
write	50	1006	247	(all µs)
read	50	779	219	(all µs)
write	95	1320	336	(all µs)
read	95	1241	351	(all µs)
write	99	1379	394	(all µs)
read	99	1331	438	(all µs)
write	100	1712	711	(all µs)
read	100	1772	730	(all µs)
# actual ops/s: 41675.69
# op	pct	sojourn	remote
write	50	1009	250	(all µs)
read	50	780	219	(all µs)
write	95	1322	338	(all µs)
read	95	1242	352	(all µs)
write	99	1383	402	(all µs)
read	99	1333	432	(all µs)
write	100	1727	726	(all µs)
read	100	1708	698	(all µs)
# actual ops/s: 41676.03
# op	pct	sojourn	remote
write	50	995	240	(all µs)
read	50	770	210	(all µs)
write	95	1312	328	(all µs)
read	95	1232	341	(all µs)
write	99	1370	387	(all µs)
read	99	1321	422	(all µs)
write	100	1650	631	(all µs)
read	100	1821	781	(all µs)
# actual ops/s: 41671.81
# op	pct	sojourn	remote
write	50	1064	304	(all µs)
read	50	809	251	(all µs)
write	95	1375	394	(all µs)
read	95	1271	383	(all µs)
write	99	1436	459	(all µs)
read	99	1362	467	(all µs)
write	100	1732	703	(all µs)
read	100	1803	766	(all µs)
# actual ops/s: 41596.74
# op	pct	sojourn	remote
write	50	1064	305	(all µs)
read	50	806	248	(all µs)
write	95	1376	394	(all µs)
read	95	1267	378	(all µs)
write	99	1436	456	(all µs)
read	99	1359	464	(all µs)
write	100	1811	809	(all µs)
read	100	1908	889	(all µs)
# actual ops/s: 41655.76
# op	pct	sojourn	remote
write	50	1062	301	(all µs)
read	50	805	246	(all µs)
write	95	1373	393	(all µs)
read	95	1266	377	(all µs)
write	99	1434	450	(all µs)
read	99	1356	464	(all µs)
write	100	3765	2724	(all µs)
read	100	1790	750	(all µs)
# actual ops/s: 41641.62
# op	pct	sojourn	remote
write	50	1007	249	(all µs)
read	50	778	218	(all µs)
write	95	1321	339	(all µs)
read	95	1240	348	(all µs)
write	99	1377	394	(all µs)
read	99	1329	432	(all µs)
write	100	1698	654	(all µs)
read	100	1867	866	(all µs)
# actual ops/s: 41601.60
# op	pct	sojourn	remote
write	50	1013	251	(all µs)
read	50	781	220	(all µs)
write	95	1324	341	(all µs)
read	95	1242	353	(all µs)
write	99	1382	400	(all µs)
read	99	1334	434	(all µs)
write	100	1697	663	(all µs)
read	100	1672	657	(all µs)
# actual ops/s: 41669.68
# op	pct	sojourn	remote
write	50	1056	299	(all µs)
read	50	803	244	(all µs)
write	95	1371	388	(all µs)
read	95	1264	373	(all µs)
write	99	1431	447	(all µs)
read	99	1353	455	(all µs)
write	100	1760	759	(all µs)
read	100	1758	718	(all µs)
# actual ops/s: 41688.40
# op	pct	sojourn	remote
write	50	1068	307	(all µs)
read	50	811	252	(all µs)
write	95	1378	398	(all µs)
read	95	1271	380	(all µs)
write	99	1437	455	(all µs)
read	99	1361	466	(all µs)
write	100	1784	783	(all µs)
read	100	1912	911	(all µs)
# actual ops/s: 41639.63
# op	pct	sojourn	remote
write	50	1063	305	(all µs)
read	50	804	247	(all µs)
write	95	1377	394	(all µs)
read	95	1267	375	(all µs)
write	99	1433	455	(all µs)
read	99	1355	456	(all µs)
write	100	2188	1148	(all µs)
read	100	1970	969	(all µs)
# actual ops/s: 41627.63
# op	pct	sojourn	remote
write	50	1060	299	(all µs)
read	50	805	245	(all µs)
write	95	1372	391	(all µs)
read	95	1266	375	(all µs)
write	99	1430	448	(all µs)
read	99	1355	456	(all µs)
write	100	1760	755	(all µs)
read	100	2049	1048	(all µs)
# server stats:
uptime:
 20:49:36 up 4 min,  0 users,  load average: 1.81, 0.78, 0.29
tables:
+------+-----+----------+
| soup | vt  | 70572.56 |
| soup | art | 6554.73  |
+------+-----+----------+
