# actual ops/s: 41664.99
# op	pct	sojourn	remote
write	50	0	0	(all µs)
read	50	757	188	(all µs)
write	95	0	0	(all µs)
read	95	1218	228	(all µs)
write	99	0	0	(all µs)
read	99	1250	265	(all µs)
write	100	0	0	(all µs)
read	100	1575	536	(all µs)
# actual ops/s: 41673.66
# op	pct	sojourn	remote
write	50	0	0	(all µs)
read	50	737	168	(all µs)
write	95	0	0	(all µs)
read	95	1198	208	(all µs)
write	99	0	0	(all µs)
read	99	1230	244	(all µs)
write	100	0	0	(all µs)
read	100	1898	858	(all µs)
# actual ops/s: 41680.53
# op	pct	sojourn	remote
write	50	0	0	(all µs)
read	50	737	168	(all µs)
write	95	0	0	(all µs)
read	95	1199	206	(all µs)
write	99	0	0	(all µs)
read	99	1230	242	(all µs)
write	100	0	0	(all µs)
read	100	1596	553	(all µs)
# actual ops/s: 41651.56
# op	pct	sojourn	remote
write	50	0	0	(all µs)
read	50	737	169	(all µs)
write	95	0	0	(all µs)
read	95	1199	208	(all µs)
write	99	0	0	(all µs)
read	99	1231	245	(all µs)
write	100	0	0	(all µs)
read	100	1516	473	(all µs)
# actual ops/s: 41764.21
# op	pct	sojourn	remote
write	50	0	0	(all µs)
read	50	766	195	(all µs)
write	95	0	0	(all µs)
read	95	1226	236	(all µs)
write	99	0	0	(all µs)
read	99	1259	276	(all µs)
write	100	0	0	(all µs)
read	100	1535	491	(all µs)
# actual ops/s: 41678.84
# op	pct	sojourn	remote
write	50	0	0	(all µs)
read	50	779	211	(all µs)
write	95	0	0	(all µs)
read	95	1240	252	(all µs)
write	99	0	0	(all µs)
read	99	1274	291	(all µs)
write	100	0	0	(all µs)
read	100	1606	565	(all µs)
# actual ops/s: 41654.10
# op	pct	sojourn	remote
write	50	0	0	(all µs)
read	50	782	211	(all µs)
write	95	0	0	(all µs)
read	95	1243	254	(all µs)
write	99	0	0	(all µs)
read	99	1277	296	(all µs)
write	100	0	0	(all µs)
read	100	1891	850	(all µs)
# actual ops/s: 41688.05
# op	pct	sojourn	remote
write	50	0	0	(all µs)
read	50	779	210	(all µs)
write	95	0	0	(all µs)
read	95	1241	250	(all µs)
write	99	0	0	(all µs)
read	99	1273	284	(all µs)
write	100	0	0	(all µs)
read	100	2513	1470	(all µs)
# actual ops/s: 41633.32
# op	pct	sojourn	remote
write	50	0	0	(all µs)
read	50	780	210	(all µs)
write	95	0	0	(all µs)
read	95	1241	251	(all µs)
write	99	0	0	(all µs)
read	99	1274	290	(all µs)
write	100	0	0	(all µs)
read	100	1769	724	(all µs)
# actual ops/s: 41670.17
# op	pct	sojourn	remote
write	50	0	0	(all µs)
read	50	778	210	(all µs)
write	95	0	0	(all µs)
read	95	1240	251	(all µs)
write	99	0	0	(all µs)
read	99	1274	287	(all µs)
write	100	0	0	(all µs)
read	100	1565	524	(all µs)
# actual ops/s: 41683.52
# op	pct	sojourn	remote
write	50	0	0	(all µs)
read	50	781	209	(all µs)
write	95	0	0	(all µs)
read	95	1242	251	(all µs)
write	99	0	0	(all µs)
read	99	1277	291	(all µs)
write	100	0	0	(all µs)
read	100	2083	1038	(all µs)
# actual ops/s: 41676.78
# op	pct	sojourn	remote
write	50	0	0	(all µs)
read	50	767	198	(all µs)
write	95	0	0	(all µs)
read	95	1229	238	(all µs)
write	99	0	0	(all µs)
read	99	1262	276	(all µs)
write	100	0	0	(all µs)
read	100	2526	1481	(all µs)
# server stats:
uptime:
 23:02:26 up 40 min,  0 users,  load average: 1.58, 4.57, 4.08
tables:
+------+-----+---------+
| soup | art | 6554.73 |
| soup | vt  | 0.00    |
+------+-----+---------+
