# actual ops/s: 41647.35
# op	pct	sojourn	remote
write	50	0	0	(all µs)
read	50	750	182	(all µs)
write	95	0	0	(all µs)
read	95	1212	215	(all µs)
write	99	0	0	(all µs)
read	99	1241	248	(all µs)
write	100	0	0	(all µs)
read	100	1713	673	(all µs)
# actual ops/s: 41641.40
# op	pct	sojourn	remote
write	50	0	0	(all µs)
read	50	742	173	(all µs)
write	95	0	0	(all µs)
read	95	1205	207	(all µs)
write	99	0	0	(all µs)
read	99	1235	238	(all µs)
write	100	0	0	(all µs)
read	100	1489	449	(all µs)
# actual ops/s: 41650.25
# op	pct	sojourn	remote
write	50	0	0	(all µs)
read	50	758	190	(all µs)
write	95	0	0	(all µs)
read	95	1220	221	(all µs)
write	99	0	0	(all µs)
read	99	1248	253	(all µs)
write	100	0	0	(all µs)
read	100	1557	518	(all µs)
# actual ops/s: 41698.29
# op	pct	sojourn	remote
write	50	0	0	(all µs)
read	50	748	181	(all µs)
write	95	0	0	(all µs)
read	95	1211	213	(all µs)
write	99	0	0	(all µs)
read	99	1239	242	(all µs)
write	100	0	0	(all µs)
read	100	1557	515	(all µs)
# actual ops/s: 41648.69
# op	pct	sojourn	remote
write	50	0	0	(all µs)
read	50	736	168	(all µs)
write	95	0	0	(all µs)
read	95	1199	199	(all µs)
write	99	0	0	(all µs)
read	99	1226	228	(all µs)
write	100	0	0	(all µs)
read	100	1476	434	(all µs)
# actual ops/s: 41625.17
# op	pct	sojourn	remote
write	50	0	0	(all µs)
read	50	757	188	(all µs)
write	95	0	0	(all µs)
read	95	1219	223	(all µs)
write	99	0	0	(all µs)
read	99	1249	254	(all µs)
write	100	0	0	(all µs)
read	100	1663	619	(all µs)
# actual ops/s: 41649.02
# op	pct	sojourn	remote
write	50	0	0	(all µs)
read	50	767	197	(all µs)
write	95	0	0	(all µs)
read	95	1228	232	(all µs)
write	99	0	0	(all µs)
read	99	1259	261	(all µs)
write	100	0	0	(all µs)
read	100	1557	509	(all µs)
# actual ops/s: 41670.70
# op	pct	sojourn	remote
write	50	0	0	(all µs)
read	50	753	184	(all µs)
write	95	0	0	(all µs)
read	95	1215	218	(all µs)
write	99	0	0	(all µs)
read	99	1245	251	(all µs)
write	100	0	0	(all µs)
read	100	2322	1280	(all µs)
# actual ops/s: 41712.34
# op	pct	sojourn	remote
write	50	0	0	(all µs)
read	50	736	169	(all µs)
write	95	0	0	(all µs)
read	95	1199	200	(all µs)
write	99	0	0	(all µs)
read	99	1226	233	(all µs)
write	100	0	0	(all µs)
read	100	1497	458	(all µs)
# actual ops/s: 41657.40
# op	pct	sojourn	remote
write	50	0	0	(all µs)
read	50	769	199	(all µs)
write	95	0	0	(all µs)
read	95	1231	233	(all µs)
write	99	0	0	(all µs)
read	99	1262	262	(all µs)
write	100	0	0	(all µs)
read	100	1556	515	(all µs)
# actual ops/s: 41647.05
# op	pct	sojourn	remote
write	50	0	0	(all µs)
read	50	739	172	(all µs)
write	95	0	0	(all µs)
read	95	1202	204	(all µs)
write	99	0	0	(all µs)
read	99	1231	231	(all µs)
write	100	0	0	(all µs)
read	100	1537	491	(all µs)
# actual ops/s: 41662.57
# op	pct	sojourn	remote
write	50	0	0	(all µs)
read	50	749	181	(all µs)
write	95	0	0	(all µs)
read	95	1211	213	(all µs)
write	99	0	0	(all µs)
read	99	1240	244	(all µs)
write	100	0	0	(all µs)
read	100	1509	467	(all µs)
# server stats:
uptime:
 01:42:43 up 42 min,  0 users,  load average: 1.95, 4.82, 3.82
tables:
+------+-----+---------+
| soup | art | 6554.73 |
| soup | vt  | 0.00    |
+------+-----+---------+
