# actual ops/s: 8322.39
# op	pct	sojourn	remote
write	50	0	0	(all µs)
read	50	739	132	(all µs)
write	95	0	0	(all µs)
read	95	1175	151	(all µs)
write	99	0	0	(all µs)
read	99	1189	170	(all µs)
write	100	0	0	(all µs)
read	100	1708	667	(all µs)
# actual ops/s: 8350.88
# op	pct	sojourn	remote
write	50	0	0	(all µs)
read	50	735	126	(all µs)
write	95	0	0	(all µs)
read	95	1172	147	(all µs)
write	99	0	0	(all µs)
read	99	1187	161	(all µs)
write	100	0	0	(all µs)
read	100	1739	694	(all µs)
# actual ops/s: 8346.50
# op	pct	sojourn	remote
write	50	0	0	(all µs)
read	50	749	140	(all µs)
write	95	0	0	(all µs)
read	95	1184	158	(all µs)
write	99	0	0	(all µs)
read	99	1197	171	(all µs)
write	100	0	0	(all µs)
read	100	2004	960	(all µs)
# actual ops/s: 8319.49
# op	pct	sojourn	remote
write	50	0	0	(all µs)
read	50	740	131	(all µs)
write	95	0	0	(all µs)
read	95	1174	150	(all µs)
write	99	0	0	(all µs)
read	99	1188	166	(all µs)
write	100	0	0	(all µs)
read	100	1731	691	(all µs)
# actual ops/s: 8340.01
# op	pct	sojourn	remote
write	50	0	0	(all µs)
read	50	726	120	(all µs)
write	95	0	0	(all µs)
read	95	1163	138	(all µs)
write	99	0	0	(all µs)
read	99	1177	152	(all µs)
write	100	0	0	(all µs)
read	100	1375	334	(all µs)
# actual ops/s: 8325.08
# op	pct	sojourn	remote
write	50	0	0	(all µs)
read	50	747	137	(all µs)
write	95	0	0	(all µs)
read	95	1182	157	(all µs)
write	99	0	0	(all µs)
read	99	1197	172	(all µs)
write	100	0	0	(all µs)
read	100	2371	1328	(all µs)
# actual ops/s: 8343.29
# op	pct	sojourn	remote
write	50	0	0	(all µs)
read	50	747	141	(all µs)
write	95	0	0	(all µs)
read	95	1184	158	(all µs)
write	99	0	0	(all µs)
read	99	1197	172	(all µs)
write	100	0	0	(all µs)
read	100	1727	686	(all µs)
# actual ops/s: 8333.18
# op	pct	sojourn	remote
write	50	0	0	(all µs)
read	50	741	134	(all µs)
write	95	0	0	(all µs)
read	95	1177	154	(all µs)
write	99	0	0	(all µs)
read	99	1191	173	(all µs)
write	100	0	0	(all µs)
read	100	2085	1041	(all µs)
# actual ops/s: 8330.17
# op	pct	sojourn	remote
write	50	0	0	(all µs)
read	50	728	121	(all µs)
write	95	0	0	(all µs)
read	95	1165	138	(all µs)
write	99	0	0	(all µs)
read	99	1177	152	(all µs)
write	100	0	0	(all µs)
read	100	1459	417	(all µs)
# actual ops/s: 8287.34
# op	pct	sojourn	remote
write	50	0	0	(all µs)
read	50	765	151	(all µs)
write	95	0	0	(all µs)
read	95	1198	172	(all µs)
write	99	0	0	(all µs)
read	99	1214	184	(all µs)
write	100	0	0	(all µs)
read	100	1438	394	(all µs)
# actual ops/s: 8316.67
# op	pct	sojourn	remote
write	50	0	0	(all µs)
read	50	733	124	(all µs)
write	95	0	0	(all µs)
read	95	1169	145	(all µs)
write	99	0	0	(all µs)
read	99	1184	158	(all µs)
write	100	0	0	(all µs)
read	100	2023	982	(all µs)
# actual ops/s: 8347.10
# op	pct	sojourn	remote
write	50	0	0	(all µs)
read	50	738	131	(all µs)
write	95	0	0	(all µs)
read	95	1174	150	(all µs)
write	99	0	0	(all µs)
read	99	1188	168	(all µs)
write	100	0	0	(all µs)
read	100	2007	968	(all µs)
# server stats:
uptime:
 01:41:00 up 41 min,  0 users,  load average: 5.86, 6.42, 4.17
tables:
+------+-----+---------+
| soup | art | 6554.73 |
| soup | vt  | 0.00    |
+------+-----+---------+
