# actual ops/s: 8323.87
# op	pct	sojourn	remote
write	50	1192	188	(all µs)
read	50	730	126	(all µs)
write	95	1266	242	(all µs)
read	95	1168	162	(all µs)
write	99	1301	280	(all µs)
read	99	1192	200	(all µs)
write	100	1823	822	(all µs)
read	100	1438	399	(all µs)
# actual ops/s: 8331.63
# op	pct	sojourn	remote
write	50	1192	189	(all µs)
read	50	730	127	(all µs)
write	95	1267	243	(all µs)
read	95	1168	161	(all µs)
write	99	1299	274	(all µs)
read	99	1192	196	(all µs)
write	100	1690	655	(all µs)
read	100	1899	858	(all µs)
# actual ops/s: 8327.08
# op	pct	sojourn	remote
write	50	1182	178	(all µs)
read	50	726	121	(all µs)
write	95	1256	233	(all µs)
read	95	1163	157	(all µs)
write	99	1288	261	(all µs)
read	99	1187	194	(all µs)
write	100	1514	474	(all µs)
read	100	1464	425	(all µs)
# actual ops/s: 8328.56
# op	pct	sojourn	remote
write	50	1248	246	(all µs)
read	50	760	157	(all µs)
write	95	1323	300	(all µs)
read	95	1198	193	(all µs)
write	99	1358	338	(all µs)
read	99	1223	230	(all µs)
write	100	1668	629	(all µs)
read	100	1483	436	(all µs)
# actual ops/s: 8328.79
# op	pct	sojourn	remote
write	50	1247	244	(all µs)
read	50	758	154	(all µs)
write	95	1322	298	(all µs)
read	95	1195	190	(all µs)
write	99	1353	331	(all µs)
read	99	1220	227	(all µs)
write	100	1647	645	(all µs)
read	100	1579	540	(all µs)
# actual ops/s: 8333.23
# op	pct	sojourn	remote
write	50	1244	242	(all µs)
read	50	758	153	(all µs)
write	95	1318	296	(all µs)
read	95	1194	189	(all µs)
write	99	1349	328	(all µs)
read	99	1218	225	(all µs)
write	100	1583	581	(all µs)
read	100	1724	681	(all µs)
# actual ops/s: 8331.17
# op	pct	sojourn	remote
write	50	1194	190	(all µs)
read	50	732	127	(all µs)
write	95	1266	243	(all µs)
read	95	1169	169	(all µs)
write	99	1301	276	(all µs)
read	99	1198	200	(all µs)
write	100	1528	488	(all µs)
read	100	1429	389	(all µs)
# actual ops/s: 8330.81
# op	pct	sojourn	remote
write	50	1195	191	(all µs)
read	50	734	127	(all µs)
write	95	1269	244	(all µs)
read	95	1169	163	(all µs)
write	99	1301	277	(all µs)
read	99	1193	201	(all µs)
write	100	1509	471	(all µs)
read	100	1569	528	(all µs)
# actual ops/s: 8341.53
# op	pct	sojourn	remote
write	50	1242	240	(all µs)
read	50	756	151	(all µs)
write	95	1317	294	(all µs)
read	95	1194	187	(all µs)
write	99	1349	327	(all µs)
read	99	1218	224	(all µs)
write	100	1635	596	(all µs)
read	100	1977	976	(all µs)
# actual ops/s: 8341.63
# op	pct	sojourn	remote
write	50	1251	248	(all µs)
read	50	760	158	(all µs)
write	95	1326	304	(all µs)
read	95	1199	195	(all µs)
write	99	1367	346	(all µs)
read	99	1225	234	(all µs)
write	100	1672	632	(all µs)
read	100	1456	416	(all µs)
# actual ops/s: 8332.71
# op	pct	sojourn	remote
write	50	1247	245	(all µs)
read	50	759	155	(all µs)
write	95	1323	299	(all µs)
read	95	1196	190	(all µs)
write	99	1355	332	(all µs)
read	99	1220	227	(all µs)
write	100	1794	793	(all µs)
read	100	1989	949	(all µs)
# actual ops/s: 8317.76
# op	pct	sojourn	remote
write	50	1243	240	(all µs)
read	50	757	153	(all µs)
write	95	1319	296	(all µs)
read	95	1194	188	(all µs)
write	99	1351	329	(all µs)
read	99	1218	226	(all µs)
write	100	1623	583	(all µs)
read	100	1692	653	(all µs)
# server stats:
uptime:
 20:47:52 up 2 min,  0 users,  load average: 0.66, 0.23, 0.08
tables:
+------+-----+----------+
| soup | vt  | 33269.09 |
| soup | art | 6554.73  |
+------+-----+----------+
