# actual ops/s: 458094.69
# op	pct	sojourn	remote
write	50	0	0	(all µs)
read	50	100003	15746	(all µs)
write	95	0	0	(all µs)
read	95	100003	52303	(all µs)
write	99	0	0	(all µs)
read	99	100003	94883	(all µs)
write	100	0	0	(all µs)
read	100	100003	130631	(all µs)
# actual ops/s: 458490.08
# op	pct	sojourn	remote
write	50	100003	100003	(all µs)
read	50	100003	15720	(all µs)
write	95	100003	100003	(all µs)
read	95	100003	52521	(all µs)
write	99	100003	100003	(all µs)
read	99	100003	95107	(all µs)
write	100	100003	100003	(all µs)
read	100	100003	130915	(all µs)
# actual ops/s: 453640.03
# op	pct	sojourn	remote
write	50	100003	58895	(all µs)
read	50	100003	15752	(all µs)
write	95	100003	58895	(all µs)
read	95	100003	54711	(all µs)
write	99	100003	58895	(all µs)
read	99	100003	95855	(all µs)
write	100	100003	58895	(all µs)
read	100	100003	130851	(all µs)
# actual ops/s: 453987.93
# op	pct	sojourn	remote
write	50	0	0	(all µs)
read	50	100003	15759	(all µs)
write	95	0	0	(all µs)
read	95	100003	53891	(all µs)
write	99	0	0	(all µs)
read	99	100003	95419	(all µs)
write	100	0	0	(all µs)
read	100	100003	130727	(all µs)
# actual ops/s: 456690.41
# op	pct	sojourn	remote
write	50	0	0	(all µs)
read	50	100003	15703	(all µs)
write	95	0	0	(all µs)
read	95	100003	52847	(all µs)
write	99	0	0	(all µs)
read	99	100003	94183	(all µs)
write	100	0	0	(all µs)
read	100	100003	130671	(all µs)
# actual ops/s: 455075.03
# op	pct	sojourn	remote
write	50	0	0	(all µs)
read	50	100003	15728	(all µs)
write	95	0	0	(all µs)
read	95	100003	54109	(all µs)
write	99	0	0	(all µs)
read	99	100003	96467	(all µs)
write	100	0	0	(all µs)
read	100	100003	130971	(all µs)
# actual ops/s: 455211.22
# op	pct	sojourn	remote
write	50	0	0	(all µs)
read	50	100003	15754	(all µs)
write	95	0	0	(all µs)
read	95	100003	53129	(all µs)
write	99	0	0	(all µs)
read	99	100003	94235	(all µs)
write	100	0	0	(all µs)
read	100	100003	130751	(all µs)
# actual ops/s: 456796.68
# op	pct	sojourn	remote
write	50	0	0	(all µs)
read	50	100003	15716	(all µs)
write	95	0	0	(all µs)
read	95	100003	52175	(all µs)
write	99	0	0	(all µs)
read	99	100003	93795	(all µs)
write	100	0	0	(all µs)
read	100	100003	131047	(all µs)
# actual ops/s: 454804.67
# op	pct	sojourn	remote
write	50	0	0	(all µs)
read	50	100003	15699	(all µs)
write	95	0	0	(all µs)
read	95	100003	53997	(all µs)
write	99	0	0	(all µs)
read	99	100003	97015	(all µs)
write	100	0	0	(all µs)
read	100	100003	130563	(all µs)
# actual ops/s: 456758.40
# op	pct	sojourn	remote
write	50	0	0	(all µs)
read	50	100003	15622	(all µs)
write	95	0	0	(all µs)
read	95	100003	54211	(all µs)
write	99	0	0	(all µs)
read	99	100003	96771	(all µs)
write	100	0	0	(all µs)
read	100	100003	130883	(all µs)
# actual ops/s: 458575.92
# op	pct	sojourn	remote
write	50	0	0	(all µs)
read	50	100003	15728	(all µs)
write	95	0	0	(all µs)
read	95	100003	52981	(all µs)
write	99	0	0	(all µs)
read	99	100003	95403	(all µs)
write	100	0	0	(all µs)
read	100	100003	130639	(all µs)
# actual ops/s: 467240.42
# op	pct	sojourn	remote
write	50	0	0	(all µs)
read	50	100003	15634	(all µs)
write	95	0	0	(all µs)
read	95	100003	48947	(all µs)
write	99	0	0	(all µs)
read	99	100003	92851	(all µs)
write	100	0	0	(all µs)
read	100	100003	130731	(all µs)
# server stats:
uptime:
 23:07:01 up 45 min,  0 users,  load average: 22.16, 9.29, 5.75
tables:
+------+-----+---------+
| soup | art | 6554.73 |
| soup | vt  | 504.05  |
+------+-----+---------+
