# actual ops/s: 83315.91
# op	pct	sojourn	remote
write	50	0	0	(all µs)
read	50	839	269	(all µs)
write	95	0	0	(all µs)
read	95	1298	344	(all µs)
write	99	0	0	(all µs)
read	99	1352	415	(all µs)
write	100	0	0	(all µs)
read	100	1937	897	(all µs)
# actual ops/s: 83318.97
# op	pct	sojourn	remote
write	50	0	0	(all µs)
read	50	819	247	(all µs)
write	95	0	0	(all µs)
read	95	1278	322	(all µs)
write	99	0	0	(all µs)
read	99	1332	392	(all µs)
write	100	0	0	(all µs)
read	100	2144	1103	(all µs)
# actual ops/s: 83316.73
# op	pct	sojourn	remote
write	50	0	0	(all µs)
read	50	818	248	(all µs)
write	95	0	0	(all µs)
read	95	1279	324	(all µs)
write	99	0	0	(all µs)
read	99	1334	398	(all µs)
write	100	0	0	(all µs)
read	100	2136	1095	(all µs)
# actual ops/s: 83288.30
# op	pct	sojourn	remote
write	50	0	0	(all µs)
read	50	821	251	(all µs)
write	95	0	0	(all µs)
read	95	1281	325	(all µs)
write	99	0	0	(all µs)
read	99	1336	395	(all µs)
write	100	0	0	(all µs)
read	100	1822	778	(all µs)
# actual ops/s: 83266.29
# op	pct	sojourn	remote
write	50	0	0	(all µs)
read	50	848	277	(all µs)
write	95	0	0	(all µs)
read	95	1308	354	(all µs)
write	99	0	0	(all µs)
read	99	1364	424	(all µs)
write	100	0	0	(all µs)
read	100	1921	878	(all µs)
# actual ops/s: 83337.74
# op	pct	sojourn	remote
write	50	0	0	(all µs)
read	50	866	295	(all µs)
write	95	0	0	(all µs)
read	95	1326	372	(all µs)
write	99	0	0	(all µs)
read	99	1381	450	(all µs)
write	100	0	0	(all µs)
read	100	1753	710	(all µs)
# actual ops/s: 83289.66
# op	pct	sojourn	remote
write	50	0	0	(all µs)
read	50	869	297	(all µs)
write	95	0	0	(all µs)
read	95	1328	374	(all µs)
write	99	0	0	(all µs)
read	99	1385	449	(all µs)
write	100	0	0	(all µs)
read	100	1813	773	(all µs)
# actual ops/s: 83344.63
# op	pct	sojourn	remote
write	50	0	0	(all µs)
read	50	867	296	(all µs)
write	95	0	0	(all µs)
read	95	1327	367	(all µs)
write	99	0	0	(all µs)
read	99	1379	436	(all µs)
write	100	0	0	(all µs)
read	100	1923	884	(all µs)
# actual ops/s: 83229.35
# op	pct	sojourn	remote
write	50	0	0	(all µs)
read	50	867	295	(all µs)
write	95	0	0	(all µs)
read	95	1327	369	(all µs)
write	99	0	0	(all µs)
read	99	1381	438	(all µs)
write	100	0	0	(all µs)
read	100	1837	796	(all µs)
# actual ops/s: 83371.69
# op	pct	sojourn	remote
write	50	0	0	(all µs)
read	50	870	298	(all µs)
write	95	0	0	(all µs)
read	95	1329	376	(all µs)
write	99	0	0	(all µs)
read	99	1387	453	(all µs)
write	100	0	0	(all µs)
read	100	2097	1057	(all µs)
# actual ops/s: 83345.15
# op	pct	sojourn	remote
write	50	0	0	(all µs)
read	50	867	294	(all µs)
write	95	0	0	(all µs)
read	95	1327	369	(all µs)
write	99	0	0	(all µs)
read	99	1382	440	(all µs)
write	100	0	0	(all µs)
read	100	1912	868	(all µs)
# actual ops/s: 83347.11
# op	pct	sojourn	remote
write	50	0	0	(all µs)
read	50	851	280	(all µs)
write	95	0	0	(all µs)
read	95	1311	356	(all µs)
write	99	0	0	(all µs)
read	99	1366	431	(all µs)
write	100	0	0	(all µs)
read	100	1906	866	(all µs)
# server stats:
uptime:
 23:03:17 up 41 min,  0 users,  load average: 1.24, 4.02, 3.92
tables:
+------+-----+---------+
| soup | art | 6554.73 |
| soup | vt  | 0.00    |
+------+-----+---------+
