# actual ops/s: 166525.43
# op	pct	sojourn	remote
write	50	0	0	(all µs)
read	50	1060	489	(all µs)
write	95	0	0	(all µs)
read	95	1568	786	(all µs)
write	99	0	0	(all µs)
read	99	1776	971	(all µs)
write	100	0	0	(all µs)
read	100	2765	1751	(all µs)
# actual ops/s: 166677.90
# op	pct	sojourn	remote
write	50	0	0	(all µs)
read	50	1031	450	(all µs)
write	95	0	0	(all µs)
read	95	1533	752	(all µs)
write	99	0	0	(all µs)
read	99	1742	934	(all µs)
write	100	0	0	(all µs)
read	100	2600	1598	(all µs)
# actual ops/s: 166666.37
# op	pct	sojourn	remote
write	50	0	0	(all µs)
read	50	1023	435	(all µs)
write	95	0	0	(all µs)
read	95	1518	737	(all µs)
write	99	0	0	(all µs)
read	99	1729	925	(all µs)
write	100	0	0	(all µs)
read	100	2762	1717	(all µs)
# actual ops/s: 166559.10
# op	pct	sojourn	remote
write	50	0	0	(all µs)
read	50	1032	447	(all µs)
write	95	0	0	(all µs)
read	95	1534	754	(all µs)
write	99	0	0	(all µs)
read	99	1746	943	(all µs)
write	100	0	0	(all µs)
read	100	2572	1568	(all µs)
# actual ops/s: 166637.49
# op	pct	sojourn	remote
write	50	0	0	(all µs)
read	50	1070	500	(all µs)
write	95	0	0	(all µs)
read	95	1577	798	(all µs)
write	99	0	0	(all µs)
read	99	1787	984	(all µs)
write	100	0	0	(all µs)
read	100	2749	1706	(all µs)
# actual ops/s: 166601.15
# op	pct	sojourn	remote
write	50	0	0	(all µs)
read	50	1076	515	(all µs)
write	95	0	0	(all µs)
read	95	1571	782	(all µs)
write	99	0	0	(all µs)
read	99	1768	955	(all µs)
write	100	0	0	(all µs)
read	100	3097	2056	(all µs)
# actual ops/s: 166641.82
# op	pct	sojourn	remote
write	50	0	0	(all µs)
read	50	1084	522	(all µs)
write	95	0	0	(all µs)
read	95	1585	805	(all µs)
write	99	0	0	(all µs)
read	99	1789	983	(all µs)
write	100	0	0	(all µs)
read	100	2738	1696	(all µs)
# actual ops/s: 166566.74
# op	pct	sojourn	remote
write	50	0	0	(all µs)
read	50	1084	521	(all µs)
write	95	0	0	(all µs)
read	95	1585	807	(all µs)
write	99	0	0	(all µs)
read	99	1792	984	(all µs)
write	100	0	0	(all µs)
read	100	2898	1855	(all µs)
# actual ops/s: 166618.06
# op	pct	sojourn	remote
write	50	0	0	(all µs)
read	50	1079	518	(all µs)
write	95	0	0	(all µs)
read	95	1576	794	(all µs)
write	99	0	0	(all µs)
read	99	1778	968	(all µs)
write	100	0	0	(all µs)
read	100	2670	1629	(all µs)
# actual ops/s: 166500.00
# op	pct	sojourn	remote
write	50	0	0	(all µs)
read	50	1080	517	(all µs)
write	95	0	0	(all µs)
read	95	1578	790	(all µs)
write	99	0	0	(all µs)
read	99	1777	962	(all µs)
write	100	0	0	(all µs)
read	100	100003	100003	(all µs)
# actual ops/s: 166681.19
# op	pct	sojourn	remote
write	50	0	0	(all µs)
read	50	1084	511	(all µs)
write	95	0	0	(all µs)
read	95	1592	819	(all µs)
write	99	0	0	(all µs)
read	99	1806	1006	(all µs)
write	100	0	0	(all µs)
read	100	2812	1769	(all µs)
# actual ops/s: 166540.22
# op	pct	sojourn	remote
write	50	0	0	(all µs)
read	50	1071	500	(all µs)
write	95	0	0	(all µs)
read	95	1577	800	(all µs)
write	99	0	0	(all µs)
read	99	1783	976	(all µs)
write	100	0	0	(all µs)
read	100	2679	1676	(all µs)
# server stats:
uptime:
 23:04:08 up 42 min,  0 users,  load average: 1.25, 3.61, 3.79
tables:
+------+-----+---------+
| soup | art | 6554.73 |
| soup | vt  | 0.00    |
+------+-----+---------+
