# actual ops/s: 832644.82
# op	pct	sojourn	remote
write	50	0	0	(all µs)
read	50	1881	1235	(all µs)
write	95	0	0	(all µs)
read	95	3270	2628	(all µs)
write	99	0	0	(all µs)
read	99	4210	3576	(all µs)
write	100	0	0	(all µs)
read	100	7855	6815	(all µs)
# actual ops/s: 832544.63
# op	pct	sojourn	remote
write	50	0	0	(all µs)
read	50	1867	1219	(all µs)
write	95	0	0	(all µs)
read	95	3254	2634	(all µs)
write	99	0	0	(all µs)
read	99	4153	3515	(all µs)
write	100	0	0	(all µs)
read	100	9255	8213	(all µs)
# actual ops/s: 832713.23
# op	pct	sojourn	remote
write	50	0	0	(all µs)
read	50	1891	1244	(all µs)
write	95	0	0	(all µs)
read	95	3280	2650	(all µs)
write	99	0	0	(all µs)
read	99	4239	3602	(all µs)
write	100	0	0	(all µs)
read	100	8262	7221	(all µs)
# actual ops/s: 832656.89
# op	pct	sojourn	remote
write	50	0	0	(all µs)
read	50	1877	1231	(all µs)
write	95	0	0	(all µs)
read	95	3241	2605	(all µs)
write	99	0	0	(all µs)
read	99	4167	3544	(all µs)
write	100	0	0	(all µs)
read	100	8198	7156	(all µs)
# actual ops/s: 832659.19
# op	pct	sojourn	remote
write	50	0	0	(all µs)
read	50	1864	1217	(all µs)
write	95	0	0	(all µs)
read	95	3251	2616	(all µs)
write	99	0	0	(all µs)
read	99	4143	3495	(all µs)
write	100	0	0	(all µs)
read	100	7388	6346	(all µs)
# actual ops/s: 832902.88
# op	pct	sojourn	remote
write	50	0	0	(all µs)
read	50	1888	1241	(all µs)
write	95	0	0	(all µs)
read	95	3269	2643	(all µs)
write	99	0	0	(all µs)
read	99	4194	3549	(all µs)
write	100	0	0	(all µs)
read	100	7719	6715	(all µs)
# actual ops/s: 832797.17
# op	pct	sojourn	remote
write	50	0	0	(all µs)
read	50	1918	1268	(all µs)
write	95	0	0	(all µs)
read	95	3308	2678	(all µs)
write	99	0	0	(all µs)
read	99	4250	3618	(all µs)
write	100	0	0	(all µs)
read	100	9482	8438	(all µs)
# actual ops/s: 832682.44
# op	pct	sojourn	remote
write	50	0	0	(all µs)
read	50	1877	1233	(all µs)
write	95	0	0	(all µs)
read	95	3249	2617	(all µs)
write	99	0	0	(all µs)
read	99	4175	3535	(all µs)
write	100	0	0	(all µs)
read	100	9994	8953	(all µs)
# actual ops/s: 832723.45
# op	pct	sojourn	remote
write	50	0	0	(all µs)
read	50	1844	1204	(all µs)
write	95	0	0	(all µs)
read	95	3235	2610	(all µs)
write	99	0	0	(all µs)
read	99	4146	3520	(all µs)
write	100	0	0	(all µs)
read	100	7434	6428	(all µs)
# actual ops/s: 832627.59
# op	pct	sojourn	remote
write	50	0	0	(all µs)
read	50	1896	1248	(all µs)
write	95	0	0	(all µs)
read	95	3254	2611	(all µs)
write	99	0	0	(all µs)
read	99	4196	3571	(all µs)
write	100	0	0	(all µs)
read	100	8483	7431	(all µs)
# actual ops/s: 832360.46
# op	pct	sojourn	remote
write	50	0	0	(all µs)
read	50	1856	1215	(all µs)
write	95	0	0	(all µs)
read	95	3232	2599	(all µs)
write	99	0	0	(all µs)
read	99	4181	3550	(all µs)
write	100	0	0	(all µs)
read	100	8850	7805	(all µs)
# actual ops/s: 832436.94
# op	pct	sojourn	remote
write	50	0	0	(all µs)
read	50	1875	1232	(all µs)
write	95	0	0	(all µs)
read	95	3253	2618	(all µs)
write	99	0	0	(all µs)
read	99	4197	3554	(all µs)
write	100	0	0	(all µs)
read	100	7784	6737	(all µs)
# server stats:
uptime:
 01:47:49 up 47 min,  0 users,  load average: 6.25, 4.43, 3.80
tables:
+------+-----+---------+
| soup | art | 6554.73 |
| soup | vt  | 0.00    |
+------+-----+---------+
