# actual ops/s: 20796.44
# op	pct	sojourn	remote
write	50	0	0	(all µs)
read	50	728	153	(all µs)
write	95	0	0	(all µs)
read	95	1188	177	(all µs)
write	99	0	0	(all µs)
read	99	1209	204	(all µs)
write	100	0	0	(all µs)
read	100	1686	648	(all µs)
# actual ops/s: 20824.20
# op	pct	sojourn	remote
write	50	0	0	(all µs)
read	50	723	146	(all µs)
write	95	0	0	(all µs)
read	95	1183	170	(all µs)
write	99	0	0	(all µs)
read	99	1204	188	(all µs)
write	100	0	0	(all µs)
read	100	1692	647	(all µs)
# actual ops/s: 20820.14
# op	pct	sojourn	remote
write	50	0	0	(all µs)
read	50	736	161	(all µs)
write	95	0	0	(all µs)
read	95	1198	184	(all µs)
write	99	0	0	(all µs)
read	99	1217	204	(all µs)
write	100	0	0	(all µs)
read	100	1476	434	(all µs)
# actual ops/s: 20844.82
# op	pct	sojourn	remote
write	50	0	0	(all µs)
read	50	727	151	(all µs)
write	95	0	0	(all µs)
read	95	1188	175	(all µs)
write	99	0	0	(all µs)
read	99	1208	198	(all µs)
write	100	0	0	(all µs)
read	100	1780	739	(all µs)
# actual ops/s: 20863.47
# op	pct	sojourn	remote
write	50	0	0	(all µs)
read	50	715	140	(all µs)
write	95	0	0	(all µs)
read	95	1176	163	(all µs)
write	99	0	0	(all µs)
read	99	1195	183	(all µs)
write	100	0	0	(all µs)
read	100	1430	387	(all µs)
# actual ops/s: 20855.23
# op	pct	sojourn	remote
write	50	0	0	(all µs)
read	50	733	159	(all µs)
write	95	0	0	(all µs)
read	95	1195	185	(all µs)
write	99	0	0	(all µs)
read	99	1217	208	(all µs)
write	100	0	0	(all µs)
read	100	1866	824	(all µs)
# actual ops/s: 20843.85
# op	pct	sojourn	remote
write	50	0	0	(all µs)
read	50	740	163	(all µs)
write	95	0	0	(all µs)
read	95	1199	188	(all µs)
write	99	0	0	(all µs)
read	99	1220	208	(all µs)
write	100	0	0	(all µs)
read	100	1461	417	(all µs)
# actual ops/s: 20837.24
# op	pct	sojourn	remote
write	50	0	0	(all µs)
read	50	730	155	(all µs)
write	95	0	0	(all µs)
read	95	1191	180	(all µs)
write	99	0	0	(all µs)
read	99	1211	201	(all µs)
write	100	0	0	(all µs)
read	100	2483	1441	(all µs)
# actual ops/s: 20837.73
# op	pct	sojourn	remote
write	50	0	0	(all µs)
read	50	715	140	(all µs)
write	95	0	0	(all µs)
read	95	1176	163	(all µs)
write	99	0	0	(all µs)
read	99	1195	182	(all µs)
write	100	0	0	(all µs)
read	100	1950	908	(all µs)
# actual ops/s: 20836.04
# op	pct	sojourn	remote
write	50	0	0	(all µs)
read	50	747	170	(all µs)
write	95	0	0	(all µs)
read	95	1208	196	(all µs)
write	99	0	0	(all µs)
read	99	1231	215	(all µs)
write	100	0	0	(all µs)
read	100	1547	501	(all µs)
# actual ops/s: 20861.31
# op	pct	sojourn	remote
write	50	0	0	(all µs)
read	50	719	143	(all µs)
write	95	0	0	(all µs)
read	95	1179	168	(all µs)
write	99	0	0	(all µs)
read	99	1200	186	(all µs)
write	100	0	0	(all µs)
read	100	2029	987	(all µs)
# actual ops/s: 20833.67
# op	pct	sojourn	remote
write	50	0	0	(all µs)
read	50	726	151	(all µs)
write	95	0	0	(all µs)
read	95	1188	175	(all µs)
write	99	0	0	(all µs)
read	99	1207	197	(all µs)
write	100	0	0	(all µs)
read	100	2068	1026	(all µs)
# server stats:
uptime:
 01:41:52 up 41 min,  0 users,  load average: 2.72, 5.47, 3.97
tables:
+------+-----+---------+
| soup | art | 6554.73 |
| soup | vt  | 0.00    |
+------+-----+---------+
