# actual ops/s: 166660.83
# op	pct	sojourn	remote
write	50	1092	495	(all µs)
read	50	1434	893	(all µs)
write	95	1661	841	(all µs)
read	95	2180	1475	(all µs)
write	99	1874	1075	(all µs)
read	99	2624	2005	(all µs)
write	100	3297	2277	(all µs)
read	100	4992	3989	(all µs)
# actual ops/s: 166644.16
# op	pct	sojourn	remote
write	50	1093	498	(all µs)
read	50	1436	899	(all µs)
write	95	1662	844	(all µs)
read	95	2178	1473	(all µs)
write	99	1871	1060	(all µs)
read	99	2646	2030	(all µs)
write	100	3698	2697	(all µs)
read	100	5070	4068	(all µs)
# actual ops/s: 166627.20
# op	pct	sojourn	remote
write	50	1082	486	(all µs)
read	50	1416	881	(all µs)
write	95	1649	832	(all µs)
read	95	2172	1471	(all µs)
write	99	1860	1065	(all µs)
read	99	2599	1967	(all µs)
write	100	3342	2340	(all µs)
read	100	4984	3948	(all µs)
# actual ops/s: 166709.50
# op	pct	sojourn	remote
write	50	1147	551	(all µs)
read	50	1474	939	(all µs)
write	95	1714	895	(all µs)
read	95	2225	1530	(all µs)
write	99	1927	1128	(all µs)
read	99	2670	2037	(all µs)
write	100	3591	2590	(all µs)
read	100	4715	3713	(all µs)
# actual ops/s: 166699.14
# op	pct	sojourn	remote
write	50	1145	549	(all µs)
read	50	1464	928	(all µs)
write	95	1712	896	(all µs)
read	95	2210	1507	(all µs)
write	99	1925	1115	(all µs)
read	99	2668	2060	(all µs)
write	100	3059	2058	(all µs)
read	100	4932	3896	(all µs)
# actual ops/s: 166526.02
# op	pct	sojourn	remote
write	50	1145	551	(all µs)
read	50	1466	931	(all µs)
write	95	1710	895	(all µs)
read	95	2204	1502	(all µs)
write	99	1927	1138	(all µs)
read	99	2655	2032	(all µs)
write	100	3768	2766	(all µs)
read	100	4959	3957	(all µs)
# actual ops/s: 166593.04
# op	pct	sojourn	remote
write	50	1090	493	(all µs)
read	50	1436	902	(all µs)
write	95	1657	834	(all µs)
read	95	2186	1476	(all µs)
write	99	1868	1069	(all µs)
read	99	2642	2022	(all µs)
write	100	3203	2201	(all µs)
read	100	4781	3748	(all µs)
# actual ops/s: 166705.48
# op	pct	sojourn	remote
write	50	1093	497	(all µs)
read	50	1435	896	(all µs)
write	95	1657	842	(all µs)
read	95	2188	1480	(all µs)
write	99	1871	1062	(all µs)
read	99	2645	2042	(all µs)
write	100	3957	2955	(all µs)
read	100	6117	5115	(all µs)
# actual ops/s: 166550.97
# op	pct	sojourn	remote
write	50	1142	545	(all µs)
read	50	1455	915	(all µs)
write	95	1709	891	(all µs)
read	95	2203	1503	(all µs)
write	99	1919	1115	(all µs)
read	99	2685	2068	(all µs)
write	100	5000	3999	(all µs)
read	100	6039	5037	(all µs)
# actual ops/s: 166706.84
# op	pct	sojourn	remote
write	50	1145	550	(all µs)
read	50	1474	939	(all µs)
write	95	1713	897	(all µs)
read	95	2225	1521	(all µs)
write	99	1926	1115	(all µs)
read	99	2686	2059	(all µs)
write	100	3674	2640	(all µs)
read	100	5152	4117	(all µs)
# actual ops/s: 166626.96
# op	pct	sojourn	remote
write	50	1148	549	(all µs)
read	50	1466	931	(all µs)
write	95	1715	898	(all µs)
read	95	2217	1514	(all µs)
write	99	1927	1127	(all µs)
read	99	2678	2050	(all µs)
write	100	5135	4098	(all µs)
read	100	5007	3972	(all µs)
# actual ops/s: 166655.76
# op	pct	sojourn	remote
write	50	1139	545	(all µs)
read	50	1458	922	(all µs)
write	95	1712	896	(all µs)
read	95	2200	1495	(all µs)
write	99	1927	1130	(all µs)
read	99	2670	2058	(all µs)
write	100	3680	2678	(all µs)
read	100	5066	4028	(all µs)
# server stats:
uptime:
 20:51:20 up 6 min,  0 users,  load average: 4.26, 1.78, 0.70
tables:
+------+-----+-----------+
| soup | vt  | 211205.64 |
| soup | art | 6554.73   |
+------+-----+-----------+
