# actual ops/s: 20851.43
# op	pct	sojourn	remote
write	50	0	0	(all µs)
read	50	722	146	(all µs)
write	95	0	0	(all µs)
read	95	1182	172	(all µs)
write	99	0	0	(all µs)
read	99	1203	197	(all µs)
write	100	0	0	(all µs)
read	100	2300	1260	(all µs)
# actual ops/s: 20830.35
# op	pct	sojourn	remote
write	50	0	0	(all µs)
read	50	704	128	(all µs)
write	95	0	0	(all µs)
read	95	1164	154	(all µs)
write	99	0	0	(all µs)
read	99	1185	178	(all µs)
write	100	0	0	(all µs)
read	100	1986	944	(all µs)
# actual ops/s: 20808.16
# op	pct	sojourn	remote
write	50	0	0	(all µs)
read	50	705	128	(all µs)
write	95	0	0	(all µs)
read	95	1164	154	(all µs)
write	99	0	0	(all µs)
read	99	1185	177	(all µs)
write	100	0	0	(all µs)
read	100	1984	943	(all µs)
# actual ops/s: 20836.92
# op	pct	sojourn	remote
write	50	0	0	(all µs)
read	50	703	129	(all µs)
write	95	0	0	(all µs)
read	95	1164	155	(all µs)
write	99	0	0	(all µs)
read	99	1185	175	(all µs)
write	100	0	0	(all µs)
read	100	1620	578	(all µs)
# actual ops/s: 20834.90
# op	pct	sojourn	remote
write	50	0	0	(all µs)
read	50	729	153	(all µs)
write	95	0	0	(all µs)
read	95	1189	180	(all µs)
write	99	0	0	(all µs)
read	99	1211	205	(all µs)
write	100	0	0	(all µs)
read	100	2063	1020	(all µs)
# actual ops/s: 20848.06
# op	pct	sojourn	remote
write	50	0	0	(all µs)
read	50	741	166	(all µs)
write	95	0	0	(all µs)
read	95	1202	194	(all µs)
write	99	0	0	(all µs)
read	99	1224	219	(all µs)
write	100	0	0	(all µs)
read	100	2127	1087	(all µs)
# actual ops/s: 20824.14
# op	pct	sojourn	remote
write	50	0	0	(all µs)
read	50	743	168	(all µs)
write	95	0	0	(all µs)
read	95	1204	195	(all µs)
write	99	0	0	(all µs)
read	99	1226	222	(all µs)
write	100	0	0	(all µs)
read	100	2405	1365	(all µs)
# actual ops/s: 20862.88
# op	pct	sojourn	remote
write	50	0	0	(all µs)
read	50	743	167	(all µs)
write	95	0	0	(all µs)
read	95	1203	194	(all µs)
write	99	0	0	(all µs)
read	99	1225	219	(all µs)
write	100	0	0	(all µs)
read	100	1781	738	(all µs)
# actual ops/s: 20807.48
# op	pct	sojourn	remote
write	50	0	0	(all µs)
read	50	743	166	(all µs)
write	95	0	0	(all µs)
read	95	1203	194	(all µs)
write	99	0	0	(all µs)
read	99	1225	219	(all µs)
write	100	0	0	(all µs)
read	100	2510	1467	(all µs)
# actual ops/s: 20808.40
# op	pct	sojourn	remote
write	50	0	0	(all µs)
read	50	744	168	(all µs)
write	95	0	0	(all µs)
read	95	1204	196	(all µs)
write	99	0	0	(all µs)
read	99	1226	220	(all µs)
write	100	0	0	(all µs)
read	100	2069	1028	(all µs)
# actual ops/s: 20841.99
# op	pct	sojourn	remote
write	50	0	0	(all µs)
read	50	744	166	(all µs)
write	95	0	0	(all µs)
read	95	1203	195	(all µs)
write	99	0	0	(all µs)
read	99	1227	220	(all µs)
write	100	0	0	(all µs)
read	100	2021	976	(all µs)
# actual ops/s: 20821.35
# op	pct	sojourn	remote
write	50	0	0	(all µs)
read	50	731	155	(all µs)
write	95	0	0	(all µs)
read	95	1191	183	(all µs)
write	99	0	0	(all µs)
read	99	1213	205	(all µs)
write	100	0	0	(all µs)
read	100	2070	1028	(all µs)
# server stats:
uptime:
 23:01:35 up 39 min,  0 users,  load average: 2.44, 5.28, 4.27
tables:
+------+-----+---------+
| soup | art | 6554.73 |
| soup | vt  | 0.00    |
+------+-----+---------+
