# actual ops/s: 261678.69
# op	pct	sojourn	remote
write	50	100003	4846	(all µs)
read	50	100003	14259	(all µs)
write	95	100003	9427	(all µs)
read	95	100003	22850	(all µs)
write	99	100003	10691	(all µs)
read	99	100003	26201	(all µs)
write	100	100003	29427	(all µs)
read	100	100003	38863	(all µs)
# actual ops/s: 261572.76
# op	pct	sojourn	remote
write	50	100003	4849	(all µs)
read	50	100003	14288	(all µs)
write	95	100003	9423	(all µs)
read	95	100003	22758	(all µs)
write	99	100003	10693	(all µs)
read	99	100003	26253	(all µs)
write	100	100003	27165	(all µs)
read	100	100003	41809	(all µs)
# actual ops/s: 262226.51
# op	pct	sojourn	remote
write	50	100003	4857	(all µs)
read	50	100003	14230	(all µs)
write	95	100003	9409	(all µs)
read	95	100003	22732	(all µs)
write	99	100003	10660	(all µs)
read	99	100003	26177	(all µs)
write	100	100003	28445	(all µs)
read	100	100003	40501	(all µs)
# actual ops/s: 260062.02
# op	pct	sojourn	remote
write	50	100003	4868	(all µs)
read	50	100003	14342	(all µs)
write	95	100003	9460	(all µs)
read	95	100003	22925	(all µs)
write	99	100003	10876	(all µs)
read	99	100003	26228	(all µs)
write	100	100003	40341	(all µs)
read	100	100003	38959	(all µs)
# actual ops/s: 260439.67
# op	pct	sojourn	remote
write	50	100003	4859	(all µs)
read	50	100003	14296	(all µs)
write	95	100003	9466	(all µs)
read	95	100003	22855	(all µs)
write	99	100003	10699	(all µs)
read	99	100003	26265	(all µs)
write	100	100003	28349	(all µs)
read	100	100003	37799	(all µs)
# actual ops/s: 260483.12
# op	pct	sojourn	remote
write	50	100003	4838	(all µs)
read	50	100003	14312	(all µs)
write	95	100003	9445	(all µs)
read	95	100003	22917	(all µs)
write	99	100003	10658	(all µs)
read	99	100003	26241	(all µs)
write	100	100003	42953	(all µs)
read	100	100003	41365	(all µs)
# actual ops/s: 261591.06
# op	pct	sojourn	remote
write	50	100003	4846	(all µs)
read	50	100003	14259	(all µs)
write	95	100003	9414	(all µs)
read	95	100003	22829	(all µs)
write	99	100003	10727	(all µs)
read	99	100003	26146	(all µs)
write	100	100003	27936	(all µs)
read	100	100003	39721	(all µs)
# actual ops/s: 261363.22
# op	pct	sojourn	remote
write	50	100003	4829	(all µs)
read	50	100003	14278	(all µs)
write	95	100003	9420	(all µs)
read	95	100003	22781	(all µs)
write	99	100003	10627	(all µs)
read	99	100003	26204	(all µs)
write	100	100003	40357	(all µs)
read	100	100003	39755	(all µs)
# actual ops/s: 260755.76
# op	pct	sojourn	remote
write	50	100003	4852	(all µs)
read	50	100003	14259	(all µs)
write	95	100003	9477	(all µs)
read	95	100003	22866	(all µs)
write	99	100003	10680	(all µs)
read	99	100003	26362	(all µs)
write	100	100003	27387	(all µs)
read	100	100003	37965	(all µs)
# actual ops/s: 260867.74
# op	pct	sojourn	remote
write	50	100003	4845	(all µs)
read	50	100003	14271	(all µs)
write	95	100003	9443	(all µs)
read	95	100003	22911	(all µs)
write	99	100003	10650	(all µs)
read	99	100003	26270	(all µs)
write	100	100003	40981	(all µs)
read	100	100003	40807	(all µs)
# actual ops/s: 261127.43
# op	pct	sojourn	remote
write	50	100003	4855	(all µs)
read	50	100003	14249	(all µs)
write	95	100003	9475	(all µs)
read	95	100003	22830	(all µs)
write	99	100003	10764	(all µs)
read	99	100003	26239	(all µs)
write	100	100003	26908	(all µs)
read	100	100003	42645	(all µs)
# actual ops/s: 261358.29
# op	pct	sojourn	remote
write	50	100003	4837	(all µs)
read	50	100003	14237	(all µs)
write	95	100003	9443	(all µs)
read	95	100003	22878	(all µs)
write	99	100003	10652	(all µs)
read	99	100003	26237	(all µs)
write	100	100003	28082	(all µs)
read	100	100003	39097	(all µs)
# server stats:
uptime:
 20:52:22 up 7 min,  0 users,  load average: 12.39, 4.85, 1.85
tables:
+------+-----+-----------+
| soup | vt  | 398717.08 |
| soup | art | 6554.73   |
+------+-----+-----------+
