# actual ops/s: 83397.06
# op	pct	sojourn	remote
write	50	951	316	(all µs)
read	50	919	362	(all µs)
write	95	1378	438	(all µs)
read	95	1408	583	(all µs)
write	99	1459	518	(all µs)
read	99	1549	701	(all µs)
write	100	2298	1296	(all µs)
read	100	2070	1058	(all µs)
# actual ops/s: 83263.61
# op	pct	sojourn	remote
write	50	953	317	(all µs)
read	50	919	365	(all µs)
write	95	1379	442	(all µs)
read	95	1409	584	(all µs)
write	99	1461	524	(all µs)
read	99	1549	698	(all µs)
write	100	2093	1041	(all µs)
read	100	2135	1133	(all µs)
# actual ops/s: 83334.77
# op	pct	sojourn	remote
write	50	938	306	(all µs)
read	50	904	350	(all µs)
write	95	1368	428	(all µs)
read	95	1393	572	(all µs)
write	99	1447	510	(all µs)
read	99	1536	682	(all µs)
write	100	2031	1029	(all µs)
read	100	2203	1162	(all µs)
# actual ops/s: 83283.90
# op	pct	sojourn	remote
write	50	1010	374	(all µs)
read	50	950	397	(all µs)
write	95	1438	500	(all µs)
read	95	1440	620	(all µs)
write	99	1522	582	(all µs)
read	99	1584	739	(all µs)
write	100	2196	1156	(all µs)
read	100	2347	1345	(all µs)
# actual ops/s: 83331.24
# op	pct	sojourn	remote
write	50	1007	371	(all µs)
read	50	943	390	(all µs)
write	95	1433	497	(all µs)
read	95	1431	608	(all µs)
write	99	1517	580	(all µs)
read	99	1573	733	(all µs)
write	100	2171	1167	(all µs)
read	100	2144	1142	(all µs)
# actual ops/s: 83324.76
# op	pct	sojourn	remote
write	50	1003	369	(all µs)
read	50	945	393	(all µs)
write	95	1430	492	(all µs)
read	95	1434	613	(all µs)
write	99	1512	572	(all µs)
read	99	1575	730	(all µs)
write	100	2326	1325	(all µs)
read	100	2146	1145	(all µs)
# actual ops/s: 83333.91
# op	pct	sojourn	remote
write	50	951	317	(all µs)
read	50	918	363	(all µs)
write	95	1379	441	(all µs)
read	95	1408	582	(all µs)
write	99	1461	527	(all µs)
read	99	1547	698	(all µs)
write	100	2830	1828	(all µs)
read	100	2274	1272	(all µs)
# actual ops/s: 83294.99
# op	pct	sojourn	remote
write	50	954	318	(all µs)
read	50	919	364	(all µs)
write	95	1380	441	(all µs)
read	95	1410	586	(all µs)
write	99	1461	520	(all µs)
read	99	1552	701	(all µs)
write	100	1986	985	(all µs)
read	100	2978	1977	(all µs)
# actual ops/s: 83278.76
# op	pct	sojourn	remote
write	50	1000	366	(all µs)
read	50	941	389	(all µs)
write	95	1428	490	(all µs)
read	95	1431	609	(all µs)
write	99	1511	573	(all µs)
read	99	1571	723	(all µs)
write	100	5255	4254	(all µs)
read	100	2232	1230	(all µs)
# actual ops/s: 83405.73
# op	pct	sojourn	remote
write	50	1005	372	(all µs)
read	50	950	397	(all µs)
write	95	1433	497	(all µs)
read	95	1440	624	(all µs)
write	99	1515	578	(all µs)
read	99	1582	734	(all µs)
write	100	2084	1082	(all µs)
read	100	2240	1238	(all µs)
# actual ops/s: 83292.77
# op	pct	sojourn	remote
write	50	1004	371	(all µs)
read	50	944	392	(all µs)
write	95	1432	493	(all µs)
read	95	1433	612	(all µs)
write	99	1513	574	(all µs)
read	99	1576	726	(all µs)
write	100	1967	965	(all µs)
read	100	2691	1649	(all µs)
# actual ops/s: 83383.86
# op	pct	sojourn	remote
write	50	1003	367	(all µs)
read	50	942	387	(all µs)
write	95	1430	491	(all µs)
read	95	1431	610	(all µs)
write	99	1511	572	(all µs)
read	99	1574	725	(all µs)
write	100	2436	1435	(all µs)
read	100	2834	1832	(all µs)
# server stats:
uptime:
 20:50:29 up 5 min,  0 users,  load average: 2.59, 1.14, 0.45
tables:
+------+-----+-----------+
| soup | vt  | 117448.92 |
| soup | art | 6554.73   |
+------+-----+-----------+
