# actual ops/s: 166634.52
# op	pct	sojourn	remote
write	50	0	0	(all µs)
read	50	816	251	(all µs)
write	95	0	0	(all µs)
read	95	1277	293	(all µs)
write	99	0	0	(all µs)
read	99	1314	336	(all µs)
write	100	0	0	(all µs)
read	100	2001	964	(all µs)
# actual ops/s: 166585.03
# op	pct	sojourn	remote
write	50	0	0	(all µs)
read	50	800	234	(all µs)
write	95	0	0	(all µs)
read	95	1261	276	(all µs)
write	99	0	0	(all µs)
read	99	1298	319	(all µs)
write	100	0	0	(all µs)
read	100	1813	768	(all µs)
# actual ops/s: 166625.89
# op	pct	sojourn	remote
write	50	0	0	(all µs)
read	50	839	271	(all µs)
write	95	0	0	(all µs)
read	95	1300	316	(all µs)
write	99	0	0	(all µs)
read	99	1338	365	(all µs)
write	100	0	0	(all µs)
read	100	1916	869	(all µs)
# actual ops/s: 166696.18
# op	pct	sojourn	remote
write	50	0	0	(all µs)
read	50	816	250	(all µs)
write	95	0	0	(all µs)
read	95	1277	292	(all µs)
write	99	0	0	(all µs)
read	99	1313	331	(all µs)
write	100	0	0	(all µs)
read	100	2042	1001	(all µs)
# actual ops/s: 166652.39
# op	pct	sojourn	remote
write	50	0	0	(all µs)
read	50	794	231	(all µs)
write	95	0	0	(all µs)
read	95	1256	274	(all µs)
write	99	0	0	(all µs)
read	99	1293	319	(all µs)
write	100	0	0	(all µs)
read	100	2138	1098	(all µs)
# actual ops/s: 166678.75
# op	pct	sojourn	remote
write	50	0	0	(all µs)
read	50	824	256	(all µs)
write	95	0	0	(all µs)
read	95	1285	297	(all µs)
write	99	0	0	(all µs)
read	99	1321	334	(all µs)
write	100	0	0	(all µs)
read	100	1879	838	(all µs)
# actual ops/s: 166780.61
# op	pct	sojourn	remote
write	50	0	0	(all µs)
read	50	830	265	(all µs)
write	95	0	0	(all µs)
read	95	1291	309	(all µs)
write	99	0	0	(all µs)
read	99	1329	356	(all µs)
write	100	0	0	(all µs)
read	100	2143	1105	(all µs)
# actual ops/s: 166649.92
# op	pct	sojourn	remote
write	50	0	0	(all µs)
read	50	823	257	(all µs)
write	95	0	0	(all µs)
read	95	1284	310	(all µs)
write	99	0	0	(all µs)
read	99	1326	352	(all µs)
write	100	0	0	(all µs)
read	100	1913	871	(all µs)
# actual ops/s: 166754.96
# op	pct	sojourn	remote
write	50	0	0	(all µs)
read	50	802	235	(all µs)
write	95	0	0	(all µs)
read	95	1263	277	(all µs)
write	99	0	0	(all µs)
read	99	1300	328	(all µs)
write	100	0	0	(all µs)
read	100	1550	509	(all µs)
# actual ops/s: 166625.26
# op	pct	sojourn	remote
write	50	0	0	(all µs)
read	50	827	260	(all µs)
write	95	0	0	(all µs)
read	95	1288	303	(all µs)
write	99	0	0	(all µs)
read	99	1326	345	(all µs)
write	100	0	0	(all µs)
read	100	1974	933	(all µs)
# actual ops/s: 166617.55
# op	pct	sojourn	remote
write	50	0	0	(all µs)
read	50	795	231	(all µs)
write	95	0	0	(all µs)
read	95	1256	271	(all µs)
write	99	0	0	(all µs)
read	99	1292	304	(all µs)
write	100	0	0	(all µs)
read	100	1630	582	(all µs)
# actual ops/s: 166774.20
# op	pct	sojourn	remote
write	50	0	0	(all µs)
read	50	814	250	(all µs)
write	95	0	0	(all µs)
read	95	1276	290	(all µs)
write	99	0	0	(all µs)
read	99	1312	318	(all µs)
write	100	0	0	(all µs)
read	100	2053	1011	(all µs)
# server stats:
uptime:
 01:08:12 up 8 min,  0 users,  load average: 1.52, 1.09, 0.51
memory: 99508