# actual ops/s: 833640.82
# op	pct	sojourn	remote
write	50	0	0	(all µs)
read	50	1157	591	(all µs)
write	95	0	0	(all µs)
read	95	1649	919	(all µs)
write	99	0	0	(all µs)
read	99	1895	1150	(all µs)
write	100	0	0	(all µs)
read	100	2801	1799	(all µs)
# actual ops/s: 833533.22
# op	pct	sojourn	remote
write	50	0	0	(all µs)
read	50	1113	555	(all µs)
write	95	0	0	(all µs)
read	95	1584	765	(all µs)
write	99	0	0	(all µs)
read	99	1759	1016	(all µs)
write	100	0	0	(all µs)
read	100	3053	2049	(all µs)
# actual ops/s: 833562.77
# op	pct	sojourn	remote
write	50	0	0	(all µs)
read	50	1167	607	(all µs)
write	95	0	0	(all µs)
read	95	1643	850	(all µs)
write	99	0	0	(all µs)
read	99	1855	1130	(all µs)
write	100	0	0	(all µs)
read	100	3229	2223	(all µs)
# actual ops/s: 833620.20
# op	pct	sojourn	remote
write	50	0	0	(all µs)
read	50	1160	585	(all µs)
write	95	0	0	(all µs)
read	95	1662	964	(all µs)
write	99	0	0	(all µs)
read	99	1948	1213	(all µs)
write	100	0	0	(all µs)
read	100	3118	2114	(all µs)
# actual ops/s: 833507.40
# op	pct	sojourn	remote
write	50	0	0	(all µs)
read	50	1131	555	(all µs)
write	95	0	0	(all µs)
read	95	1638	937	(all µs)
write	99	0	0	(all µs)
read	99	1939	1219	(all µs)
write	100	0	0	(all µs)
read	100	2967	1935	(all µs)
# actual ops/s: 833732.85
# op	pct	sojourn	remote
write	50	0	0	(all µs)
read	50	1175	596	(all µs)
write	95	0	0	(all µs)
read	95	1688	994	(all µs)
write	99	0	0	(all µs)
read	99	1996	1267	(all µs)
write	100	0	0	(all µs)
read	100	3040	2033	(all µs)
# actual ops/s: 833690.33
# op	pct	sojourn	remote
write	50	0	0	(all µs)
read	50	1185	606	(all µs)
write	95	0	0	(all µs)
read	95	1700	1008	(all µs)
write	99	0	0	(all µs)
read	99	2008	1278	(all µs)
write	100	0	0	(all µs)
read	100	3205	2160	(all µs)
# actual ops/s: 833719.90
# op	pct	sojourn	remote
write	50	0	0	(all µs)
read	50	1176	607	(all µs)
write	95	0	0	(all µs)
read	95	1689	997	(all µs)
write	99	0	0	(all µs)
read	99	1993	1264	(all µs)
write	100	0	0	(all µs)
read	100	3049	2039	(all µs)
# actual ops/s: 833544.48
# op	pct	sojourn	remote
write	50	0	0	(all µs)
read	50	1122	555	(all µs)
write	95	0	0	(all µs)
read	95	1614	886	(all µs)
write	99	0	0	(all µs)
read	99	1884	1162	(all µs)
write	100	0	0	(all µs)
read	100	2916	1911	(all µs)
# actual ops/s: 833595.15
# op	pct	sojourn	remote
write	50	0	0	(all µs)
read	50	1157	590	(all µs)
write	95	0	0	(all µs)
read	95	1648	914	(all µs)
write	99	0	0	(all µs)
read	99	1909	1181	(all µs)
write	100	0	0	(all µs)
read	100	3010	2007	(all µs)
# actual ops/s: 833525.35
# op	pct	sojourn	remote
write	50	0	0	(all µs)
read	50	1115	554	(all µs)
write	95	0	0	(all µs)
read	95	1593	811	(all µs)
write	99	0	0	(all µs)
read	99	1804	1059	(all µs)
write	100	0	0	(all µs)
read	100	3036	2031	(all µs)
# actual ops/s: 833591.68
# op	pct	sojourn	remote
write	50	0	0	(all µs)
read	50	1134	579	(all µs)
write	95	0	0	(all µs)
read	95	1603	781	(all µs)
write	99	0	0	(all µs)
read	99	1776	1052	(all µs)
write	100	0	0	(all µs)
read	100	2764	1761	(all µs)
# server stats:
uptime:
 01:12:31 up 12 min,  0 users,  load average: 4.37, 2.62, 1.27
memory: 101804