# actual ops/s: 20839.45
# op	pct	sojourn	remote
write	50	0	0	(all µs)
read	50	688	116	(all µs)
write	95	0	0	(all µs)
read	95	1152	132	(all µs)
write	99	0	0	(all µs)
read	99	1166	142	(all µs)
write	100	0	0	(all µs)
read	100	1754	713	(all µs)
# actual ops/s: 20853.27
# op	pct	sojourn	remote
write	50	0	0	(all µs)
read	50	681	107	(all µs)
write	95	0	0	(all µs)
read	95	1144	123	(all µs)
write	99	0	0	(all µs)
read	99	1159	132	(all µs)
write	100	0	0	(all µs)
read	100	1820	777	(all µs)
# actual ops/s: 20823.85
# op	pct	sojourn	remote
write	50	0	0	(all µs)
read	50	708	132	(all µs)
write	95	0	0	(all µs)
read	95	1169	150	(all µs)
write	99	0	0	(all µs)
read	99	1186	159	(all µs)
write	100	0	0	(all µs)
read	100	1596	550	(all µs)
# actual ops/s: 20847.24
# op	pct	sojourn	remote
write	50	0	0	(all µs)
read	50	686	114	(all µs)
write	95	0	0	(all µs)
read	95	1149	130	(all µs)
write	99	0	0	(all µs)
read	99	1163	141	(all µs)
write	100	0	0	(all µs)
read	100	1442	402	(all µs)
# actual ops/s: 20851.79
# op	pct	sojourn	remote
write	50	0	0	(all µs)
read	50	679	105	(all µs)
write	95	0	0	(all µs)
read	95	1142	122	(all µs)
write	99	0	0	(all µs)
read	99	1157	131	(all µs)
write	100	0	0	(all µs)
read	100	1430	391	(all µs)
# actual ops/s: 20833.94
# op	pct	sojourn	remote
write	50	0	0	(all µs)
read	50	694	121	(all µs)
write	95	0	0	(all µs)
read	95	1158	138	(all µs)
write	99	0	0	(all µs)
read	99	1173	150	(all µs)
write	100	0	0	(all µs)
read	100	2244	1205	(all µs)
# actual ops/s: 20836.69
# op	pct	sojourn	remote
write	50	0	0	(all µs)
read	50	706	130	(all µs)
write	95	0	0	(all µs)
read	95	1167	148	(all µs)
write	99	0	0	(all µs)
read	99	1184	158	(all µs)
write	100	0	0	(all µs)
read	100	2029	987	(all µs)
# actual ops/s: 20873.77
# op	pct	sojourn	remote
write	50	0	0	(all µs)
read	50	691	119	(all µs)
write	95	0	0	(all µs)
read	95	1154	136	(all µs)
write	99	0	0	(all µs)
read	99	1169	147	(all µs)
write	100	0	0	(all µs)
read	100	2329	1287	(all µs)
# actual ops/s: 20794.13
# op	pct	sojourn	remote
write	50	0	0	(all µs)
read	50	676	105	(all µs)
write	95	0	0	(all µs)
read	95	1141	120	(all µs)
write	99	0	0	(all µs)
read	99	1155	128	(all µs)
write	100	0	0	(all µs)
read	100	2040	999	(all µs)
# actual ops/s: 20817.81
# op	pct	sojourn	remote
write	50	0	0	(all µs)
read	50	706	130	(all µs)
write	95	0	0	(all µs)
read	95	1168	148	(all µs)
write	99	0	0	(all µs)
read	99	1185	158	(all µs)
write	100	0	0	(all µs)
read	100	2017	976	(all µs)
# actual ops/s: 20840.48
# op	pct	sojourn	remote
write	50	0	0	(all µs)
read	50	678	106	(all µs)
write	95	0	0	(all µs)
read	95	1142	123	(all µs)
write	99	0	0	(all µs)
read	99	1158	132	(all µs)
write	100	0	0	(all µs)
read	100	1380	340	(all µs)
# actual ops/s: 20817.65
# op	pct	sojourn	remote
write	50	0	0	(all µs)
read	50	688	115	(all µs)
write	95	0	0	(all µs)
read	95	1151	131	(all µs)
write	99	0	0	(all µs)
read	99	1165	141	(all µs)
write	100	0	0	(all µs)
read	100	1726	724	(all µs)
# server stats:
uptime:
 01:04:57 up 5 min,  0 users,  load average: 0.80, 0.49, 0.22
memory: 99292