# actual ops/s: 166763.26
# op	pct	sojourn	remote
write	50	752	193	(all µs)
read	50	882	344	(all µs)
write	95	1202	229	(all µs)
read	95	1344	388	(all µs)
write	99	1241	250	(all µs)
read	99	1398	413	(all µs)
write	100	26293	25292	(all µs)
read	100	7759	1231	(all µs)
# actual ops/s: 166625.31
# op	pct	sojourn	remote
write	50	751	191	(all µs)
read	50	880	338	(all µs)
write	95	1203	229	(all µs)
read	95	1343	385	(all µs)
write	99	1245	249	(all µs)
read	99	1401	410	(all µs)
write	100	25071	24069	(all µs)
read	100	8285	1064	(all µs)
# actual ops/s: 166780.47
# op	pct	sojourn	remote
write	50	744	184	(all µs)
read	50	855	312	(all µs)
write	95	1197	220	(all µs)
read	95	1318	360	(all µs)
write	99	1241	237	(all µs)
read	99	1377	386	(all µs)
write	100	24716	23714	(all µs)
read	100	9056	945	(all µs)
# actual ops/s: 166760.64
# op	pct	sojourn	remote
write	50	760	202	(all µs)
read	50	894	362	(all µs)
write	95	1211	238	(all µs)
read	95	1354	408	(all µs)
write	99	1246	257	(all µs)
read	99	1408	433	(all µs)
write	100	25557	24555	(all µs)
read	100	8219	1200	(all µs)
# actual ops/s: 166704.06
# op	pct	sojourn	remote
write	50	751	189	(all µs)
read	50	879	335	(all µs)
write	95	1206	232	(all µs)
read	95	1344	396	(all µs)
write	99	1249	251	(all µs)
read	99	1413	425	(all µs)
write	100	24259	23205	(all µs)
read	100	7713	1249	(all µs)
# actual ops/s: 166531.82
# op	pct	sojourn	remote
write	50	770	211	(all µs)
read	50	920	381	(all µs)
write	95	1221	247	(all µs)
read	95	1381	429	(all µs)
write	99	1260	266	(all µs)
read	99	1440	456	(all µs)
write	100	24976	23974	(all µs)
read	100	8505	1080	(all µs)
# actual ops/s: 166773.03
# op	pct	sojourn	remote
write	50	762	204	(all µs)
read	50	902	364	(all µs)
write	95	1213	240	(all µs)
read	95	1363	409	(all µs)
write	99	1252	259	(all µs)
read	99	1418	432	(all µs)
write	100	27252	26251	(all µs)
read	100	9009	1273	(all µs)
# actual ops/s: 166737.36
# op	pct	sojourn	remote
write	50	761	202	(all µs)
read	50	895	357	(all µs)
write	95	1212	237	(all µs)
read	95	1356	403	(all µs)
write	99	1250	255	(all µs)
read	99	1411	427	(all µs)
write	100	24205	23162	(all µs)
read	100	7535	1186	(all µs)
# actual ops/s: 166665.66
# op	pct	sojourn	remote
write	50	767	207	(all µs)
read	50	915	375	(all µs)
write	95	1217	244	(all µs)
read	95	1377	424	(all µs)
write	99	1255	262	(all µs)
read	99	1434	449	(all µs)
write	100	26659	25657	(all µs)
read	100	8329	1169	(all µs)
# actual ops/s: 166638.88
# op	pct	sojourn	remote
write	50	771	211	(all µs)
read	50	920	378	(all µs)
write	95	1222	248	(all µs)
read	95	1382	428	(all µs)
write	99	1263	267	(all µs)
read	99	1442	454	(all µs)
write	100	25846	24844	(all µs)
read	100	8686	1237	(all µs)
# actual ops/s: 166622.31
# op	pct	sojourn	remote
write	50	757	198	(all µs)
read	50	895	356	(all µs)
write	95	1209	235	(all µs)
read	95	1357	403	(all µs)
write	99	1248	256	(all µs)
read	99	1414	428	(all µs)
write	100	100003	100003	(all µs)
read	100	8124	1211	(all µs)
# actual ops/s: 166711.43
# op	pct	sojourn	remote
write	50	746	184	(all µs)
read	50	859	316	(all µs)
write	95	1197	221	(all µs)
read	95	1322	362	(all µs)
write	99	1241	240	(all µs)
read	99	1380	387	(all µs)
write	100	24145	23144	(all µs)
read	100	8606	1393	(all µs)
# server stats:
uptime:
 22:40:57 up 17 min,  0 users,  load average: 2.35, 1.81, 1.12
memory: 498380