# actual ops/s: 833363.67
# op	pct	sojourn	remote
write	50	0	0	(all µs)
read	50	1315	794	(all µs)
write	95	0	0	(all µs)
read	95	1777	927	(all µs)
write	99	0	0	(all µs)
read	99	1873	1015	(all µs)
write	100	0	0	(all µs)
read	100	2835	1832	(all µs)
# actual ops/s: 833454.25
# op	pct	sojourn	remote
write	50	0	0	(all µs)
read	50	1271	747	(all µs)
write	95	0	0	(all µs)
read	95	1734	876	(all µs)
write	99	0	0	(all µs)
read	99	1828	978	(all µs)
write	100	0	0	(all µs)
read	100	2827	1813	(all µs)
# actual ops/s: 833527.01
# op	pct	sojourn	remote
write	50	0	0	(all µs)
read	50	1369	844	(all µs)
write	95	0	0	(all µs)
read	95	1834	993	(all µs)
write	99	0	0	(all µs)
read	99	1944	1118	(all µs)
write	100	0	0	(all µs)
read	100	2643	1639	(all µs)
# actual ops/s: 833603.18
# op	pct	sojourn	remote
write	50	0	0	(all µs)
read	50	1326	797	(all µs)
write	95	0	0	(all µs)
read	95	1793	970	(all µs)
write	99	0	0	(all µs)
read	99	1915	1097	(all µs)
write	100	0	0	(all µs)
read	100	2618	1614	(all µs)
# actual ops/s: 833515.02
# op	pct	sojourn	remote
write	50	0	0	(all µs)
read	50	1269	740	(all µs)
write	95	0	0	(all µs)
read	95	1734	899	(all µs)
write	99	0	0	(all µs)
read	99	1844	1011	(all µs)
write	100	0	0	(all µs)
read	100	2552	1548	(all µs)
# actual ops/s: 833823.04
# op	pct	sojourn	remote
write	50	0	0	(all µs)
read	50	1338	810	(all µs)
write	95	0	0	(all µs)
read	95	1804	971	(all µs)
write	99	0	0	(all µs)
read	99	1919	1100	(all µs)
write	100	0	0	(all µs)
read	100	2579	1572	(all µs)
# actual ops/s: 833470.64
# op	pct	sojourn	remote
write	50	0	0	(all µs)
read	50	1361	833	(all µs)
write	95	0	0	(all µs)
read	95	1828	1006	(all µs)
write	99	0	0	(all µs)
read	99	1951	1143	(all µs)
write	100	0	0	(all µs)
read	100	2811	1808	(all µs)
# actual ops/s: 833501.49
# op	pct	sojourn	remote
write	50	0	0	(all µs)
read	50	1338	812	(all µs)
write	95	0	0	(all µs)
read	95	1806	981	(all µs)
write	99	0	0	(all µs)
read	99	1927	1113	(all µs)
write	100	0	0	(all µs)
read	100	2758	1754	(all µs)
# actual ops/s: 833348.95
# op	pct	sojourn	remote
write	50	0	0	(all µs)
read	50	1271	742	(all µs)
write	95	0	0	(all µs)
read	95	1738	915	(all µs)
write	99	0	0	(all µs)
read	99	1858	1030	(all µs)
write	100	0	0	(all µs)
read	100	2568	1565	(all µs)
# actual ops/s: 833516.79
# op	pct	sojourn	remote
write	50	0	0	(all µs)
read	50	1363	833	(all µs)
write	95	0	0	(all µs)
read	95	1830	1003	(all µs)
write	99	0	0	(all µs)
read	99	1952	1132	(all µs)
write	100	0	0	(all µs)
read	100	3265	2252	(all µs)
# actual ops/s: 833705.49
# op	pct	sojourn	remote
write	50	0	0	(all µs)
read	50	1282	753	(all µs)
write	95	0	0	(all µs)
read	95	1748	917	(all µs)
write	99	0	0	(all µs)
read	99	1862	1024	(all µs)
write	100	0	0	(all µs)
read	100	2697	1683	(all µs)
# actual ops/s: 833429.01
# op	pct	sojourn	remote
write	50	0	0	(all µs)
read	50	1321	797	(all µs)
write	95	0	0	(all µs)
read	95	1786	949	(all µs)
write	99	0	0	(all µs)
read	99	1894	1058	(all µs)
write	100	0	0	(all µs)
read	100	2792	1788	(all µs)
# server stats:
uptime:
 01:22:21 up 22 min,  0 users,  load average: 3.49, 2.06, 1.41
memory: 107268