# actual ops/s: 41608.76
# op	pct	sojourn	remote
write	50	0	0	(all µs)
read	50	704	140	(all µs)
write	95	0	0	(all µs)
read	95	1168	162	(all µs)
write	99	0	0	(all µs)
read	99	1191	176	(all µs)
write	100	0	0	(all µs)
read	100	1429	390	(all µs)
# actual ops/s: 41624.82
# op	pct	sojourn	remote
write	50	0	0	(all µs)
read	50	686	121	(all µs)
write	95	0	0	(all µs)
read	95	1151	142	(all µs)
write	99	0	0	(all µs)
read	99	1172	156	(all µs)
write	100	0	0	(all µs)
read	100	1711	672	(all µs)
# actual ops/s: 41650.02
# op	pct	sojourn	remote
write	50	0	0	(all µs)
read	50	686	121	(all µs)
write	95	0	0	(all µs)
read	95	1150	142	(all µs)
write	99	0	0	(all µs)
read	99	1172	157	(all µs)
write	100	0	0	(all µs)
read	100	2088	1049	(all µs)
# actual ops/s: 41705.44
# op	pct	sojourn	remote
write	50	0	0	(all µs)
read	50	702	132	(all µs)
write	95	0	0	(all µs)
read	95	1166	155	(all µs)
write	99	0	0	(all µs)
read	99	1189	170	(all µs)
write	100	0	0	(all µs)
read	100	1462	421	(all µs)
# actual ops/s: 41627.56
# op	pct	sojourn	remote
write	50	0	0	(all µs)
read	50	712	147	(all µs)
write	95	0	0	(all µs)
read	95	1177	171	(all µs)
write	99	0	0	(all µs)
read	99	1200	189	(all µs)
write	100	0	0	(all µs)
read	100	1846	805	(all µs)
# actual ops/s: 41670.32
# op	pct	sojourn	remote
write	50	0	0	(all µs)
read	50	728	164	(all µs)
write	95	0	0	(all µs)
read	95	1193	188	(all µs)
write	99	0	0	(all µs)
read	99	1217	205	(all µs)
write	100	0	0	(all µs)
read	100	1710	668	(all µs)
# actual ops/s: 41710.64
# op	pct	sojourn	remote
write	50	0	0	(all µs)
read	50	729	164	(all µs)
write	95	0	0	(all µs)
read	95	1193	188	(all µs)
write	99	0	0	(all µs)
read	99	1217	204	(all µs)
write	100	0	0	(all µs)
read	100	100003	100003	(all µs)
# actual ops/s: 41662.14
# op	pct	sojourn	remote
write	50	0	0	(all µs)
read	50	727	163	(all µs)
write	95	0	0	(all µs)
read	95	1192	187	(all µs)
write	99	0	0	(all µs)
read	99	1216	204	(all µs)
write	100	0	0	(all µs)
read	100	2001	961	(all µs)
# actual ops/s: 41647.08
# op	pct	sojourn	remote
write	50	0	0	(all µs)
read	50	728	163	(all µs)
write	95	0	0	(all µs)
read	95	1193	187	(all µs)
write	99	0	0	(all µs)
read	99	1217	205	(all µs)
write	100	0	0	(all µs)
read	100	1715	673	(all µs)
# actual ops/s: 41651.27
# op	pct	sojourn	remote
write	50	0	0	(all µs)
read	50	738	170	(all µs)
write	95	0	0	(all µs)
read	95	1200	198	(all µs)
write	99	0	0	(all µs)
read	99	1230	215	(all µs)
write	100	0	0	(all µs)
read	100	1884	841	(all µs)
# actual ops/s: 41709.30
# op	pct	sojourn	remote
write	50	0	0	(all µs)
read	50	726	158	(all µs)
write	95	0	0	(all µs)
read	95	1190	183	(all µs)
write	99	0	0	(all µs)
read	99	1214	201	(all µs)
write	100	0	0	(all µs)
read	100	100003	100003	(all µs)
# actual ops/s: 41670.74
# op	pct	sojourn	remote
write	50	0	0	(all µs)
read	50	716	151	(all µs)
write	95	0	0	(all µs)
read	95	1180	174	(all µs)
write	99	0	0	(all µs)
read	99	1203	191	(all µs)
write	100	0	0	(all µs)
read	100	2158	1117	(all µs)
# server stats:
uptime:
 22:27:12 up 5 min,  0 users,  load average: 1.34, 0.68, 0.27
memory: 102404