# actual ops/s: 666803.69
# op	pct	sojourn	remote
write	50	702	193	(all µs)
read	50	1085	552	(all µs)
write	95	1171	237	(all µs)
read	95	1551	650	(all µs)
write	99	1226	277	(all µs)
read	99	1629	689	(all µs)
write	100	48357	47355	(all µs)
read	100	30428	3353	(all µs)
# actual ops/s: 666984.69
# op	pct	sojourn	remote
write	50	701	191	(all µs)
read	50	1108	562	(all µs)
write	95	1170	236	(all µs)
read	95	1579	741	(all µs)
write	99	1228	275	(all µs)
read	99	1756	979	(all µs)
write	100	57121	56119	(all µs)
read	100	30130	3901	(all µs)
# actual ops/s: 666811.14
# op	pct	sojourn	remote
write	50	691	180	(all µs)
read	50	1095	545	(all µs)
write	95	1159	225	(all µs)
read	95	1568	749	(all µs)
write	99	1217	262	(all µs)
read	99	1756	969	(all µs)
write	100	48823	47821	(all µs)
read	100	29481	3599	(all µs)
# actual ops/s: 666900.79
# op	pct	sojourn	remote
write	50	710	201	(all µs)
read	50	1104	567	(all µs)
write	95	1178	244	(all µs)
read	95	1576	749	(all µs)
write	99	1231	281	(all µs)
read	99	1754	992	(all µs)
write	100	51447	50445	(all µs)
read	100	30366	5679	(all µs)
# actual ops/s: 666947.32
# op	pct	sojourn	remote
write	50	703	187	(all µs)
read	50	1101	552	(all µs)
write	95	1171	237	(all µs)
read	95	1574	736	(all µs)
write	99	1230	277	(all µs)
read	99	1746	961	(all µs)
write	100	52635	51625	(all µs)
read	100	30101	4164	(all µs)
# actual ops/s: 667045.30
# op	pct	sojourn	remote
write	50	722	210	(all µs)
read	50	1133	592	(all µs)
write	95	1190	255	(all µs)
read	95	1606	793	(all µs)
write	99	1245	291	(all µs)
read	99	1791	1007	(all µs)
write	100	48877	47847	(all µs)
read	100	30422	3601	(all µs)
# actual ops/s: 666967.60
# op	pct	sojourn	remote
write	50	713	204	(all µs)
read	50	1120	578	(all µs)
write	95	1182	248	(all µs)
read	95	1593	797	(all µs)
write	99	1237	286	(all µs)
read	99	1787	1005	(all µs)
write	100	51209	50209	(all µs)
read	100	30146	3671	(all µs)
# actual ops/s: 666568.09
# op	pct	sojourn	remote
write	50	716	205	(all µs)
read	50	1112	572	(all µs)
write	95	1184	248	(all µs)
read	95	1582	708	(all µs)
write	99	1239	285	(all µs)
read	99	1720	967	(all µs)
write	100	52555	51553	(all µs)
read	100	31330	3745	(all µs)
# actual ops/s: 666760.11
# op	pct	sojourn	remote
write	50	717	206	(all µs)
read	50	1129	585	(all µs)
write	95	1185	249	(all µs)
read	95	1603	817	(all µs)
write	99	1240	287	(all µs)
read	99	1806	1021	(all µs)
write	100	49105	48103	(all µs)
read	100	30501	4088	(all µs)
# actual ops/s: 666734.95
# op	pct	sojourn	remote
write	50	722	210	(all µs)
read	50	1125	584	(all µs)
write	95	1190	256	(all µs)
read	95	1596	756	(all µs)
write	99	1247	294	(all µs)
read	99	1757	983	(all µs)
write	100	50865	49865	(all µs)
read	100	30097	4035	(all µs)
# actual ops/s: 666869.57
# op	pct	sojourn	remote
write	50	708	198	(all µs)
read	50	1114	570	(all µs)
write	95	1177	242	(all µs)
read	95	1585	749	(all µs)
write	99	1233	279	(all µs)
read	99	1752	973	(all µs)
write	100	48799	47797	(all µs)
read	100	30577	4024	(all µs)
# actual ops/s: 666847.36
# op	pct	sojourn	remote
write	50	693	182	(all µs)
read	50	1089	542	(all µs)
write	95	1163	225	(all µs)
read	95	1558	678	(all µs)
write	99	1220	264	(all µs)
read	99	1693	918	(all µs)
write	100	50855	49853	(all µs)
read	100	29754	4057	(all µs)
# server stats:
uptime:
 22:34:25 up 11 min,  0 users,  load average: 2.96, 1.63, 0.75
memory: 1552556