# actual ops/s: 8326.40
# op	pct	sojourn	remote
write	50	1182	181	(all µs)
read	50	698	98	(all µs)
write	95	1228	193	(all µs)
read	95	1139	112	(all µs)
write	99	1237	206	(all µs)
read	99	1149	124	(all µs)
write	100	1775	774	(all µs)
read	100	1575	536	(all µs)
# actual ops/s: 8341.11
# op	pct	sojourn	remote
write	50	1184	184	(all µs)
read	50	713	103	(all µs)
write	95	1242	197	(all µs)
read	95	1154	117	(all µs)
write	99	1250	204	(all µs)
read	99	1165	126	(all µs)
write	100	1361	330	(all µs)
read	100	1428	380	(all µs)
# actual ops/s: 8320.19
# op	pct	sojourn	remote
write	50	1173	174	(all µs)
read	50	701	92	(all µs)
write	95	1231	186	(all µs)
read	95	1142	107	(all µs)
write	99	1239	194	(all µs)
read	99	1154	114	(all µs)
write	100	1322	300	(all µs)
read	100	1465	416	(all µs)
# actual ops/s: 8332.85
# op	pct	sojourn	remote
write	50	1190	190	(all µs)
read	50	700	107	(all µs)
write	95	1229	200	(all µs)
read	95	1140	119	(all µs)
write	99	1236	206	(all µs)
read	99	1149	126	(all µs)
write	100	1364	342	(all µs)
read	100	1383	351	(all µs)
# actual ops/s: 8343.06
# op	pct	sojourn	remote
write	50	1177	178	(all µs)
read	50	705	97	(all µs)
write	95	1249	201	(all µs)
read	95	1147	120	(all µs)
write	99	1261	209	(all µs)
read	99	1174	129	(all µs)
write	100	1375	334	(all µs)
read	100	1499	457	(all µs)
# actual ops/s: 8346.31
# op	pct	sojourn	remote
write	50	1202	202	(all µs)
read	50	725	121	(all µs)
write	95	1255	215	(all µs)
read	95	1166	135	(all µs)
write	99	1264	223	(all µs)
read	99	1177	143	(all µs)
write	100	1378	377	(all µs)
read	100	1398	366	(all µs)
# actual ops/s: 8313.92
# op	pct	sojourn	remote
write	50	1193	193	(all µs)
read	50	709	109	(all µs)
write	95	1238	202	(all µs)
read	95	1149	122	(all µs)
write	99	1245	209	(all µs)
read	99	1158	128	(all µs)
write	100	1364	352	(all µs)
read	100	1484	443	(all µs)
# actual ops/s: 8348.47
# op	pct	sojourn	remote
write	50	1195	194	(all µs)
read	50	712	111	(all µs)
write	95	1246	207	(all µs)
read	95	1154	124	(all µs)
write	99	1255	214	(all µs)
read	99	1165	132	(all µs)
write	100	1378	331	(all µs)
read	100	1490	444	(all µs)
# actual ops/s: 8341.20
# op	pct	sojourn	remote
write	50	1196	197	(all µs)
read	50	714	113	(all µs)
write	95	1247	209	(all µs)
read	95	1156	128	(all µs)
write	99	1256	217	(all µs)
read	99	1168	136	(all µs)
write	100	1359	314	(all µs)
read	100	1396	350	(all µs)
# actual ops/s: 8362.29
# op	pct	sojourn	remote
write	50	1202	203	(all µs)
read	50	726	121	(all µs)
write	95	1258	216	(all µs)
read	95	1169	135	(all µs)
write	99	1266	223	(all µs)
read	99	1180	144	(all µs)
write	100	1311	310	(all µs)
read	100	1490	479	(all µs)
# actual ops/s: 8350.74
# op	pct	sojourn	remote
write	50	1187	187	(all µs)
read	50	708	104	(all µs)
write	95	1239	200	(all µs)
read	95	1148	119	(all µs)
write	99	1249	213	(all µs)
read	99	1160	130	(all µs)
write	100	2009	964	(all µs)
read	100	1577	575	(all µs)
# actual ops/s: 8327.85
# op	pct	sojourn	remote
write	50	1175	175	(all µs)
read	50	698	93	(all µs)
write	95	1232	188	(all µs)
read	95	1141	107	(all µs)
write	99	1239	195	(all µs)
read	99	1153	115	(all µs)
write	100	1576	527	(all µs)
read	100	1530	477	(all µs)
# server stats:
uptime:
 22:26:50 up 3 min,  0 users,  load average: 0.49, 0.33, 0.14
memory: 164764