# actual ops/s: 833437.44
# op	pct	sojourn	remote
write	50	738	210	(all µs)
read	50	1349	827	(all µs)
write	95	1208	275	(all µs)
read	95	1823	979	(all µs)
write	99	1305	355	(all µs)
read	99	2045	1224	(all µs)
write	100	100951	99911	(all µs)
read	100	85199	8968	(all µs)
# actual ops/s: 833458.55
# op	pct	sojourn	remote
write	50	739	209	(all µs)
read	50	1352	826	(all µs)
write	95	1209	274	(all µs)
read	95	1827	980	(all µs)
write	99	1301	351	(all µs)
read	99	2049	1226	(all µs)
write	100	101771	100771	(all µs)
read	100	84131	8856	(all µs)
# actual ops/s: 833524.23
# op	pct	sojourn	remote
write	50	727	198	(all µs)
read	50	1316	789	(all µs)
write	95	1197	265	(all µs)
read	95	1794	960	(all µs)
write	99	1298	344	(all µs)
read	99	2015	1191	(all µs)
write	100	101447	100407	(all µs)
read	100	84807	8498	(all µs)
# actual ops/s: 833600.14
# op	pct	sojourn	remote
write	50	753	224	(all µs)
read	50	1403	876	(all µs)
write	95	1223	288	(all µs)
read	95	1879	1060	(all µs)
write	99	1322	368	(all µs)
read	99	2122	1281	(all µs)
write	100	103895	102871	(all µs)
read	100	83911	9387	(all µs)
# actual ops/s: 833693.28
# op	pct	sojourn	remote
write	50	740	208	(all µs)
read	50	1342	814	(all µs)
write	95	1209	275	(all µs)
read	95	1824	999	(all µs)
write	99	1315	361	(all µs)
read	99	2059	1225	(all µs)
write	100	106543	105543	(all µs)
read	100	83555	7839	(all µs)
# actual ops/s: 833510.68
# op	pct	sojourn	remote
write	50	762	230	(all µs)
read	50	1414	887	(all µs)
write	95	1232	296	(all µs)
read	95	1891	1068	(all µs)
write	99	1334	373	(all µs)
read	99	2133	1291	(all µs)
write	100	106699	105699	(all µs)
read	100	85011	9140	(all µs)
# actual ops/s: 833516.79
# op	pct	sojourn	remote
write	50	751	222	(all µs)
read	50	1383	860	(all µs)
write	95	1222	286	(all µs)
read	95	1858	1021	(all µs)
write	99	1319	361	(all µs)
read	99	2092	1257	(all µs)
write	100	102783	101775	(all µs)
read	100	84355	10028	(all µs)
# actual ops/s: 833465.43
# op	pct	sojourn	remote
write	50	757	225	(all µs)
read	50	1386	859	(all µs)
write	95	1226	287	(all µs)
read	95	1863	1036	(all µs)
write	99	1324	362	(all µs)
read	99	2104	1272	(all µs)
write	100	108699	107655	(all µs)
read	100	85603	8492	(all µs)
# actual ops/s: 833586.69
# op	pct	sojourn	remote
write	50	758	226	(all µs)
read	50	1408	879	(all µs)
write	95	1228	291	(all µs)
read	95	1885	1064	(all µs)
write	99	1333	370	(all µs)
read	99	2124	1284	(all µs)
write	100	107055	106055	(all µs)
read	100	84203	8938	(all µs)
# actual ops/s: 833570.15
# op	pct	sojourn	remote
write	50	765	232	(all µs)
read	50	1405	877	(all µs)
write	95	1234	297	(all µs)
read	95	1883	1060	(all µs)
write	99	1331	371	(all µs)
read	99	2118	1273	(all µs)
write	100	102631	101599	(all µs)
read	100	84815	7640	(all µs)
# actual ops/s: 833778.69
# op	pct	sojourn	remote
write	50	747	216	(all µs)
read	50	1374	849	(all µs)
write	95	1217	283	(all µs)
read	95	1850	1008	(all µs)
write	99	1321	376	(all µs)
read	99	2071	1232	(all µs)
write	100	102919	101907	(all µs)
read	100	85463	9289	(all µs)
# actual ops/s: 833382.75
# op	pct	sojourn	remote
write	50	729	200	(all µs)
read	50	1310	785	(all µs)
write	95	1199	265	(all µs)
read	95	1785	931	(all µs)
write	99	1297	345	(all µs)
read	99	1992	1176	(all µs)
write	100	108591	107587	(all µs)
read	100	84039	8303	(all µs)
# server stats:
uptime:
 22:45:19 up 22 min,  0 users,  load average: 3.41, 2.69, 1.65
memory: 1908000