# actual ops/s: 833394.65
# op	pct	sojourn	remote
write	50	794	238	(all µs)
read	50	2172	1542	(all µs)
write	95	1360	379	(all µs)
read	95	3704	3197	(all µs)
write	99	55977	492	(all µs)
read	99	68491	13992	(all µs)
write	100	105215	104215	(all µs)
read	100	87359	15775	(all µs)
# actual ops/s: 833592.75
# op	pct	sojourn	remote
write	50	813	250	(all µs)
read	50	2232	1604	(all µs)
write	95	1393	409	(all µs)
read	95	3738	3246	(all µs)
write	99	54171	521	(all µs)
read	99	66707	14035	(all µs)
write	100	99531	98527	(all µs)
read	100	84715	15904	(all µs)
# actual ops/s: 833720.90
# op	pct	sojourn	remote
write	50	775	215	(all µs)
read	50	2119	1484	(all µs)
write	95	1329	366	(all µs)
read	95	3754	3333	(all µs)
write	99	49683	470	(all µs)
read	99	61175	13912	(all µs)
write	100	97523	96523	(all µs)
read	100	81771	17313	(all µs)
# actual ops/s: 833772.41
# op	pct	sojourn	remote
write	50	813	251	(all µs)
read	50	2267	1625	(all µs)
write	95	1388	403	(all µs)
read	95	3816	3252	(all µs)
write	99	54841	508	(all µs)
read	99	67283	14073	(all µs)
write	100	101831	100827	(all µs)
read	100	84367	16062	(all µs)
# actual ops/s: 833563.94
# op	pct	sojourn	remote
write	50	782	221	(all µs)
read	50	2192	1550	(all µs)
write	95	1347	372	(all µs)
read	95	3778	3270	(all µs)
write	99	51849	483	(all µs)
read	99	64415	14011	(all µs)
write	100	99747	98743	(all µs)
read	100	84243	16591	(all µs)
# actual ops/s: 833719.89
# op	pct	sojourn	remote
write	50	796	241	(all µs)
read	50	2228	1583	(all µs)
write	95	1358	371	(all µs)
read	95	3811	3317	(all µs)
write	99	55555	491	(all µs)
read	99	67771	14067	(all µs)
write	100	98819	97791	(all µs)
read	100	85523	16442	(all µs)
# actual ops/s: 833523.34
# op	pct	sojourn	remote
write	50	785	236	(all µs)
read	50	2196	1551	(all µs)
write	95	1327	337	(all µs)
read	95	3831	3357	(all µs)
write	99	58189	445	(all µs)
read	99	70375	14041	(all µs)
write	100	99679	98655	(all µs)
read	100	86635	15697	(all µs)
# actual ops/s: 833415.51
# op	pct	sojourn	remote
write	50	755	208	(all µs)
read	50	2096	1450	(all µs)
write	95	1281	313	(all µs)
read	95	3745	3258	(all µs)
write	99	52421	432	(all µs)
read	99	64819	13946	(all µs)
write	100	99911	98879	(all µs)
read	100	85595	16294	(all µs)
# actual ops/s: 833579.06
# op	pct	sojourn	remote
write	50	749	201	(all µs)
read	50	2065	1430	(all µs)
write	95	1265	308	(all µs)
read	95	3674	3095	(all µs)
write	99	49323	427	(all µs)
read	99	61337	13880	(all µs)
write	100	96575	95571	(all µs)
read	100	82815	15802	(all µs)
# actual ops/s: 833544.73
# op	pct	sojourn	remote
write	50	808	247	(all µs)
read	50	2242	1600	(all µs)
write	95	1385	397	(all µs)
read	95	3834	3339	(all µs)
write	99	56807	511	(all µs)
read	99	69063	14101	(all µs)
write	100	102307	101291	(all µs)
read	100	87983	16390	(all µs)
# actual ops/s: 833518.40
# op	pct	sojourn	remote
write	50	807	247	(all µs)
read	50	2256	1620	(all µs)
write	95	1383	396	(all µs)
read	95	3752	3208	(all µs)
write	99	54063	511	(all µs)
read	99	66783	14061	(all µs)
write	100	101723	100719	(all µs)
read	100	85651	16301	(all µs)
# actual ops/s: 833742.24
# op	pct	sojourn	remote
write	50	798	237	(all µs)
read	50	2158	1540	(all µs)
write	95	1358	388	(all µs)
read	95	3667	3224	(all µs)
write	99	49565	490	(all µs)
read	99	61743	13937	(all µs)
write	100	100067	99039	(all µs)
read	100	82375	16119	(all µs)
# server stats:
uptime:
 21:57:03 up 21 min,  0 users,  load average: 7.93, 4.86, 3.03
memory: 1909416