# actual ops/s: 41660.44
# op	pct	sojourn	remote
write	50	935	190	(all µs)
read	50	775	229	(all µs)
write	95	1233	222	(all µs)
read	95	1236	257	(all µs)
write	99	1259	236	(all µs)
read	99	1277	273	(all µs)
write	100	5576	4575	(all µs)
read	100	1944	942	(all µs)
# actual ops/s: 41710.55
# op	pct	sojourn	remote
write	50	939	192	(all µs)
read	50	775	224	(all µs)
write	95	1241	223	(all µs)
read	95	1236	253	(all µs)
write	99	1267	237	(all µs)
read	99	1282	269	(all µs)
write	100	5036	4035	(all µs)
read	100	1888	844	(all µs)
# actual ops/s: 41658.70
# op	pct	sojourn	remote
write	50	936	183	(all µs)
read	50	751	200	(all µs)
write	95	1234	214	(all µs)
read	95	1212	229	(all µs)
write	99	1258	226	(all µs)
read	99	1257	244	(all µs)
write	100	5592	4591	(all µs)
read	100	2132	1080	(all µs)
# actual ops/s: 41649.53
# op	pct	sojourn	remote
write	50	951	206	(all µs)
read	50	795	254	(all µs)
write	95	1244	237	(all µs)
read	95	1256	283	(all µs)
write	99	1268	251	(all µs)
read	99	1297	298	(all µs)
write	100	5712	4669	(all µs)
read	100	1795	758	(all µs)
# actual ops/s: 41694.26
# op	pct	sojourn	remote
write	50	936	190	(all µs)
read	50	773	222	(all µs)
write	95	1239	226	(all µs)
read	95	1235	260	(all µs)
write	99	1273	240	(all µs)
read	99	1291	277	(all µs)
write	100	5480	4432	(all µs)
read	100	1537	535	(all µs)
# actual ops/s: 41753.20
# op	pct	sojourn	remote
write	50	943	208	(all µs)
read	50	808	261	(all µs)
write	95	1252	239	(all µs)
read	95	1268	290	(all µs)
write	99	1279	253	(all µs)
read	99	1313	304	(all µs)
write	100	4922	3921	(all µs)
read	100	1621	598	(all µs)
# actual ops/s: 41693.24
# op	pct	sojourn	remote
write	50	944	203	(all µs)
read	50	795	249	(all µs)
write	95	1245	233	(all µs)
read	95	1255	275	(all µs)
write	99	1270	246	(all µs)
read	99	1297	289	(all µs)
write	100	5611	4609	(all µs)
read	100	1618	617	(all µs)
# actual ops/s: 41645.29
# op	pct	sojourn	remote
write	50	952	207	(all µs)
read	50	803	255	(all µs)
write	95	1251	238	(all µs)
read	95	1263	284	(all µs)
write	99	1276	251	(all µs)
read	99	1307	298	(all µs)
write	100	4359	3356	(all µs)
read	100	1740	695	(all µs)
# actual ops/s: 41659.95
# op	pct	sojourn	remote
write	50	949	207	(all µs)
read	50	802	256	(all µs)
write	95	1250	239	(all µs)
read	95	1263	285	(all µs)
write	99	1276	252	(all µs)
read	99	1306	300	(all µs)
write	100	4581	3579	(all µs)
read	100	1759	712	(all µs)
# actual ops/s: 41651.72
# op	pct	sojourn	remote
write	50	958	211	(all µs)
read	50	813	264	(all µs)
write	95	1256	242	(all µs)
read	95	1274	294	(all µs)
write	99	1283	255	(all µs)
read	99	1320	309	(all µs)
write	100	5144	4142	(all µs)
read	100	2056	1010	(all µs)
# actual ops/s: 41687.11
# op	pct	sojourn	remote
write	50	939	196	(all µs)
read	50	786	239	(all µs)
write	95	1241	228	(all µs)
read	95	1248	269	(all µs)
write	99	1267	244	(all µs)
read	99	1292	288	(all µs)
write	100	5363	4361	(all µs)
read	100	1966	964	(all µs)
# actual ops/s: 41655.26
# op	pct	sojourn	remote
write	50	929	182	(all µs)
read	50	752	201	(all µs)
write	95	1234	213	(all µs)
read	95	1213	230	(all µs)
write	99	1258	227	(all µs)
read	99	1259	243	(all µs)
write	100	4987	3985	(all µs)
read	100	1945	896	(all µs)
# server stats:
uptime:
 22:38:46 up 15 min,  0 users,  load average: 1.40, 1.53, 0.94
memory: 236184