# actual ops/s: 8335.57
# op	pct	sojourn	remote
write	50	0	0	(all µs)
read	50	703	100	(all µs)
write	95	0	0	(all µs)
read	95	1141	114	(all µs)
write	99	0	0	(all µs)
read	99	1151	127	(all µs)
write	100	0	0	(all µs)
read	100	1798	759	(all µs)
# actual ops/s: 8332.91
# op	pct	sojourn	remote
write	50	0	0	(all µs)
read	50	697	91	(all µs)
write	95	0	0	(all µs)
read	95	1136	105	(all µs)
write	99	0	0	(all µs)
read	99	1146	113	(all µs)
write	100	0	0	(all µs)
read	100	1423	382	(all µs)
# actual ops/s: 8312.53
# op	pct	sojourn	remote
write	50	0	0	(all µs)
read	50	720	114	(all µs)
write	95	0	0	(all µs)
read	95	1158	128	(all µs)
write	99	0	0	(all µs)
read	99	1169	137	(all µs)
write	100	0	0	(all µs)
read	100	1446	405	(all µs)
# actual ops/s: 8336.05
# op	pct	sojourn	remote
write	50	0	0	(all µs)
read	50	703	98	(all µs)
write	95	0	0	(all µs)
read	95	1139	111	(all µs)
write	99	0	0	(all µs)
read	99	1149	122	(all µs)
write	100	0	0	(all µs)
read	100	1400	358	(all µs)
# actual ops/s: 8338.80
# op	pct	sojourn	remote
write	50	0	0	(all µs)
read	50	700	92	(all µs)
write	95	0	0	(all µs)
read	95	1136	105	(all µs)
write	99	0	0	(all µs)
read	99	1146	114	(all µs)
write	100	0	0	(all µs)
read	100	1615	578	(all µs)
# actual ops/s: 8348.40
# op	pct	sojourn	remote
write	50	0	0	(all µs)
read	50	708	104	(all µs)
write	95	0	0	(all µs)
read	95	1146	118	(all µs)
write	99	0	0	(all µs)
read	99	1157	128	(all µs)
write	100	0	0	(all µs)
read	100	1522	482	(all µs)
# actual ops/s: 8313.13
# op	pct	sojourn	remote
write	50	0	0	(all µs)
read	50	720	113	(all µs)
write	95	0	0	(all µs)
read	95	1157	129	(all µs)
write	99	0	0	(all µs)
read	99	1169	137	(all µs)
write	100	0	0	(all µs)
read	100	1449	402	(all µs)
# actual ops/s: 8321.44
# op	pct	sojourn	remote
write	50	0	0	(all µs)
read	50	707	102	(all µs)
write	95	0	0	(all µs)
read	95	1143	117	(all µs)
write	99	0	0	(all µs)
read	99	1154	128	(all µs)
write	100	0	0	(all µs)
read	100	1628	588	(all µs)
# actual ops/s: 8323.63
# op	pct	sojourn	remote
write	50	0	0	(all µs)
read	50	695	91	(all µs)
write	95	0	0	(all µs)
read	95	1133	104	(all µs)
write	99	0	0	(all µs)
read	99	1143	111	(all µs)
write	100	0	0	(all µs)
read	100	1426	385	(all µs)
# actual ops/s: 8330.90
# op	pct	sojourn	remote
write	50	0	0	(all µs)
read	50	714	107	(all µs)
write	95	0	0	(all µs)
read	95	1149	119	(all µs)
write	99	0	0	(all µs)
read	99	1157	125	(all µs)
write	100	0	0	(all µs)
read	100	1832	793	(all µs)
# actual ops/s: 8362.33
# op	pct	sojourn	remote
write	50	0	0	(all µs)
read	50	699	91	(all µs)
write	95	0	0	(all µs)
read	95	1135	106	(all µs)
write	99	0	0	(all µs)
read	99	1145	114	(all µs)
write	100	0	0	(all µs)
read	100	1995	952	(all µs)
# actual ops/s: 8309.61
# op	pct	sojourn	remote
write	50	0	0	(all µs)
read	50	705	99	(all µs)
write	95	0	0	(all µs)
read	95	1140	112	(all µs)
write	99	0	0	(all µs)
read	99	1150	124	(all µs)
write	100	0	0	(all µs)
read	100	1621	583	(all µs)
# server stats:
uptime:
 01:03:52 up 4 min,  0 users,  load average: 0.30, 0.29, 0.14
memory: 101328