# actual ops/s: 8351.52
# op	pct	sojourn	remote
write	50	1197	197	(all µs)
read	50	717	114	(all µs)
write	95	1246	208	(all µs)
read	95	1157	128	(all µs)
write	99	1254	214	(all µs)
read	99	1168	135	(all µs)
write	100	1380	335	(all µs)
read	100	1717	676	(all µs)
# actual ops/s: 8342.65
# op	pct	sojourn	remote
write	50	1202	202	(all µs)
read	50	732	125	(all µs)
write	95	1272	224	(all µs)
read	95	1179	146	(all µs)
write	99	1283	232	(all µs)
read	99	1199	155	(all µs)
write	100	1391	337	(all µs)
read	100	1863	809	(all µs)
# actual ops/s: 8321.50
# op	pct	sojourn	remote
write	50	1166	165	(all µs)
read	50	684	82	(all µs)
write	95	1215	176	(all µs)
read	95	1125	96	(all µs)
write	99	1222	183	(all µs)
read	99	1136	103	(all µs)
write	100	1327	326	(all µs)
read	100	1266	245	(all µs)
# actual ops/s: 8329.92
# op	pct	sojourn	remote
write	50	1204	205	(all µs)
read	50	730	125	(all µs)
write	95	1262	218	(all µs)
read	95	1175	139	(all µs)
write	99	1270	224	(all µs)
read	99	1186	147	(all µs)
write	100	1686	684	(all µs)
read	100	1551	499	(all µs)
# actual ops/s: 8351.58
# op	pct	sojourn	remote
write	50	1175	175	(all µs)
read	50	700	95	(all µs)
write	95	1228	186	(all µs)
read	95	1141	108	(all µs)
write	99	1235	193	(all µs)
read	99	1151	116	(all µs)
write	100	1282	271	(all µs)
read	100	1433	390	(all µs)
# actual ops/s: 8344.83
# op	pct	sojourn	remote
write	50	1199	199	(all µs)
read	50	722	118	(all µs)
write	95	1250	212	(all µs)
read	95	1162	134	(all µs)
write	99	1260	222	(all µs)
read	99	1175	145	(all µs)
write	100	1425	415	(all µs)
read	100	1945	908	(all µs)
# actual ops/s: 8319.42
# op	pct	sojourn	remote
write	50	1194	194	(all µs)
read	50	713	112	(all µs)
write	95	1240	205	(all µs)
read	95	1152	126	(all µs)
write	99	1248	215	(all µs)
read	99	1162	137	(all µs)
write	100	1574	573	(all µs)
read	100	2010	970	(all µs)
# actual ops/s: 8337.80
# op	pct	sojourn	remote
write	50	1173	173	(all µs)
read	50	691	91	(all µs)
write	95	1224	185	(all µs)
read	95	1133	105	(all µs)
write	99	1233	192	(all µs)
read	99	1146	113	(all µs)
write	100	1381	334	(all µs)
read	100	1739	699	(all µs)
# actual ops/s: 8347.00
# op	pct	sojourn	remote
write	50	1159	159	(all µs)
read	50	669	75	(all µs)
write	95	1197	168	(all µs)
read	95	1108	87	(all µs)
write	99	1204	173	(all µs)
read	99	1117	93	(all µs)
write	100	1228	219	(all µs)
read	100	2005	1004	(all µs)
# actual ops/s: 8364.69
# op	pct	sojourn	remote
write	50	1203	204	(all µs)
read	50	728	123	(all µs)
write	95	1259	215	(all µs)
read	95	1172	138	(all µs)
write	99	1268	223	(all µs)
read	99	1183	146	(all µs)
write	100	1389	349	(all µs)
read	100	2122	1071	(all µs)
# actual ops/s: 8313.69
# op	pct	sojourn	remote
write	50	1203	203	(all µs)
read	50	731	123	(all µs)
write	95	1260	216	(all µs)
read	95	1172	139	(all µs)
write	99	1269	226	(all µs)
read	99	1185	152	(all µs)
write	100	1849	805	(all µs)
read	100	1397	363	(all µs)
# actual ops/s: 8336.69
# op	pct	sojourn	remote
write	50	1179	180	(all µs)
read	50	705	99	(all µs)
write	95	1234	192	(all µs)
read	95	1146	114	(all µs)
write	99	1241	198	(all µs)
read	99	1158	121	(all µs)
write	100	1391	349	(all µs)
read	100	2016	971	(all µs)
# server stats:
uptime:
 21:38:33 up 2 min,  0 users,  load average: 1.21, 0.70, 0.29
memory: 165504