# actual ops/s: 333435.74
# op	pct	sojourn	remote
write	50	723	199	(all µs)
read	50	1078	540	(all µs)
write	95	1194	227	(all µs)
read	95	1551	700	(all µs)
write	99	1233	254	(all µs)
read	99	1697	909	(all µs)
write	100	51797	50767	(all µs)
read	100	29158	2978	(all µs)
# actual ops/s: 333301.46
# op	pct	sojourn	remote
write	50	733	204	(all µs)
read	50	1092	557	(all µs)
write	95	1203	240	(all µs)
read	95	1566	702	(all µs)
write	99	1245	267	(all µs)
read	99	1701	920	(all µs)
write	100	47803	46801	(all µs)
read	100	28925	2661	(all µs)
# actual ops/s: 333586.07
# op	pct	sojourn	remote
write	50	691	168	(all µs)
read	50	1031	485	(all µs)
write	95	1161	195	(all µs)
read	95	1506	650	(all µs)
write	99	1197	223	(all µs)
read	99	1653	858	(all µs)
write	100	51165	50165	(all µs)
read	100	29453	3310	(all µs)
# actual ops/s: 333427.28
# op	pct	sojourn	remote
write	50	733	207	(all µs)
read	50	1092	558	(all µs)
write	95	1203	236	(all µs)
read	95	1564	695	(all µs)
write	99	1243	262	(all µs)
read	99	1690	909	(all µs)
write	100	49535	48519	(all µs)
read	100	29685	3090	(all µs)
# actual ops/s: 333274.19
# op	pct	sojourn	remote
write	50	700	177	(all µs)
read	50	1062	520	(all µs)
write	95	1172	206	(all µs)
read	95	1536	683	(all µs)
write	99	1210	232	(all µs)
read	99	1689	901	(all µs)
write	100	48773	47771	(all µs)
read	100	29278	2608	(all µs)
# actual ops/s: 333303.00
# op	pct	sojourn	remote
write	50	729	204	(all µs)
read	50	1095	556	(all µs)
write	95	1200	234	(all µs)
read	95	1570	769	(all µs)
write	99	1241	263	(all µs)
read	99	1759	975	(all µs)
write	100	49951	48949	(all µs)
read	100	30109	3067	(all µs)
# actual ops/s: 333483.98
# op	pct	sojourn	remote
write	50	723	200	(all µs)
read	50	1085	546	(all µs)
write	95	1195	229	(all µs)
read	95	1560	751	(all µs)
write	99	1236	259	(all µs)
read	99	1743	959	(all µs)
write	100	48539	47539	(all µs)
read	100	29568	2740	(all µs)
# actual ops/s: 333293.48
# op	pct	sojourn	remote
write	50	697	175	(all µs)
read	50	1047	501	(all µs)
write	95	1169	203	(all µs)
read	95	1524	697	(all µs)
write	99	1206	230	(all µs)
read	99	1703	911	(all µs)
write	100	48329	47327	(all µs)
read	100	29983	2797	(all µs)
# actual ops/s: 333432.76
# op	pct	sojourn	remote
write	50	682	163	(all µs)
read	50	1016	473	(all µs)
write	95	1155	190	(all µs)
read	95	1490	649	(all µs)
write	99	1191	219	(all µs)
read	99	1656	875	(all µs)
write	100	46879	45879	(all µs)
read	100	29259	2767	(all µs)
# actual ops/s: 333486.24
# op	pct	sojourn	remote
write	50	731	205	(all µs)
read	50	1097	558	(all µs)
write	95	1201	235	(all µs)
read	95	1572	763	(all µs)
write	99	1241	263	(all µs)
read	99	1756	966	(all µs)
write	100	45075	44073	(all µs)
read	100	30321	3024	(all µs)
# actual ops/s: 333235.01
# op	pct	sojourn	remote
write	50	734	207	(all µs)
read	50	1102	566	(all µs)
write	95	1205	238	(all µs)
read	95	1576	733	(all µs)
write	99	1246	274	(all µs)
read	99	1737	957	(all µs)
write	100	50045	49017	(all µs)
read	100	28978	2809	(all µs)
# actual ops/s: 333161.93
# op	pct	sojourn	remote
write	50	706	182	(all µs)
read	50	1058	516	(all µs)
write	95	1178	212	(all µs)
read	95	1533	669	(all µs)
write	99	1215	239	(all µs)
read	99	1677	884	(all µs)
write	100	47785	46783	(all µs)
read	100	29082	2550	(all µs)
# server stats:
uptime:
 21:43:57 up 8 min,  0 users,  load average: 3.57, 1.99, 0.93
memory: 909868