# actual ops/s: 500106.69
# op	pct	sojourn	remote
write	50	0	0	(all µs)
read	50	1121	595	(all µs)
write	95	0	0	(all µs)
read	95	1581	690	(all µs)
write	99	0	0	(all µs)
read	99	1651	753	(all µs)
write	100	0	0	(all µs)
read	100	2007	1005	(all µs)
# actual ops/s: 500015.89
# op	pct	sojourn	remote
write	50	0	0	(all µs)
read	50	1097	566	(all µs)
write	95	0	0	(all µs)
read	95	1558	669	(all µs)
write	99	0	0	(all µs)
read	99	1633	744	(all µs)
write	100	0	0	(all µs)
read	100	2454	1450	(all µs)
# actual ops/s: 499861.60
# op	pct	sojourn	remote
write	50	0	0	(all µs)
read	50	1165	639	(all µs)
write	95	0	0	(all µs)
read	95	1625	737	(all µs)
write	99	0	0	(all µs)
read	99	1698	806	(all µs)
write	100	0	0	(all µs)
read	100	2405	1402	(all µs)
# actual ops/s: 500086.64
# op	pct	sojourn	remote
write	50	0	0	(all µs)
read	50	1121	594	(all µs)
write	95	0	0	(all µs)
read	95	1581	695	(all µs)
write	99	0	0	(all µs)
read	99	1654	766	(all µs)
write	100	0	0	(all µs)
read	100	2439	1434	(all µs)
# actual ops/s: 500295.76
# op	pct	sojourn	remote
write	50	0	0	(all µs)
read	50	1080	548	(all µs)
write	95	0	0	(all µs)
read	95	1541	654	(all µs)
write	99	0	0	(all µs)
read	99	1615	729	(all µs)
write	100	0	0	(all µs)
read	100	2455	1452	(all µs)
# actual ops/s: 499905.33
# op	pct	sojourn	remote
write	50	0	0	(all µs)
read	50	1132	605	(all µs)
write	95	0	0	(all µs)
read	95	1592	702	(all µs)
write	99	0	0	(all µs)
read	99	1664	766	(all µs)
write	100	0	0	(all µs)
read	100	2525	1521	(all µs)
# actual ops/s: 499976.21
# op	pct	sojourn	remote
write	50	0	0	(all µs)
read	50	1149	623	(all µs)
write	95	0	0	(all µs)
read	95	1609	722	(all µs)
write	99	0	0	(all µs)
read	99	1681	789	(all µs)
write	100	0	0	(all µs)
read	100	2603	1601	(all µs)
# actual ops/s: 500001.35
# op	pct	sojourn	remote
write	50	0	0	(all µs)
read	50	1131	603	(all µs)
write	95	0	0	(all µs)
read	95	1591	709	(all µs)
write	99	0	0	(all µs)
read	99	1668	789	(all µs)
write	100	0	0	(all µs)
read	100	2192	1187	(all µs)
# actual ops/s: 500087.66
# op	pct	sojourn	remote
write	50	0	0	(all µs)
read	50	1077	546	(all µs)
write	95	0	0	(all µs)
read	95	1538	653	(all µs)
write	99	0	0	(all µs)
read	99	1613	728	(all µs)
write	100	0	0	(all µs)
read	100	2290	1287	(all µs)
# actual ops/s: 500048.37
# op	pct	sojourn	remote
write	50	100003	100003	(all µs)
read	50	1148	620	(all µs)
write	95	100003	100003	(all µs)
read	95	1608	726	(all µs)
write	99	100003	100003	(all µs)
read	99	1684	803	(all µs)
write	100	100003	100003	(all µs)
read	100	2414	1409	(all µs)
# actual ops/s: 499764.87
# op	pct	sojourn	remote
write	50	0	0	(all µs)
read	50	1081	551	(all µs)
write	95	0	0	(all µs)
read	95	1542	649	(all µs)
write	99	0	0	(all µs)
read	99	1614	721	(all µs)
write	100	0	0	(all µs)
read	100	2377	1371	(all µs)
# actual ops/s: 500192.27
# op	pct	sojourn	remote
write	50	0	0	(all µs)
read	50	1121	593	(all µs)
write	95	0	0	(all µs)
read	95	1581	694	(all µs)
write	99	0	0	(all µs)
read	99	1654	768	(all µs)
write	100	0	0	(all µs)
read	100	2441	1439	(all µs)
# server stats:
uptime:
 01:20:10 up 20 min,  0 users,  load average: 1.79, 1.51, 1.18
memory: 105900