# actual ops/s: 20823.90
# op	pct	sojourn	remote
write	50	1123	195	(all µs)
read	50	695	134	(all µs)
write	95	1242	207	(all µs)
read	95	1159	152	(all µs)
write	99	1251	216	(all µs)
read	99	1184	161	(all µs)
write	100	2028	979	(all µs)
read	100	1347	305	(all µs)
# actual ops/s: 20835.22
# op	pct	sojourn	remote
write	50	1134	199	(all µs)
read	50	711	145	(all µs)
write	95	1262	223	(all µs)
read	95	1172	170	(all µs)
write	99	1279	231	(all µs)
read	99	1215	182	(all µs)
write	100	1344	343	(all µs)
read	100	1340	306	(all µs)
# actual ops/s: 20845.91
# op	pct	sojourn	remote
write	50	1093	164	(all µs)
read	50	662	100	(all µs)
write	95	1211	176	(all µs)
read	95	1126	118	(all µs)
write	99	1220	184	(all µs)
read	99	1150	127	(all µs)
write	100	1368	333	(all µs)
read	100	1293	251	(all µs)
# actual ops/s: 20820.29
# op	pct	sojourn	remote
write	50	1133	202	(all µs)
read	50	709	144	(all µs)
write	95	1256	216	(all µs)
read	95	1175	163	(all µs)
write	99	1266	224	(all µs)
read	99	1202	173	(all µs)
write	100	1356	311	(all µs)
read	100	1352	305	(all µs)
# actual ops/s: 20841.72
# op	pct	sojourn	remote
write	50	1100	173	(all µs)
read	50	677	114	(all µs)
write	95	1223	186	(all µs)
read	95	1142	132	(all µs)
write	99	1231	193	(all µs)
read	99	1166	142	(all µs)
write	100	1790	747	(all µs)
read	100	1482	480	(all µs)
# actual ops/s: 20881.76
# op	pct	sojourn	remote
write	50	1128	198	(all µs)
read	50	700	140	(all µs)
write	95	1247	213	(all µs)
read	95	1166	160	(all µs)
write	99	1258	223	(all µs)
read	99	1192	173	(all µs)
write	100	1498	455	(all µs)
read	100	1445	402	(all µs)
# actual ops/s: 20843.96
# op	pct	sojourn	remote
write	50	1120	193	(all µs)
read	50	693	134	(all µs)
write	95	1239	206	(all µs)
read	95	1157	154	(all µs)
write	99	1248	221	(all µs)
read	99	1183	167	(all µs)
write	100	1619	577	(all µs)
read	100	1773	733	(all µs)
# actual ops/s: 20825.15
# op	pct	sojourn	remote
write	50	1102	170	(all µs)
read	50	670	108	(all µs)
write	95	1218	183	(all µs)
read	95	1134	127	(all µs)
write	99	1228	192	(all µs)
read	99	1160	137	(all µs)
write	100	1401	353	(all µs)
read	100	1396	355	(all µs)
# actual ops/s: 20828.05
# op	pct	sojourn	remote
write	50	1084	158	(all µs)
read	50	646	92	(all µs)
write	95	1195	167	(all µs)
read	95	1110	107	(all µs)
write	99	1202	174	(all µs)
read	99	1132	116	(all µs)
write	100	1303	301	(all µs)
read	100	1300	268	(all µs)
# actual ops/s: 20831.73
# op	pct	sojourn	remote
write	50	1129	200	(all µs)
read	50	707	142	(all µs)
write	95	1254	214	(all µs)
read	95	1173	161	(all µs)
write	99	1263	222	(all µs)
read	99	1199	171	(all µs)
write	100	3772	2724	(all µs)
read	100	3776	2730	(all µs)
# actual ops/s: 20860.55
# op	pct	sojourn	remote
write	50	1131	201	(all µs)
read	50	710	144	(all µs)
write	95	1256	217	(all µs)
read	95	1174	164	(all µs)
write	99	1267	229	(all µs)
read	99	1202	179	(all µs)
write	100	1428	426	(all µs)
read	100	1380	331	(all µs)
# actual ops/s: 20812.02
# op	pct	sojourn	remote
write	50	1105	178	(all µs)
read	50	681	117	(all µs)
write	95	1229	191	(all µs)
read	95	1148	135	(all µs)
write	99	1239	199	(all µs)
read	99	1172	146	(all µs)
write	100	1338	337	(all µs)
read	100	1347	297	(all µs)
# server stats:
uptime:
 21:39:38 up 4 min,  0 users,  load average: 0.92, 0.73, 0.33
memory: 189476