# actual ops/s: 666789.33
# op	pct	sojourn	remote
write	50	0	0	(all µs)
read	50	1668	1092	(all µs)
write	95	0	0	(all µs)
read	95	2235	1491	(all µs)
write	99	0	0	(all µs)
read	99	2608	1887	(all µs)
write	100	0	0	(all µs)
read	100	4578	3558	(all µs)
# actual ops/s: 666746.22
# op	pct	sojourn	remote
write	50	0	0	(all µs)
read	50	1592	1011	(all µs)
write	95	0	0	(all µs)
read	95	2171	1442	(all µs)
write	99	0	0	(all µs)
read	99	2540	1841	(all µs)
write	100	0	0	(all µs)
read	100	4094	3052	(all µs)
# actual ops/s: 666856.08
# op	pct	sojourn	remote
write	50	0	0	(all µs)
read	50	1611	1032	(all µs)
write	95	0	0	(all µs)
read	95	2189	1454	(all µs)
write	99	0	0	(all µs)
read	99	2565	1864	(all µs)
write	100	0	0	(all µs)
read	100	4476	3465	(all µs)
# actual ops/s: 666747.33
# op	pct	sojourn	remote
write	50	0	0	(all µs)
read	50	1605	1018	(all µs)
write	95	0	0	(all µs)
read	95	2206	1489	(all µs)
write	99	0	0	(all µs)
read	99	2571	1859	(all µs)
write	100	0	0	(all µs)
read	100	4085	3083	(all µs)
# actual ops/s: 666630.84
# op	pct	sojourn	remote
write	50	0	0	(all µs)
read	50	1726	1150	(all µs)
write	95	0	0	(all µs)
read	95	2315	1594	(all µs)
write	99	0	0	(all µs)
read	99	2688	1956	(all µs)
write	100	0	0	(all µs)
read	100	4606	3565	(all µs)
# actual ops/s: 666417.04
# op	pct	sojourn	remote
write	50	0	0	(all µs)
read	50	1805	1221	(all µs)
write	95	0	0	(all µs)
read	95	2387	1669	(all µs)
write	99	0	0	(all µs)
read	99	2775	2054	(all µs)
write	100	0	0	(all µs)
read	100	8171	7131	(all µs)
# actual ops/s: 666856.72
# op	pct	sojourn	remote
write	50	0	0	(all µs)
read	50	1801	1219	(all µs)
write	95	0	0	(all µs)
read	95	2377	1677	(all µs)
write	99	0	0	(all µs)
read	99	2782	2051	(all µs)
write	100	0	0	(all µs)
read	100	4202	3164	(all µs)
# actual ops/s: 666810.04
# op	pct	sojourn	remote
write	50	0	0	(all µs)
read	50	1812	1230	(all µs)
write	95	0	0	(all µs)
read	95	2388	1676	(all µs)
write	99	0	0	(all µs)
read	99	2770	2027	(all µs)
write	100	0	0	(all µs)
read	100	4577	3535	(all µs)
# actual ops/s: 666673.85
# op	pct	sojourn	remote
write	50	0	0	(all µs)
read	50	1805	1221	(all µs)
write	95	0	0	(all µs)
read	95	2387	1677	(all µs)
write	99	0	0	(all µs)
read	99	2769	2029	(all µs)
write	100	0	0	(all µs)
read	100	4071	3032	(all µs)
# actual ops/s: 667090.59
# op	pct	sojourn	remote
write	50	0	0	(all µs)
read	50	1827	1244	(all µs)
write	95	0	0	(all µs)
read	95	2393	1663	(all µs)
write	99	0	0	(all µs)
read	99	2753	2008	(all µs)
write	100	0	0	(all µs)
read	100	4260	3219	(all µs)
# actual ops/s: 666737.31
# op	pct	sojourn	remote
write	50	0	0	(all µs)
read	50	1744	1168	(all µs)
write	95	0	0	(all µs)
read	95	2308	1556	(all µs)
write	99	0	0	(all µs)
read	99	2672	1937	(all µs)
write	100	0	0	(all µs)
read	100	4342	3297	(all µs)
# actual ops/s: 666881.61
# op	pct	sojourn	remote
write	50	0	0	(all µs)
read	50	1711	1143	(all µs)
write	95	0	0	(all µs)
read	95	2268	1518	(all µs)
write	99	0	0	(all µs)
read	99	2615	1901	(all µs)
write	100	0	0	(all µs)
read	100	4152	3107	(all µs)
# server stats:
uptime:
 22:42:30 up 20 min,  0 users,  load average: 5.08, 3.39, 2.25
memory: 109124