# actual ops/s: 779544.35
# op	pct	sojourn	remote
write	50	0	0	(all µs)
read	50	100003	15971	(all µs)
write	95	0	0	(all µs)
read	95	100003	18080	(all µs)
write	99	0	0	(all µs)
read	99	100003	19066	(all µs)
write	100	0	0	(all µs)
read	100	100003	23360	(all µs)
# actual ops/s: 782830.97
# op	pct	sojourn	remote
write	50	0	0	(all µs)
read	50	100003	15899	(all µs)
write	95	0	0	(all µs)
read	95	100003	17978	(all µs)
write	99	0	0	(all µs)
read	99	100003	18940	(all µs)
write	100	0	0	(all µs)
read	100	100003	22619	(all µs)
# actual ops/s: 783240.98
# op	pct	sojourn	remote
write	50	0	0	(all µs)
read	50	100003	15902	(all µs)
write	95	0	0	(all µs)
read	95	100003	17928	(all µs)
write	99	0	0	(all µs)
read	99	100003	18911	(all µs)
write	100	0	0	(all µs)
read	100	100003	21480	(all µs)
# actual ops/s: 783249.82
# op	pct	sojourn	remote
write	50	0	0	(all µs)
read	50	100003	15932	(all µs)
write	95	0	0	(all µs)
read	95	100003	17930	(all µs)
write	99	0	0	(all µs)
read	99	100003	18940	(all µs)
write	100	0	0	(all µs)
read	100	100003	21497	(all µs)
# actual ops/s: 781864.94
# op	pct	sojourn	remote
write	50	0	0	(all µs)
read	50	100003	15945	(all µs)
write	95	0	0	(all µs)
read	95	100003	17969	(all µs)
write	99	0	0	(all µs)
read	99	100003	18943	(all µs)
write	100	0	0	(all µs)
read	100	100003	22558	(all µs)
# actual ops/s: 781529.47
# op	pct	sojourn	remote
write	50	0	0	(all µs)
read	50	100003	15966	(all µs)
write	95	0	0	(all µs)
read	95	100003	17991	(all µs)
write	99	0	0	(all µs)
read	99	100003	18962	(all µs)
write	100	0	0	(all µs)
read	100	100003	23105	(all µs)
# actual ops/s: 782794.57
# op	pct	sojourn	remote
write	50	0	0	(all µs)
read	50	100003	15946	(all µs)
write	95	0	0	(all µs)
read	95	100003	17925	(all µs)
write	99	0	0	(all µs)
read	99	100003	18876	(all µs)
write	100	0	0	(all µs)
read	100	100003	22038	(all µs)
# actual ops/s: 782875.45
# op	pct	sojourn	remote
write	50	0	0	(all µs)
read	50	100003	15942	(all µs)
write	95	0	0	(all µs)
read	95	100003	17954	(all µs)
write	99	0	0	(all µs)
read	99	100003	18990	(all µs)
write	100	0	0	(all µs)
read	100	100003	22168	(all µs)
# actual ops/s: 783559.70
# op	pct	sojourn	remote
write	50	0	0	(all µs)
read	50	100003	15925	(all µs)
write	95	0	0	(all µs)
read	95	100003	17885	(all µs)
write	99	0	0	(all µs)
read	99	100003	18869	(all µs)
write	100	0	0	(all µs)
read	100	100003	21814	(all µs)
# actual ops/s: 784006.75
# op	pct	sojourn	remote
write	50	0	0	(all µs)
read	50	100003	15934	(all µs)
write	95	0	0	(all µs)
read	95	100003	17912	(all µs)
write	99	0	0	(all µs)
read	99	100003	18892	(all µs)
write	100	0	0	(all µs)
read	100	100003	100003	(all µs)
# actual ops/s: 787334.71
# op	pct	sojourn	remote
write	50	0	0	(all µs)
read	50	100003	15846	(all µs)
write	95	0	0	(all µs)
read	95	100003	17722	(all µs)
write	99	0	0	(all µs)
read	99	100003	18724	(all µs)
write	100	0	0	(all µs)
read	100	100003	22323	(all µs)
# actual ops/s: 787566.52
# op	pct	sojourn	remote
write	50	0	0	(all µs)
read	50	100003	15821	(all µs)
write	95	0	0	(all µs)
read	95	100003	17657	(all µs)
write	99	0	0	(all µs)
read	99	100003	18609	(all µs)
write	100	0	0	(all µs)
read	100	100003	100003	(all µs)
# server stats:
uptime:
 22:33:45 up 11 min,  0 users,  load average: 10.07, 4.76, 2.05
memory: 107524