# actual ops/s: 20859.83
# op	pct	sojourn	remote
write	50	0	0	(all µs)
read	50	778	203	(all µs)
write	95	0	0	(all µs)
read	95	1240	227	(all µs)
write	99	0	0	(all µs)
read	99	1260	248	(all µs)
write	100	0	0	(all µs)
read	100	1838	796	(all µs)
# actual ops/s: 20835.41
# op	pct	sojourn	remote
write	50	0	0	(all µs)
read	50	756	182	(all µs)
write	95	0	0	(all µs)
read	95	1218	204	(all µs)
write	99	0	0	(all µs)
read	99	1238	216	(all µs)
write	100	0	0	(all µs)
read	100	1924	886	(all µs)
# actual ops/s: 20823.90
# op	pct	sojourn	remote
write	50	0	0	(all µs)
read	50	806	229	(all µs)
write	95	0	0	(all µs)
read	95	1266	253	(all µs)
write	99	0	0	(all µs)
read	99	1288	267	(all µs)
write	100	0	0	(all µs)
read	100	1577	529	(all µs)
# actual ops/s: 20832.86
# op	pct	sojourn	remote
write	50	0	0	(all µs)
read	50	775	201	(all µs)
write	95	0	0	(all µs)
read	95	1237	223	(all µs)
write	99	0	0	(all µs)
read	99	1256	241	(all µs)
write	100	0	0	(all µs)
read	100	1585	543	(all µs)
# actual ops/s: 20838.70
# op	pct	sojourn	remote
write	50	0	0	(all µs)
read	50	752	178	(all µs)
write	95	0	0	(all µs)
read	95	1215	198	(all µs)
write	99	0	0	(all µs)
read	99	1232	209	(all µs)
write	100	0	0	(all µs)
read	100	1541	498	(all µs)
# actual ops/s: 20796.42
# op	pct	sojourn	remote
write	50	0	0	(all µs)
read	50	788	212	(all µs)
write	95	0	0	(all µs)
read	95	1249	236	(all µs)
write	99	0	0	(all µs)
read	99	1269	253	(all µs)
write	100	0	0	(all µs)
read	100	2115	1074	(all µs)
# actual ops/s: 20803.65
# op	pct	sojourn	remote
write	50	0	0	(all µs)
read	50	804	228	(all µs)
write	95	0	0	(all µs)
read	95	1264	251	(all µs)
write	99	0	0	(all µs)
read	99	1285	264	(all µs)
write	100	0	0	(all µs)
read	100	1722	680	(all µs)
# actual ops/s: 20850.98
# op	pct	sojourn	remote
write	50	0	0	(all µs)
read	50	784	208	(all µs)
write	95	0	0	(all µs)
read	95	1245	232	(all µs)
write	99	0	0	(all µs)
read	99	1265	251	(all µs)
write	100	0	0	(all µs)
read	100	1629	586	(all µs)
# actual ops/s: 20853.46
# op	pct	sojourn	remote
write	50	0	0	(all µs)
read	50	755	181	(all µs)
write	95	0	0	(all µs)
read	95	1216	201	(all µs)
write	99	0	0	(all µs)
read	99	1234	213	(all µs)
write	100	0	0	(all µs)
read	100	2081	1041	(all µs)
# actual ops/s: 20846.40
# op	pct	sojourn	remote
write	50	0	0	(all µs)
read	50	806	229	(all µs)
write	95	0	0	(all µs)
read	95	1267	252	(all µs)
write	99	0	0	(all µs)
read	99	1288	264	(all µs)
write	100	0	0	(all µs)
read	100	1874	831	(all µs)
# actual ops/s: 20830.95
# op	pct	sojourn	remote
write	50	0	0	(all µs)
read	50	756	182	(all µs)
write	95	0	0	(all µs)
read	95	1217	204	(all µs)
write	99	0	0	(all µs)
read	99	1237	217	(all µs)
write	100	0	0	(all µs)
read	100	1558	516	(all µs)
# actual ops/s: 20837.51
# op	pct	sojourn	remote
write	50	0	0	(all µs)
read	50	775	202	(all µs)
write	95	0	0	(all µs)
read	95	1238	225	(all µs)
write	99	0	0	(all µs)
read	99	1257	246	(all µs)
write	100	0	0	(all µs)
read	100	1614	573	(all µs)
# server stats:
uptime:
 01:14:41 up 14 min,  0 users,  load average: 0.68, 1.78, 1.14
memory: 104204