# actual ops/s: 41652.56
# op	pct	sojourn	remote
write	50	935	195	(all µs)
read	50	715	167	(all µs)
write	95	1240	209	(all µs)
read	95	1175	192	(all µs)
write	99	1250	218	(all µs)
read	99	1216	205	(all µs)
write	100	5946	4903	(all µs)
read	100	1361	317	(all µs)
# actual ops/s: 41649.09
# op	pct	sojourn	remote
write	50	943	200	(all µs)
read	50	731	179	(all µs)
write	95	1250	223	(all µs)
read	95	1192	209	(all µs)
write	99	1274	232	(all µs)
read	99	1243	225	(all µs)
write	100	4940	3938	(all µs)
read	100	1469	466	(all µs)
# actual ops/s: 41672.76
# op	pct	sojourn	remote
write	50	904	163	(all µs)
read	50	677	130	(all µs)
write	95	1207	177	(all µs)
read	95	1138	154	(all µs)
write	99	1218	186	(all µs)
read	99	1178	169	(all µs)
write	100	3899	2898	(all µs)
read	100	1320	277	(all µs)
# actual ops/s: 41721.94
# op	pct	sojourn	remote
write	50	943	201	(all µs)
read	50	726	176	(all µs)
write	95	1250	217	(all µs)
read	95	1186	201	(all µs)
write	99	1264	226	(all µs)
read	99	1231	215	(all µs)
write	100	5566	4563	(all µs)
read	100	1889	841	(all µs)
# actual ops/s: 41682.05
# op	pct	sojourn	remote
write	50	918	173	(all µs)
read	50	696	146	(all µs)
write	95	1219	187	(all µs)
read	95	1156	171	(all µs)
write	99	1230	196	(all µs)
read	99	1198	185	(all µs)
write	100	4834	3833	(all µs)
read	100	1369	367	(all µs)
# actual ops/s: 41700.72
# op	pct	sojourn	remote
write	50	934	197	(all µs)
read	50	721	174	(all µs)
write	95	1242	213	(all µs)
read	95	1182	200	(all µs)
write	99	1255	224	(all µs)
read	99	1224	216	(all µs)
write	100	5536	4491	(all µs)
read	100	100003	100003	(all µs)
# actual ops/s: 41712.48
# op	pct	sojourn	remote
write	50	932	194	(all µs)
read	50	712	167	(all µs)
write	95	1236	209	(all µs)
read	95	1173	192	(all µs)
write	99	1248	223	(all µs)
read	99	1214	209	(all µs)
write	100	5473	4471	(all µs)
read	100	1790	749	(all µs)
# actual ops/s: 41637.27
# op	pct	sojourn	remote
write	50	906	168	(all µs)
read	50	681	135	(all µs)
write	95	1210	180	(all µs)
read	95	1141	158	(all µs)
write	99	1218	189	(all µs)
read	99	1180	172	(all µs)
write	100	3342	2305	(all µs)
read	100	1335	313	(all µs)
# actual ops/s: 41673.22
# op	pct	sojourn	remote
write	50	894	158	(all µs)
read	50	662	121	(all µs)
write	95	1193	169	(all µs)
read	95	1123	144	(all µs)
write	99	1201	179	(all µs)
read	99	1159	157	(all µs)
write	100	4615	3581	(all µs)
read	100	1311	289	(all µs)
# actual ops/s: 41687.39
# op	pct	sojourn	remote
write	50	937	199	(all µs)
read	50	724	174	(all µs)
write	95	1248	215	(all µs)
read	95	1184	199	(all µs)
write	99	1261	225	(all µs)
read	99	1229	213	(all µs)
write	100	3651	2649	(all µs)
read	100	2037	1036	(all µs)
# actual ops/s: 41630.58
# op	pct	sojourn	remote
write	50	943	202	(all µs)
read	50	730	178	(all µs)
write	95	1251	218	(all µs)
read	95	1190	206	(all µs)
write	99	1264	235	(all µs)
read	99	1235	227	(all µs)
write	100	5521	4472	(all µs)
read	100	1424	377	(all µs)
# actual ops/s: 41656.17
# op	pct	sojourn	remote
write	50	920	177	(all µs)
read	50	700	149	(all µs)
write	95	1226	192	(all µs)
read	95	1160	174	(all µs)
write	99	1238	202	(all µs)
read	99	1203	187	(all µs)
write	100	4152	3150	(all µs)
read	100	1603	601	(all µs)
# server stats:
uptime:
 21:40:42 up 5 min,  0 users,  load average: 1.52, 0.98, 0.45
memory: 233332