# actual ops/s: 666973.66
# op	pct	sojourn	remote
write	50	727	205	(all µs)
read	50	1249	733	(all µs)
write	95	1196	258	(all µs)
read	95	1714	839	(all µs)
write	99	1252	303	(all µs)
read	99	1801	919	(all µs)
write	100	52549	51549	(all µs)
read	100	34731	4026	(all µs)
# actual ops/s: 666909.99
# op	pct	sojourn	remote
write	50	727	204	(all µs)
read	50	1252	731	(all µs)
write	95	1197	259	(all µs)
read	95	1719	847	(all µs)
write	99	1256	301	(all µs)
read	99	1812	946	(all µs)
write	100	58687	57673	(all µs)
read	100	35959	2860	(all µs)
# actual ops/s: 666516.60
# op	pct	sojourn	remote
write	50	717	194	(all µs)
read	50	1219	694	(all µs)
write	95	1184	249	(all µs)
read	95	1689	828	(all µs)
write	99	1243	290	(all µs)
read	99	1792	944	(all µs)
write	100	60963	59961	(all µs)
read	100	36501	2698	(all µs)
# actual ops/s: 667019.20
# op	pct	sojourn	remote
write	50	736	213	(all µs)
read	50	1289	768	(all µs)
write	95	1204	268	(all µs)
read	95	1755	906	(all µs)
write	99	1261	309	(all µs)
read	99	1863	1021	(all µs)
write	100	57439	56437	(all µs)
read	100	35207	3682	(all µs)
# actual ops/s: 666823.31
# op	pct	sojourn	remote
write	50	728	202	(all µs)
read	50	1240	717	(all µs)
write	95	1196	261	(all µs)
read	95	1713	857	(all µs)
write	99	1259	304	(all µs)
read	99	1819	961	(all µs)
write	100	57949	56945	(all µs)
read	100	36657	2767	(all µs)
# actual ops/s: 666821.85
# op	pct	sojourn	remote
write	50	750	224	(all µs)
read	50	1313	792	(all µs)
write	95	1218	278	(all µs)
read	95	1781	925	(all µs)
write	99	1277	321	(all µs)
read	99	1887	1047	(all µs)
write	100	55339	54337	(all µs)
read	100	100003	100003	(all µs)
# actual ops/s: 666666.04
# op	pct	sojourn	remote
write	50	742	216	(all µs)
read	50	1288	768	(all µs)
write	95	1209	269	(all µs)
read	95	1754	899	(all µs)
write	99	1266	311	(all µs)
read	99	1857	1014	(all µs)
write	100	62025	61023	(all µs)
read	100	35113	2956	(all µs)
# actual ops/s: 666641.66
# op	pct	sojourn	remote
write	50	743	218	(all µs)
read	50	1281	758	(all µs)
write	95	1211	272	(all µs)
read	95	1750	899	(all µs)
write	99	1270	317	(all µs)
read	99	1859	1020	(all µs)
write	100	56799	55797	(all µs)
read	100	35673	3821	(all µs)
# actual ops/s: 666813.62
# op	pct	sojourn	remote
write	50	744	219	(all µs)
read	50	1302	781	(all µs)
write	95	1213	273	(all µs)
read	95	1769	916	(all µs)
write	99	1271	315	(all µs)
read	99	1876	1032	(all µs)
write	100	50425	49423	(all µs)
read	100	35711	4453	(all µs)
# actual ops/s: 666590.53
# op	pct	sojourn	remote
write	50	753	227	(all µs)
read	50	1301	779	(all µs)
write	95	1221	280	(all µs)
read	95	1770	921	(all µs)
write	99	1280	320	(all µs)
read	99	1880	1046	(all µs)
write	100	61493	60493	(all µs)
read	100	35319	2738	(all µs)
# actual ops/s: 666793.21
# op	pct	sojourn	remote
write	50	736	211	(all µs)
read	50	1278	756	(all µs)
write	95	1205	265	(all µs)
read	95	1746	889	(all µs)
write	99	1263	311	(all µs)
read	99	1850	1004	(all µs)
write	100	55353	54351	(all µs)
read	100	35539	2743	(all µs)
# actual ops/s: 666794.96
# op	pct	sojourn	remote
write	50	718	195	(all µs)
read	50	1219	696	(all µs)
write	95	1187	250	(all µs)
read	95	1687	815	(all µs)
write	99	1245	290	(all µs)
read	99	1781	921	(all µs)
write	100	60833	59797	(all µs)
read	100	35565	3682	(all µs)
# server stats:
uptime:
 22:44:13 up 21 min,  0 users,  load average: 4.15, 2.71, 1.59
memory: 1556892