# actual ops/s: 41659.87
# op	pct	sojourn	remote
write	50	0	0	(all µs)
read	50	794	228	(all µs)
write	95	0	0	(all µs)
read	95	1258	254	(all µs)
write	99	0	0	(all µs)
read	99	1283	275	(all µs)
write	100	0	0	(all µs)
read	100	100003	100003	(all µs)
# actual ops/s: 41679.64
# op	pct	sojourn	remote
write	50	0	0	(all µs)
read	50	771	204	(all µs)
write	95	0	0	(all µs)
read	95	1235	228	(all µs)
write	99	0	0	(all µs)
read	99	1260	242	(all µs)
write	100	0	0	(all µs)
read	100	2010	965	(all µs)
# actual ops/s: 41573.45
# op	pct	sojourn	remote
write	50	0	0	(all µs)
read	50	817	251	(all µs)
write	95	0	0	(all µs)
read	95	1280	278	(all µs)
write	99	0	0	(all µs)
read	99	1307	292	(all µs)
write	100	0	0	(all µs)
read	100	1953	913	(all µs)
# actual ops/s: 41637.98
# op	pct	sojourn	remote
write	50	0	0	(all µs)
read	50	792	226	(all µs)
write	95	0	0	(all µs)
read	95	1256	253	(all µs)
write	99	0	0	(all µs)
read	99	1281	273	(all µs)
write	100	0	0	(all µs)
read	100	1672	632	(all µs)
# actual ops/s: 41659.62
# op	pct	sojourn	remote
write	50	0	0	(all µs)
read	50	767	201	(all µs)
write	95	0	0	(all µs)
read	95	1231	224	(all µs)
write	99	0	0	(all µs)
read	99	1255	237	(all µs)
write	100	0	0	(all µs)
read	100	1661	617	(all µs)
# actual ops/s: 41661.30
# op	pct	sojourn	remote
write	50	0	0	(all µs)
read	50	804	236	(all µs)
write	95	0	0	(all µs)
read	95	1267	263	(all µs)
write	99	0	0	(all µs)
read	99	1293	280	(all µs)
write	100	0	0	(all µs)
read	100	2063	1022	(all µs)
# actual ops/s: 41654.91
# op	pct	sojourn	remote
write	50	0	0	(all µs)
read	50	816	250	(all µs)
write	95	0	0	(all µs)
read	95	1280	276	(all µs)
write	99	0	0	(all µs)
read	99	1306	289	(all µs)
write	100	0	0	(all µs)
read	100	1825	784	(all µs)
# actual ops/s: 41682.66
# op	pct	sojourn	remote
write	50	0	0	(all µs)
read	50	799	233	(all µs)
write	95	0	0	(all µs)
read	95	1263	261	(all µs)
write	99	0	0	(all µs)
read	99	1289	279	(all µs)
write	100	0	0	(all µs)
read	100	2026	983	(all µs)
# actual ops/s: 41642.57
# op	pct	sojourn	remote
write	50	0	0	(all µs)
read	50	770	204	(all µs)
write	95	0	0	(all µs)
read	95	1234	227	(all µs)
write	99	0	0	(all µs)
read	99	1258	240	(all µs)
write	100	0	0	(all µs)
read	100	1753	710	(all µs)
# actual ops/s: 41660.89
# op	pct	sojourn	remote
write	50	0	0	(all µs)
read	50	824	254	(all µs)
write	95	0	0	(all µs)
read	95	1287	280	(all µs)
write	99	0	0	(all µs)
read	99	1313	294	(all µs)
write	100	0	0	(all µs)
read	100	1889	843	(all µs)
# actual ops/s: 41665.79
# op	pct	sojourn	remote
write	50	0	0	(all µs)
read	50	771	205	(all µs)
write	95	0	0	(all µs)
read	95	1236	230	(all µs)
write	99	0	0	(all µs)
read	99	1261	245	(all µs)
write	100	0	0	(all µs)
read	100	1863	821	(all µs)
# actual ops/s: 41665.38
# op	pct	sojourn	remote
write	50	0	0	(all µs)
read	50	793	227	(all µs)
write	95	0	0	(all µs)
read	95	1256	253	(all µs)
write	99	0	0	(all µs)
read	99	1282	277	(all µs)
write	100	0	0	(all µs)
read	100	1740	738	(all µs)
# server stats:
uptime:
 01:15:47 up 15 min,  0 users,  load average: 0.60, 1.53, 1.09
memory: 106044