# actual ops/s: 20802.55
# op	pct	sojourn	remote
write	50	1107	180	(all µs)
read	50	673	114	(all µs)
write	95	1225	192	(all µs)
read	95	1139	131	(all µs)
write	99	1234	204	(all µs)
read	99	1162	141	(all µs)
write	100	2064	1024	(all µs)
read	100	1905	904	(all µs)
# actual ops/s: 20873.14
# op	pct	sojourn	remote
write	50	1111	180	(all µs)
read	50	681	116	(all µs)
write	95	1235	195	(all µs)
read	95	1147	134	(all µs)
write	99	1245	203	(all µs)
read	99	1173	143	(all µs)
write	100	1380	378	(all µs)
read	100	1337	308	(all µs)
# actual ops/s: 20819.65
# op	pct	sojourn	remote
write	50	1100	170	(all µs)
read	50	671	106	(all µs)
write	95	1225	185	(all µs)
read	95	1137	123	(all µs)
write	99	1235	193	(all µs)
read	99	1163	133	(all µs)
write	100	1350	312	(all µs)
read	100	1476	425	(all µs)
# actual ops/s: 20850.90
# op	pct	sojourn	remote
write	50	1118	190	(all µs)
read	50	675	123	(all µs)
write	95	1228	201	(all µs)
read	95	1138	139	(all µs)
write	99	1236	210	(all µs)
read	99	1162	147	(all µs)
write	100	1365	354	(all µs)
read	100	1527	494	(all µs)
# actual ops/s: 20806.46
# op	pct	sojourn	remote
write	50	1111	177	(all µs)
read	50	684	117	(all µs)
write	95	1242	201	(all µs)
read	95	1144	141	(all µs)
write	99	1257	209	(all µs)
read	99	1185	151	(all µs)
write	100	1347	323	(all µs)
read	100	1941	877	(all µs)
# actual ops/s: 20832.59
# op	pct	sojourn	remote
write	50	1127	198	(all µs)
read	50	698	136	(all µs)
write	95	1249	211	(all µs)
read	95	1163	153	(all µs)
write	99	1257	220	(all µs)
read	99	1189	163	(all µs)
write	100	1383	338	(all µs)
read	100	1497	448	(all µs)
# actual ops/s: 20881.40
# op	pct	sojourn	remote
write	50	1122	192	(all µs)
read	50	683	124	(all µs)
write	95	1237	203	(all µs)
read	95	1147	140	(all µs)
write	99	1245	212	(all µs)
read	99	1171	149	(all µs)
write	100	1434	392	(all µs)
read	100	1465	463	(all µs)
# actual ops/s: 20855.64
# op	pct	sojourn	remote
write	50	1120	193	(all µs)
read	50	688	128	(all µs)
write	95	1241	206	(all µs)
read	95	1153	145	(all µs)
write	99	1252	215	(all µs)
read	99	1178	153	(all µs)
write	100	1388	348	(all µs)
read	100	1439	399	(all µs)
# actual ops/s: 20834.94
# op	pct	sojourn	remote
write	50	1125	194	(all µs)
read	50	692	130	(all µs)
write	95	1244	208	(all µs)
read	95	1156	148	(all µs)
write	99	1253	217	(all µs)
read	99	1182	158	(all µs)
write	100	1456	412	(all µs)
read	100	1464	420	(all µs)
# actual ops/s: 20821.74
# op	pct	sojourn	remote
write	50	1130	200	(all µs)
read	50	701	136	(all µs)
write	95	1253	215	(all µs)
read	95	1167	155	(all µs)
write	99	1264	224	(all µs)
read	99	1193	165	(all µs)
write	100	1477	428	(all µs)
read	100	1986	984	(all µs)
# actual ops/s: 20836.97
# op	pct	sojourn	remote
write	50	1116	185	(all µs)
read	50	682	121	(all µs)
write	95	1233	199	(all µs)
read	95	1147	139	(all µs)
write	99	1244	211	(all µs)
read	99	1172	150	(all µs)
write	100	1800	799	(all µs)
read	100	1527	526	(all µs)
# actual ops/s: 20811.34
# op	pct	sojourn	remote
write	50	1101	172	(all µs)
read	50	672	107	(all µs)
write	95	1227	187	(all µs)
read	95	1139	125	(all µs)
write	99	1236	195	(all µs)
read	99	1164	134	(all µs)
write	100	1388	376	(all µs)
read	100	1636	587	(all µs)
# server stats:
uptime:
 22:27:56 up 4 min,  0 users,  load average: 0.50, 0.35, 0.16
memory: 190472