# actual ops/s: 500108.91
# op	pct	sojourn	remote
write	50	727	205	(all µs)
read	50	1285	743	(all µs)
write	95	1198	242	(all µs)
read	95	1793	1097	(all µs)
write	99	1255	275	(all µs)
read	99	2146	1392	(all µs)
write	100	48163	47127	(all µs)
read	100	33705	9547	(all µs)
# actual ops/s: 500065.21
# op	pct	sojourn	remote
write	50	732	206	(all µs)
read	50	1296	753	(all µs)
write	95	1203	247	(all µs)
read	95	1808	1133	(all µs)
write	99	1261	281	(all µs)
read	99	2174	1438	(all µs)
write	100	48559	47555	(all µs)
read	100	33559	9528	(all µs)
# actual ops/s: 500257.11
# op	pct	sojourn	remote
write	50	693	172	(all µs)
read	50	1250	690	(all µs)
write	95	1163	207	(all µs)
read	95	1817	1181	(all µs)
write	99	1217	239	(all µs)
read	99	2238	1512	(all µs)
write	100	52223	51221	(all µs)
read	100	32163	9892	(all µs)
# actual ops/s: 500259.38
# op	pct	sojourn	remote
write	50	734	210	(all µs)
read	50	1306	757	(all µs)
write	95	1205	247	(all µs)
read	95	1831	1181	(all µs)
write	99	1262	279	(all µs)
read	99	2222	1466	(all µs)
write	100	52549	51547	(all µs)
read	100	33503	9839	(all µs)
# actual ops/s: 499927.80
# op	pct	sojourn	remote
write	50	704	181	(all µs)
read	50	1267	719	(all µs)
write	95	1174	218	(all µs)
read	95	1792	1143	(all µs)
write	99	1230	251	(all µs)
read	99	2205	1462	(all µs)
write	100	52659	51627	(all µs)
read	100	34711	9647	(all µs)
# actual ops/s: 499942.59
# op	pct	sojourn	remote
write	50	732	208	(all µs)
read	50	1319	759	(all µs)
write	95	1202	246	(all µs)
read	95	1880	1237	(all µs)
write	99	1259	282	(all µs)
read	99	2291	1568	(all µs)
write	100	52307	51305	(all µs)
read	100	33799	9643	(all µs)
# actual ops/s: 500085.01
# op	pct	sojourn	remote
write	50	727	205	(all µs)
read	50	1296	747	(all µs)
write	95	1197	242	(all µs)
read	95	1827	1179	(all µs)
write	99	1253	276	(all µs)
read	99	2229	1496	(all µs)
write	100	49067	48047	(all µs)
read	100	32971	10515	(all µs)
# actual ops/s: 500214.81
# op	pct	sojourn	remote
write	50	698	177	(all µs)
read	50	1251	695	(all µs)
write	95	1168	211	(all µs)
read	95	1796	1155	(all µs)
write	99	1222	244	(all µs)
read	99	2219	1497	(all µs)
write	100	51995	50993	(all µs)
read	100	33059	9270	(all µs)
# actual ops/s: 500332.37
# op	pct	sojourn	remote
write	50	691	173	(all µs)
read	50	1231	683	(all µs)
write	95	1161	207	(all µs)
read	95	1755	1096	(all µs)
write	99	1213	241	(all µs)
read	99	2163	1424	(all µs)
write	100	49799	48783	(all µs)
read	100	32575	9070	(all µs)
# actual ops/s: 500071.66
# op	pct	sojourn	remote
write	50	735	211	(all µs)
read	50	1301	754	(all µs)
write	95	1206	247	(all µs)
read	95	1820	1157	(all µs)
write	99	1263	278	(all µs)
read	99	2215	1473	(all µs)
write	100	51407	50407	(all µs)
read	100	33039	9191	(all µs)
# actual ops/s: 500191.38
# op	pct	sojourn	remote
write	50	738	214	(all µs)
read	50	1311	766	(all µs)
write	95	1208	251	(all µs)
read	95	1826	1161	(all µs)
write	99	1265	282	(all µs)
read	99	2214	1474	(all µs)
write	100	53639	52637	(all µs)
read	100	32773	8908	(all µs)
# actual ops/s: 500109.11
# op	pct	sojourn	remote
write	50	711	188	(all µs)
read	50	1267	716	(all µs)
write	95	1182	224	(all µs)
read	95	1793	1139	(all µs)
write	99	1237	258	(all µs)
read	99	2189	1462	(all µs)
write	100	51999	50985	(all µs)
read	100	32696	9074	(all µs)
# server stats:
uptime:
 21:45:02 up 9 min,  0 users,  load average: 4.76, 2.60, 1.21
memory: 1202052