# actual ops/s: 41719.09
# op	pct	sojourn	remote
write	50	922	179	(all µs)
read	50	682	136	(all µs)
write	95	1223	193	(all µs)
read	95	1142	156	(all µs)
write	99	1232	205	(all µs)
read	99	1181	167	(all µs)
write	100	6857	5855	(all µs)
read	100	1811	768	(all µs)
# actual ops/s: 41697.17
# op	pct	sojourn	remote
write	50	923	180	(all µs)
read	50	688	138	(all µs)
write	95	1231	197	(all µs)
read	95	1149	160	(all µs)
write	99	1244	207	(all µs)
read	99	1193	172	(all µs)
write	100	6457	5410	(all µs)
read	100	1485	436	(all µs)
# actual ops/s: 41607.26
# op	pct	sojourn	remote
write	50	914	170	(all µs)
read	50	678	127	(all µs)
write	95	1221	187	(all µs)
read	95	1137	149	(all µs)
write	99	1233	197	(all µs)
read	99	1181	161	(all µs)
write	100	5639	4637	(all µs)
read	100	1410	408	(all µs)
# actual ops/s: 41627.59
# op	pct	sojourn	remote
write	50	923	188	(all µs)
read	50	684	145	(all µs)
write	95	1224	201	(all µs)
read	95	1145	166	(all µs)
write	99	1233	211	(all µs)
read	99	1182	177	(all µs)
write	100	5819	4785	(all µs)
read	100	1384	348	(all µs)
# actual ops/s: 41706.58
# op	pct	sojourn	remote
write	50	922	175	(all µs)
read	50	690	138	(all µs)
write	95	1230	202	(all µs)
read	95	1150	166	(all µs)
write	99	1255	212	(all µs)
read	99	1202	179	(all µs)
write	100	7092	6040	(all µs)
read	100	1378	363	(all µs)
# actual ops/s: 41658.81
# op	pct	sojourn	remote
write	50	939	198	(all µs)
read	50	704	157	(all µs)
write	95	1245	213	(all µs)
read	95	1164	179	(all µs)
write	99	1256	223	(all µs)
read	99	1207	191	(all µs)
write	100	7061	6020	(all µs)
read	100	1322	289	(all µs)
# actual ops/s: 41659.65
# op	pct	sojourn	remote
write	50	929	191	(all µs)
read	50	691	147	(all µs)
write	95	1233	204	(all µs)
read	95	1152	167	(all µs)
write	99	1243	214	(all µs)
read	99	1191	178	(all µs)
write	100	5163	4123	(all µs)
read	100	1527	489	(all µs)
# actual ops/s: 41665.87
# op	pct	sojourn	remote
write	50	931	192	(all µs)
read	50	695	148	(all µs)
write	95	1237	207	(all µs)
read	95	1154	169	(all µs)
write	99	1249	217	(all µs)
read	99	1195	180	(all µs)
write	100	6217	5174	(all µs)
read	100	1487	444	(all µs)
# actual ops/s: 41703.31
# op	pct	sojourn	remote
write	50	932	193	(all µs)
read	50	699	152	(all µs)
write	95	1239	209	(all µs)
read	95	1159	174	(all µs)
write	99	1251	220	(all µs)
read	99	1201	187	(all µs)
write	100	6262	5220	(all µs)
read	100	1331	299	(all µs)
# actual ops/s: 41669.58
# op	pct	sojourn	remote
write	50	947	200	(all µs)
read	50	706	157	(all µs)
write	95	1249	217	(all µs)
read	95	1167	180	(all µs)
write	99	1262	227	(all µs)
read	99	1210	193	(all µs)
write	100	5303	4261	(all µs)
read	100	1952	905	(all µs)
# actual ops/s: 41648.04
# op	pct	sojourn	remote
write	50	930	184	(all µs)
read	50	689	142	(all µs)
write	95	1230	200	(all µs)
read	95	1149	165	(all µs)
write	99	1241	211	(all µs)
read	99	1191	178	(all µs)
write	100	5064	4022	(all µs)
read	100	1703	702	(all µs)
# actual ops/s: 41666.30
# op	pct	sojourn	remote
write	50	913	170	(all µs)
read	50	676	126	(all µs)
write	95	1220	187	(all µs)
read	95	1136	148	(all µs)
write	99	1233	196	(all µs)
read	99	1179	159	(all µs)
write	100	5862	4860	(all µs)
read	100	2044	1001	(all µs)
# server stats:
uptime:
 22:29:01 up 5 min,  0 users,  load average: 0.59, 0.41, 0.19
memory: 232492