# actual ops/s: 8321.58
# op	pct	sojourn	remote
write	50	0	0	(all µs)
read	50	697	92	(all µs)
write	95	0	0	(all µs)
read	95	1133	106	(all µs)
write	99	0	0	(all µs)
read	99	1143	114	(all µs)
write	100	0	0	(all µs)
read	100	1305	266	(all µs)
# actual ops/s: 8350.69
# op	pct	sojourn	remote
write	50	0	0	(all µs)
read	50	682	77	(all µs)
write	95	0	0	(all µs)
read	95	1119	90	(all µs)
write	99	0	0	(all µs)
read	99	1128	98	(all µs)
write	100	0	0	(all µs)
read	100	1697	657	(all µs)
# actual ops/s: 8336.60
# op	pct	sojourn	remote
write	50	0	0	(all µs)
read	50	680	77	(all µs)
write	95	0	0	(all µs)
read	95	1119	90	(all µs)
write	99	0	0	(all µs)
read	99	1128	98	(all µs)
write	100	0	0	(all µs)
read	100	1314	273	(all µs)
# actual ops/s: 8333.72
# op	pct	sojourn	remote
write	50	0	0	(all µs)
read	50	697	87	(all µs)
write	95	0	0	(all µs)
read	95	1133	104	(all µs)
write	99	0	0	(all µs)
read	99	1146	113	(all µs)
write	100	0	0	(all µs)
read	100	1676	634	(all µs)
# actual ops/s: 8352.08
# op	pct	sojourn	remote
write	50	0	0	(all µs)
read	50	703	99	(all µs)
write	95	0	0	(all µs)
read	95	1140	114	(all µs)
write	99	0	0	(all µs)
read	99	1151	125	(all µs)
write	100	0	0	(all µs)
read	100	1675	637	(all µs)
# actual ops/s: 8318.71
# op	pct	sojourn	remote
write	50	0	0	(all µs)
read	50	718	113	(all µs)
write	95	0	0	(all µs)
read	95	1155	128	(all µs)
write	99	0	0	(all µs)
read	99	1165	139	(all µs)
write	100	0	0	(all µs)
read	100	1842	801	(all µs)
# actual ops/s: 8330.50
# op	pct	sojourn	remote
write	50	0	0	(all µs)
read	50	720	114	(all µs)
write	95	0	0	(all µs)
read	95	1156	129	(all µs)
write	99	0	0	(all µs)
read	99	1166	141	(all µs)
write	100	0	0	(all µs)
read	100	1815	778	(all µs)
# actual ops/s: 8361.10
# op	pct	sojourn	remote
write	50	0	0	(all µs)
read	50	717	113	(all µs)
write	95	0	0	(all µs)
read	95	1154	128	(all µs)
write	99	0	0	(all µs)
read	99	1165	139	(all µs)
write	100	0	0	(all µs)
read	100	2348	1307	(all µs)
# actual ops/s: 8316.01
# op	pct	sojourn	remote
write	50	0	0	(all µs)
read	50	717	112	(all µs)
write	95	0	0	(all µs)
read	95	1154	127	(all µs)
write	99	0	0	(all µs)
read	99	1165	138	(all µs)
write	100	0	0	(all µs)
read	100	100003	100003	(all µs)
# actual ops/s: 8322.10
# op	pct	sojourn	remote
write	50	0	0	(all µs)
read	50	716	112	(all µs)
write	95	0	0	(all µs)
read	95	1154	127	(all µs)
write	99	0	0	(all µs)
read	99	1165	139	(all µs)
write	100	0	0	(all µs)
read	100	1737	696	(all µs)
# actual ops/s: 8307.52
# op	pct	sojourn	remote
write	50	0	0	(all µs)
read	50	716	109	(all µs)
write	95	0	0	(all µs)
read	95	1153	125	(all µs)
write	99	0	0	(all µs)
read	99	1165	138	(all µs)
write	100	0	0	(all µs)
read	100	1806	765	(all µs)
# actual ops/s: 8327.47
# op	pct	sojourn	remote
write	50	0	0	(all µs)
read	50	709	102	(all µs)
write	95	0	0	(all µs)
read	95	1144	117	(all µs)
write	99	0	0	(all µs)
read	99	1155	129	(all µs)
write	100	0	0	(all µs)
read	100	2032	989	(all µs)
# server stats:
uptime:
 22:25:02 up 3 min,  0 users,  load average: 0.18, 0.14, 0.06
memory: 103960