# actual ops/s: 333240.91
# op	pct	sojourn	remote
write	50	0	0	(all µs)
read	50	1024	461	(all µs)
write	95	0	0	(all µs)
read	95	1489	597	(all µs)
write	99	0	0	(all µs)
read	99	1594	798	(all µs)
write	100	0	0	(all µs)
read	100	2244	1201	(all µs)
# actual ops/s: 333328.64
# op	pct	sojourn	remote
write	50	0	0	(all µs)
read	50	1011	440	(all µs)
write	95	0	0	(all µs)
read	95	1478	615	(all µs)
write	99	0	0	(all µs)
read	99	1615	825	(all µs)
write	100	0	0	(all µs)
read	100	2543	1501	(all µs)
# actual ops/s: 333435.60
# op	pct	sojourn	remote
write	50	0	0	(all µs)
read	50	1010	440	(all µs)
write	95	0	0	(all µs)
read	95	1478	617	(all µs)
write	99	0	0	(all µs)
read	99	1617	828	(all µs)
write	100	0	0	(all µs)
read	100	2355	1353	(all µs)
# actual ops/s: 333259.41
# op	pct	sojourn	remote
write	50	0	0	(all µs)
read	50	1030	457	(all µs)
write	95	0	0	(all µs)
read	95	1501	682	(all µs)
write	99	0	0	(all µs)
read	99	1671	867	(all µs)
write	100	0	0	(all µs)
read	100	2313	1270	(all µs)
# actual ops/s: 333238.75
# op	pct	sojourn	remote
write	50	0	0	(all µs)
read	50	1036	474	(all µs)
write	95	0	0	(all µs)
read	95	1502	639	(all µs)
write	99	0	0	(all µs)
read	99	1631	849	(all µs)
write	100	0	0	(all µs)
read	100	2442	1431	(all µs)
# actual ops/s: 333338.57
# op	pct	sojourn	remote
write	50	0	0	(all µs)
read	50	1060	502	(all µs)
write	95	0	0	(all µs)
read	95	1526	694	(all µs)
write	99	0	0	(all µs)
read	99	1679	902	(all µs)
write	100	0	0	(all µs)
read	100	2401	1399	(all µs)
# actual ops/s: 333443.96
# op	pct	sojourn	remote
write	50	0	0	(all µs)
read	50	1065	504	(all µs)
write	95	0	0	(all µs)
read	95	1533	732	(all µs)
write	99	0	0	(all µs)
read	99	1709	924	(all µs)
write	100	0	0	(all µs)
read	100	2362	1322	(all µs)
# actual ops/s: 333385.23
# op	pct	sojourn	remote
write	50	0	0	(all µs)
read	50	1061	502	(all µs)
write	95	0	0	(all µs)
read	95	1528	719	(all µs)
write	99	0	0	(all µs)
read	99	1695	915	(all µs)
write	100	0	0	(all µs)
read	100	2396	1395	(all µs)
# actual ops/s: 333373.56
# op	pct	sojourn	remote
write	50	0	0	(all µs)
read	50	1055	500	(all µs)
write	95	0	0	(all µs)
read	95	1518	643	(all µs)
write	99	0	0	(all µs)
read	99	1636	868	(all µs)
write	100	0	0	(all µs)
read	100	2351	1349	(all µs)
# actual ops/s: 333493.27
# op	pct	sojourn	remote
write	50	0	0	(all µs)
read	50	1059	501	(all µs)
write	95	0	0	(all µs)
read	95	1525	687	(all µs)
write	99	0	0	(all µs)
read	99	1672	899	(all µs)
write	100	0	0	(all µs)
read	100	2425	1382	(all µs)
# actual ops/s: 333448.34
# op	pct	sojourn	remote
write	50	0	0	(all µs)
read	50	1053	491	(all µs)
write	95	0	0	(all µs)
read	95	1521	662	(all µs)
write	99	0	0	(all µs)
read	99	1654	873	(all µs)
write	100	0	0	(all µs)
read	100	2452	1406	(all µs)
# actual ops/s: 333465.41
# op	pct	sojourn	remote
write	50	0	0	(all µs)
read	50	1039	478	(all µs)
write	95	0	0	(all µs)
read	95	1505	630	(all µs)
write	99	0	0	(all µs)
read	99	1624	839	(all µs)
write	100	0	0	(all µs)
read	100	2397	1395	(all µs)
# server stats:
uptime:
 22:30:28 up 8 min,  0 users,  load average: 2.82, 1.59, 0.70
memory: 102344