# actual ops/s: 20815.16
# op	pct	sojourn	remote
write	50	1121	190	(all µs)
read	50	761	201	(all µs)
write	95	1242	219	(all µs)
read	95	1224	224	(all µs)
write	99	1261	231	(all µs)
read	99	1252	239	(all µs)
write	100	1741	739	(all µs)
read	100	1880	848	(all µs)
# actual ops/s: 20852.71
# op	pct	sojourn	remote
write	50	1126	194	(all µs)
read	50	765	197	(all µs)
write	95	1253	222	(all µs)
read	95	1229	223	(all µs)
write	99	1271	234	(all µs)
read	99	1260	235	(all µs)
write	100	1422	397	(all µs)
read	100	2150	1103	(all µs)
# actual ops/s: 20841.61
# op	pct	sojourn	remote
write	50	1116	183	(all µs)
read	50	740	174	(all µs)
write	95	1242	211	(all µs)
read	95	1204	199	(all µs)
write	99	1260	223	(all µs)
read	99	1234	213	(all µs)
write	100	1524	483	(all µs)
read	100	2095	1044	(all µs)
# actual ops/s: 20843.86
# op	pct	sojourn	remote
write	50	1135	204	(all µs)
read	50	778	223	(all µs)
write	95	1249	231	(all µs)
read	95	1240	247	(all µs)
write	99	1267	243	(all µs)
read	99	1269	259	(all µs)
write	100	1401	361	(all µs)
read	100	2060	1056	(all µs)
# actual ops/s: 20830.21
# op	pct	sojourn	remote
write	50	1127	192	(all µs)
read	50	764	196	(all µs)
write	95	1255	224	(all µs)
read	95	1223	231	(all µs)
write	99	1280	238	(all µs)
read	99	1272	245	(all µs)
write	100	1949	947	(all µs)
read	100	2171	1105	(all µs)
# actual ops/s: 20838.90
# op	pct	sojourn	remote
write	50	1141	209	(all µs)
read	50	797	234	(all µs)
write	95	1264	237	(all µs)
read	95	1261	259	(all µs)
write	99	1282	250	(all µs)
read	99	1291	272	(all µs)
write	100	1799	797	(all µs)
read	100	2069	1067	(all µs)
# actual ops/s: 20844.16
# op	pct	sojourn	remote
write	50	1133	201	(all µs)
read	50	784	223	(all µs)
write	95	1253	231	(all µs)
read	95	1247	245	(all µs)
write	99	1273	242	(all µs)
read	99	1275	257	(all µs)
write	100	1406	365	(all µs)
read	100	1700	656	(all µs)
# actual ops/s: 20804.01
# op	pct	sojourn	remote
write	50	1138	207	(all µs)
read	50	789	227	(all µs)
write	95	1261	235	(all µs)
read	95	1252	251	(all µs)
write	99	1280	246	(all µs)
read	99	1282	264	(all µs)
write	100	1434	389	(all µs)
read	100	1936	890	(all µs)
# actual ops/s: 20813.07
# op	pct	sojourn	remote
write	50	1140	208	(all µs)
read	50	790	229	(all µs)
write	95	1262	236	(all µs)
read	95	1254	253	(all µs)
write	99	1281	247	(all µs)
read	99	1284	266	(all µs)
write	100	2017	1015	(all µs)
read	100	1580	574	(all µs)
# actual ops/s: 20796.72
# op	pct	sojourn	remote
write	50	1144	215	(all µs)
read	50	802	238	(all µs)
write	95	1270	243	(all µs)
read	95	1266	264	(all µs)
write	99	1289	255	(all µs)
read	99	1297	279	(all µs)
write	100	1818	816	(all µs)
read	100	1711	664	(all µs)
# actual ops/s: 20762.64
# op	pct	sojourn	remote
write	50	1130	197	(all µs)
read	50	772	210	(all µs)
write	95	1252	226	(all µs)
read	95	1237	235	(all µs)
write	99	1271	239	(all µs)
read	99	1267	250	(all µs)
write	100	1742	740	(all µs)
read	100	1806	804	(all µs)
# actual ops/s: 20824.42
# op	pct	sojourn	remote
write	50	1119	183	(all µs)
read	50	742	175	(all µs)
write	95	1243	211	(all µs)
read	95	1207	199	(all µs)
write	99	1260	222	(all µs)
read	99	1236	213	(all µs)
write	100	1844	841	(all µs)
read	100	1945	892	(all µs)
# server stats:
uptime:
 22:37:40 up 14 min,  0 users,  load average: 1.12, 1.58, 0.91
memory: 192568