# actual ops/s: 83331.48
# op	pct	sojourn	remote
write	50	0	0	(all µs)
read	50	741	179	(all µs)
write	95	0	0	(all µs)
read	95	1205	206	(all µs)
write	99	0	0	(all µs)
read	99	1233	224	(all µs)
write	100	0	0	(all µs)
read	100	1700	660	(all µs)
# actual ops/s: 83274.55
# op	pct	sojourn	remote
write	50	0	0	(all µs)
read	50	730	165	(all µs)
write	95	0	0	(all µs)
read	95	1193	191	(all µs)
write	99	0	0	(all µs)
read	99	1220	211	(all µs)
write	100	0	0	(all µs)
read	100	1516	474	(all µs)
# actual ops/s: 83313.89
# op	pct	sojourn	remote
write	50	0	0	(all µs)
read	50	762	195	(all µs)
write	95	0	0	(all µs)
read	95	1225	223	(all µs)
write	99	0	0	(all µs)
read	99	1253	241	(all µs)
write	100	0	0	(all µs)
read	100	1600	558	(all µs)
# actual ops/s: 83310.84
# op	pct	sojourn	remote
write	50	0	0	(all µs)
read	50	740	177	(all µs)
write	95	0	0	(all µs)
read	95	1204	204	(all µs)
write	99	0	0	(all µs)
read	99	1231	222	(all µs)
write	100	0	0	(all µs)
read	100	1569	527	(all µs)
# actual ops/s: 83352.20
# op	pct	sojourn	remote
write	50	0	0	(all µs)
read	50	727	164	(all µs)
write	95	0	0	(all µs)
read	95	1191	190	(all µs)
write	99	0	0	(all µs)
read	99	1218	207	(all µs)
write	100	0	0	(all µs)
read	100	1848	808	(all µs)
# actual ops/s: 83398.52
# op	pct	sojourn	remote
write	50	0	0	(all µs)
read	50	751	184	(all µs)
write	95	0	0	(all µs)
read	95	1213	212	(all µs)
write	99	0	0	(all µs)
read	99	1241	235	(all µs)
write	100	0	0	(all µs)
read	100	2167	1124	(all µs)
# actual ops/s: 83336.03
# op	pct	sojourn	remote
write	50	0	0	(all µs)
read	50	756	193	(all µs)
write	95	0	0	(all µs)
read	95	1220	221	(all µs)
write	99	0	0	(all µs)
read	99	1248	238	(all µs)
write	100	0	0	(all µs)
read	100	1905	863	(all µs)
# actual ops/s: 83371.76
# op	pct	sojourn	remote
write	50	0	0	(all µs)
read	50	745	182	(all µs)
write	95	0	0	(all µs)
read	95	1208	209	(all µs)
write	99	0	0	(all µs)
read	99	1236	229	(all µs)
write	100	0	0	(all µs)
read	100	1995	956	(all µs)
# actual ops/s: 83282.73
# op	pct	sojourn	remote
write	50	0	0	(all µs)
read	50	728	166	(all µs)
write	95	0	0	(all µs)
read	95	1192	191	(all µs)
write	99	0	0	(all µs)
read	99	1219	207	(all µs)
write	100	0	0	(all µs)
read	100	1820	779	(all µs)
# actual ops/s: 83272.67
# op	pct	sojourn	remote
write	50	0	0	(all µs)
read	50	761	194	(all µs)
write	95	0	0	(all µs)
read	95	1224	221	(all µs)
write	99	0	0	(all µs)
read	99	1252	239	(all µs)
write	100	0	0	(all µs)
read	100	2145	1098	(all µs)
# actual ops/s: 83328.16
# op	pct	sojourn	remote
write	50	0	0	(all µs)
read	50	728	164	(all µs)
write	95	0	0	(all µs)
read	95	1192	190	(all µs)
write	99	0	0	(all µs)
read	99	1219	207	(all µs)
write	100	0	0	(all µs)
read	100	1372	329	(all µs)
# actual ops/s: 83319.78
# op	pct	sojourn	remote
write	50	0	0	(all µs)
read	50	740	177	(all µs)
write	95	0	0	(all µs)
read	95	1204	204	(all µs)
write	99	0	0	(all µs)
read	99	1231	221	(all µs)
write	100	0	0	(all µs)
read	100	1429	390	(all µs)
# server stats:
uptime:
 01:07:07 up 7 min,  0 users,  load average: 1.34, 0.92, 0.42
memory: 99580