# actual ops/s: 666878.13
# op	pct	sojourn	remote
write	50	744	225	(all µs)
read	50	1807	1213	(all µs)
write	95	1214	279	(all µs)
read	95	2369	1643	(all µs)
write	99	1276	314	(all µs)
read	99	2764	1988	(all µs)
write	100	55119	54119	(all µs)
read	100	38205	12420	(all µs)
# actual ops/s: 666932.08
# op	pct	sojourn	remote
write	50	754	231	(all µs)
read	50	1835	1240	(all µs)
write	95	1226	287	(all µs)
read	95	2383	1650	(all µs)
write	99	1293	323	(all µs)
read	99	2767	1990	(all µs)
write	100	55047	54045	(all µs)
read	100	35713	11922	(all µs)
# actual ops/s: 666848.39
# op	pct	sojourn	remote
write	50	708	188	(all µs)
read	50	1664	1071	(all µs)
write	95	1177	244	(all µs)
read	95	2250	1524	(all µs)
write	99	1238	282	(all µs)
read	99	2626	1859	(all µs)
write	100	55205	54203	(all µs)
read	100	36171	12666	(all µs)
# actual ops/s: 666694.21
# op	pct	sojourn	remote
write	50	751	231	(all µs)
read	50	1831	1234	(all µs)
write	95	1224	287	(all µs)
read	95	2382	1655	(all µs)
write	99	1287	325	(all µs)
read	99	2767	1988	(all µs)
write	100	50501	49473	(all µs)
read	100	35569	12316	(all µs)
# actual ops/s: 666755.23
# op	pct	sojourn	remote
write	50	721	201	(all µs)
read	50	1755	1161	(all µs)
write	95	1191	258	(all µs)
read	95	2343	1615	(all µs)
write	99	1254	293	(all µs)
read	99	2724	1952	(all µs)
write	100	57007	56005	(all µs)
read	100	36045	12317	(all µs)
# actual ops/s: 666957.98
# op	pct	sojourn	remote
write	50	747	229	(all µs)
read	50	1852	1250	(all µs)
write	95	1219	282	(all µs)
read	95	2427	1700	(all µs)
write	99	1280	322	(all µs)
read	99	2800	2009	(all µs)
write	100	49925	48925	(all µs)
read	100	35351	12862	(all µs)
# actual ops/s: 666577.89
# op	pct	sojourn	remote
write	50	741	224	(all µs)
read	50	1817	1223	(all µs)
write	95	1210	278	(all µs)
read	95	2394	1670	(all µs)
write	99	1270	313	(all µs)
read	99	2784	2018	(all µs)
write	100	54283	53249	(all µs)
read	100	36045	11929	(all µs)
# actual ops/s: 666962.72
# op	pct	sojourn	remote
write	50	715	197	(all µs)
read	50	1706	1117	(all µs)
write	95	1184	251	(all µs)
read	95	2298	1564	(all µs)
write	99	1245	287	(all µs)
read	99	2673	1912	(all µs)
write	100	53909	52907	(all µs)
read	100	37499	12290	(all µs)
# actual ops/s: 666660.12
# op	pct	sojourn	remote
write	50	707	186	(all µs)
read	50	1643	1060	(all µs)
write	95	1176	240	(all µs)
read	95	2249	1537	(all µs)
write	99	1235	276	(all µs)
read	99	2644	1909	(all µs)
write	100	54563	53541	(all µs)
read	100	36067	12052	(all µs)
# actual ops/s: 666767.32
# op	pct	sojourn	remote
write	50	751	229	(all µs)
read	50	1842	1238	(all µs)
write	95	1223	285	(all µs)
read	95	2411	1670	(all µs)
write	99	1286	321	(all µs)
read	99	2783	1993	(all µs)
write	100	51731	50727	(all µs)
read	100	37311	12324	(all µs)
# actual ops/s: 667029.22
# op	pct	sojourn	remote
write	50	752	231	(all µs)
read	50	1862	1258	(all µs)
write	95	1224	286	(all µs)
read	95	2423	1683	(all µs)
write	99	1288	324	(all µs)
read	99	2780	1995	(all µs)
write	100	51063	50057	(all µs)
read	100	38485	12752	(all µs)
# actual ops/s: 666743.70
# op	pct	sojourn	remote
write	50	727	207	(all µs)
read	50	1744	1152	(all µs)
write	95	1198	266	(all µs)
read	95	2314	1577	(all µs)
write	99	1262	302	(all µs)
read	99	2676	1883	(all µs)
write	100	52881	51879	(all µs)
read	100	35739	12122	(all µs)
# server stats:
uptime:
 21:55:57 up 20 min,  0 users,  load average: 6.58, 4.01, 2.64
memory: 1558108