# actual ops/s: 666803.83
# op	pct	sojourn	remote
write	50	0	0	(all µs)
read	50	1065	510	(all µs)
write	95	0	0	(all µs)
read	95	1530	683	(all µs)
write	99	0	0	(all µs)
read	99	1664	897	(all µs)
write	100	0	0	(all µs)
read	100	2327	1325	(all µs)
# actual ops/s: 666744.29
# op	pct	sojourn	remote
write	50	0	0	(all µs)
read	50	1058	491	(all µs)
write	95	0	0	(all µs)
read	95	1528	722	(all µs)
write	99	0	0	(all µs)
read	99	1701	908	(all µs)
write	100	0	0	(all µs)
read	100	2480	1434	(all µs)
# actual ops/s: 666792.24
# op	pct	sojourn	remote
write	50	0	0	(all µs)
read	50	1095	536	(all µs)
write	95	0	0	(all µs)
read	95	1565	802	(all µs)
write	99	0	0	(all µs)
read	99	1758	961	(all µs)
write	100	0	0	(all µs)
read	100	2392	1389	(all µs)
# actual ops/s: 666850.48
# op	pct	sojourn	remote
write	50	0	0	(all µs)
read	50	1072	511	(all µs)
write	95	0	0	(all µs)
read	95	1540	764	(all µs)
write	99	0	0	(all µs)
read	99	1727	944	(all µs)
write	100	0	0	(all µs)
read	100	2344	1341	(all µs)
# actual ops/s: 666664.27
# op	pct	sojourn	remote
write	50	0	0	(all µs)
read	50	1044	481	(all µs)
write	95	0	0	(all µs)
read	95	1509	636	(all µs)
write	99	0	0	(all µs)
read	99	1638	863	(all µs)
write	100	0	0	(all µs)
read	100	2649	1625	(all µs)
# actual ops/s: 666628.60
# op	pct	sojourn	remote
write	50	0	0	(all µs)
read	50	1085	521	(all µs)
write	95	0	0	(all µs)
read	95	1558	789	(all µs)
write	99	0	0	(all µs)
read	99	1766	984	(all µs)
write	100	0	0	(all µs)
read	100	2470	1466	(all µs)
# actual ops/s: 666925.33
# op	pct	sojourn	remote
write	50	0	0	(all µs)
read	50	1095	530	(all µs)
write	95	0	0	(all µs)
read	95	1574	839	(all µs)
write	99	0	0	(all µs)
read	99	1807	1032	(all µs)
write	100	0	0	(all µs)
read	100	2623	1589	(all µs)
# actual ops/s: 666859.35
# op	pct	sojourn	remote
write	50	0	0	(all µs)
read	50	1085	526	(all µs)
write	95	0	0	(all µs)
read	95	1560	805	(all µs)
write	99	0	0	(all µs)
read	99	1772	994	(all µs)
write	100	0	0	(all µs)
read	100	2596	1593	(all µs)
# actual ops/s: 667007.68
# op	pct	sojourn	remote
write	50	0	0	(all µs)
read	50	1051	484	(all µs)
write	95	0	0	(all µs)
read	95	1521	718	(all µs)
write	99	0	0	(all µs)
read	99	1706	927	(all µs)
write	100	0	0	(all µs)
read	100	2729	1726	(all µs)
# actual ops/s: 666912.99
# op	pct	sojourn	remote
write	50	0	0	(all µs)
read	50	1081	520	(all µs)
write	95	0	0	(all µs)
read	95	1551	767	(all µs)
write	99	0	0	(all µs)
read	99	1743	964	(all µs)
write	100	0	0	(all µs)
read	100	2557	1555	(all µs)
# actual ops/s: 666801.98
# op	pct	sojourn	remote
write	50	0	0	(all µs)
read	50	1053	487	(all µs)
write	95	0	0	(all µs)
read	95	1521	697	(all µs)
write	99	0	0	(all µs)
read	99	1687	909	(all µs)
write	100	0	0	(all µs)
read	100	2620	1616	(all µs)
# actual ops/s: 666910.17
# op	pct	sojourn	remote
write	50	0	0	(all µs)
read	50	1065	510	(all µs)
write	95	0	0	(all µs)
read	95	1530	684	(all µs)
write	99	0	0	(all µs)
read	99	1673	918	(all µs)
write	100	0	0	(all µs)
read	100	2421	1419	(all µs)
# server stats:
uptime:
 01:11:27 up 11 min,  0 users,  load average: 3.53, 2.16, 1.04
memory: 101084