# actual ops/s: 8351.83
# op	pct	sojourn	remote
write	50	1191	192	(all µs)
read	50	782	182	(all µs)
write	95	1250	219	(all µs)
read	95	1222	201	(all µs)
write	99	1263	229	(all µs)
read	99	1237	215	(all µs)
write	100	1366	365	(all µs)
read	100	1597	555	(all µs)
# actual ops/s: 8349.10
# op	pct	sojourn	remote
write	50	1194	195	(all µs)
read	50	784	176	(all µs)
write	95	1260	220	(all µs)
read	95	1226	198	(all µs)
write	99	1274	233	(all µs)
read	99	1243	210	(all µs)
write	100	1540	495	(all µs)
read	100	2074	1024	(all µs)
# actual ops/s: 8330.06
# op	pct	sojourn	remote
write	50	1185	187	(all µs)
read	50	764	157	(all µs)
write	95	1252	212	(all µs)
read	95	1206	178	(all µs)
write	99	1265	222	(all µs)
read	99	1223	190	(all µs)
write	100	1701	649	(all µs)
read	100	2043	994	(all µs)
# actual ops/s: 8335.95
# op	pct	sojourn	remote
write	50	1205	208	(all µs)
read	50	800	208	(all µs)
write	95	1258	234	(all µs)
read	95	1243	228	(all µs)
write	99	1272	244	(all µs)
read	99	1259	240	(all µs)
write	100	1694	659	(all µs)
read	100	1889	887	(all µs)
# actual ops/s: 8353.26
# op	pct	sojourn	remote
write	50	1194	197	(all µs)
read	50	786	178	(all µs)
write	95	1267	225	(all µs)
read	95	1232	207	(all µs)
write	99	1283	235	(all µs)
read	99	1258	220	(all µs)
write	100	1580	540	(all µs)
read	100	2142	1087	(all µs)
# actual ops/s: 8317.99
# op	pct	sojourn	remote
write	50	1212	215	(all µs)
read	50	821	217	(all µs)
write	95	1275	240	(all µs)
read	95	1263	237	(all µs)
write	99	1287	250	(all µs)
read	99	1278	249	(all µs)
write	100	2174	1127	(all µs)
read	100	2101	1066	(all µs)
# actual ops/s: 8366.63
# op	pct	sojourn	remote
write	50	1202	203	(all µs)
read	50	805	205	(all µs)
write	95	1261	230	(all µs)
read	95	1247	223	(all µs)
write	99	1276	241	(all µs)
read	99	1261	233	(all µs)
write	100	1478	476	(all µs)
read	100	1929	927	(all µs)
# actual ops/s: 8323.83
# op	pct	sojourn	remote
write	50	1209	211	(all µs)
read	50	813	209	(all µs)
write	95	1272	236	(all µs)
read	95	1254	230	(all µs)
write	99	1286	246	(all µs)
read	99	1271	242	(all µs)
write	100	1756	712	(all µs)
read	100	1549	504	(all µs)
# actual ops/s: 8324.16
# op	pct	sojourn	remote
write	50	1210	212	(all µs)
read	50	811	209	(all µs)
write	95	1270	237	(all µs)
read	95	1253	230	(all µs)
write	99	1284	247	(all µs)
read	99	1269	242	(all µs)
write	100	2066	1065	(all µs)
read	100	2093	1048	(all µs)
# actual ops/s: 8329.42
# op	pct	sojourn	remote
write	50	1214	218	(all µs)
read	50	824	218	(all µs)
write	95	1280	243	(all µs)
read	95	1267	240	(all µs)
write	99	1294	253	(all µs)
read	99	1283	253	(all µs)
write	100	1930	928	(all µs)
read	100	1824	780	(all µs)
# actual ops/s: 8335.17
# op	pct	sojourn	remote
write	50	1199	200	(all µs)
read	50	794	190	(all µs)
write	95	1261	227	(all µs)
read	95	1236	213	(all µs)
write	99	1276	238	(all µs)
read	99	1253	227	(all µs)
write	100	1864	818	(all µs)
read	100	1678	631	(all µs)
# actual ops/s: 8312.09
# op	pct	sojourn	remote
write	50	1187	188	(all µs)
read	50	768	159	(all µs)
write	95	1255	214	(all µs)
read	95	1210	181	(all µs)
write	99	1268	225	(all µs)
read	99	1227	192	(all µs)
write	100	1366	321	(all µs)
read	100	2204	1158	(all µs)
# server stats:
uptime:
 22:36:35 up 13 min,  0 users,  load average: 1.66, 1.76, 0.92
memory: 165616