# actual ops/s: 806119.49
# op	pct	sojourn	remote
write	50	100003	211	(all µs)
read	50	100003	15241	(all µs)
write	95	100003	285	(all µs)
read	95	100003	16980	(all µs)
write	99	100003	372	(all µs)
read	99	100003	17806	(all µs)
write	100	100003	109107	(all µs)
read	100	100003	20237	(all µs)
# actual ops/s: 804577.79
# op	pct	sojourn	remote
write	50	100003	215	(all µs)
read	50	100003	15292	(all µs)
write	95	100003	294	(all µs)
read	95	100003	17133	(all µs)
write	99	100003	379	(all µs)
read	99	100003	18066	(all µs)
write	100	100003	107631	(all µs)
read	100	100003	20130	(all µs)
# actual ops/s: 810497.11
# op	pct	sojourn	remote
write	50	100003	178	(all µs)
read	50	100003	15181	(all µs)
write	95	100003	250	(all µs)
read	95	100003	16987	(all µs)
write	99	100003	336	(all µs)
read	99	100003	17896	(all µs)
write	100	100003	112487	(all µs)
read	100	100003	19743	(all µs)
# actual ops/s: 806174.00
# op	pct	sojourn	remote
write	50	100003	215	(all µs)
read	50	100003	15234	(all µs)
write	95	100003	290	(all µs)
read	95	100003	17017	(all µs)
write	99	100003	373	(all µs)
read	99	100003	17941	(all µs)
write	100	100003	112643	(all µs)
read	100	100003	20037	(all µs)
# actual ops/s: 808523.53
# op	pct	sojourn	remote
write	50	100003	188	(all µs)
read	50	100003	15224	(all µs)
write	95	100003	262	(all µs)
read	95	100003	16976	(all µs)
write	99	100003	347	(all µs)
read	99	100003	17822	(all µs)
write	100	100003	107047	(all µs)
read	100	100003	20846	(all µs)
# actual ops/s: 807689.49
# op	pct	sojourn	remote
write	50	100003	215	(all µs)
read	50	100003	15254	(all µs)
write	95	100003	289	(all µs)
read	95	100003	16962	(all µs)
write	99	100003	371	(all µs)
read	99	100003	17860	(all µs)
write	100	100003	114315	(all µs)
read	100	100003	21153	(all µs)
# actual ops/s: 808492.97
# op	pct	sojourn	remote
write	50	100003	213	(all µs)
read	50	100003	15247	(all µs)
write	95	100003	285	(all µs)
read	95	100003	16953	(all µs)
write	99	100003	371	(all µs)
read	99	100003	17814	(all µs)
write	100	100003	113315	(all µs)
read	100	100003	20468	(all µs)
# actual ops/s: 811406.43
# op	pct	sojourn	remote
write	50	100003	186	(all µs)
read	50	100003	15157	(all µs)
write	95	100003	257	(all µs)
read	95	100003	16890	(all µs)
write	99	100003	346	(all µs)
read	99	100003	17814	(all µs)
write	100	100003	114675	(all µs)
read	100	100003	20071	(all µs)
# actual ops/s: 814129.98
# op	pct	sojourn	remote
write	50	100003	177	(all µs)
read	50	100003	15121	(all µs)
write	95	100003	249	(all µs)
read	95	100003	16790	(all µs)
write	99	100003	336	(all µs)
read	99	100003	17672	(all µs)
write	100	100003	112487	(all µs)
read	100	100003	19976	(all µs)
# actual ops/s: 812133.14
# op	pct	sojourn	remote
write	50	100003	215	(all µs)
read	50	100003	15185	(all µs)
write	95	100003	288	(all µs)
read	95	100003	16783	(all µs)
write	99	100003	369	(all µs)
read	99	100003	17645	(all µs)
write	100	100003	115831	(all µs)
read	100	100003	19745	(all µs)
# actual ops/s: 812133.71
# op	pct	sojourn	remote
write	50	100003	217	(all µs)
read	50	100003	15226	(all µs)
write	95	100003	291	(all µs)
read	95	100003	16873	(all µs)
write	99	100003	380	(all µs)
read	99	100003	17772	(all µs)
write	100	100003	121927	(all µs)
read	100	100003	20222	(all µs)
# actual ops/s: 815507.33
# op	pct	sojourn	remote
write	50	100003	192	(all µs)
read	50	100003	15091	(all µs)
write	95	100003	264	(all µs)
read	95	100003	16604	(all µs)
write	99	100003	351	(all µs)
read	99	100003	17483	(all µs)
write	100	100003	112263	(all µs)
read	100	100003	19956	(all µs)
# server stats:
uptime:
 21:47:13 up 11 min,  0 users,  load average: 10.55, 5.14, 2.30
memory: 1907396