# actual ops/s: 8322.34
# op	pct	sojourn	remote
write	50	0	0	(all µs)
read	50	780	173	(all µs)
write	95	0	0	(all µs)
read	95	1217	197	(all µs)
write	99	0	0	(all µs)
read	99	1234	215	(all µs)
write	100	0	0	(all µs)
read	100	1612	570	(all µs)
# actual ops/s: 8317.30
# op	pct	sojourn	remote
write	50	0	0	(all µs)
read	50	750	144	(all µs)
write	95	0	0	(all µs)
read	95	1188	166	(all µs)
write	99	0	0	(all µs)
read	99	1203	181	(all µs)
write	100	0	0	(all µs)
read	100	1577	534	(all µs)
# actual ops/s: 8329.17
# op	pct	sojourn	remote
write	50	0	0	(all µs)
read	50	751	143	(all µs)
write	95	0	0	(all µs)
read	95	1187	165	(all µs)
write	99	0	0	(all µs)
read	99	1202	180	(all µs)
write	100	0	0	(all µs)
read	100	1528	486	(all µs)
# actual ops/s: 8302.40
# op	pct	sojourn	remote
write	50	0	0	(all µs)
read	50	768	157	(all µs)
write	95	0	0	(all µs)
read	95	1206	182	(all µs)
write	99	0	0	(all µs)
read	99	1224	198	(all µs)
write	100	0	0	(all µs)
read	100	1814	765	(all µs)
# actual ops/s: 8309.33
# op	pct	sojourn	remote
write	50	0	0	(all µs)
read	50	795	187	(all µs)
write	95	0	0	(all µs)
read	95	1231	212	(all µs)
write	99	0	0	(all µs)
read	99	1248	233	(all µs)
write	100	0	0	(all µs)
read	100	2043	1003	(all µs)
# actual ops/s: 8305.66
# op	pct	sojourn	remote
write	50	0	0	(all µs)
read	50	825	216	(all µs)
write	95	0	0	(all µs)
read	95	1261	241	(all µs)
write	99	0	0	(all µs)
read	99	1278	260	(all µs)
write	100	0	0	(all µs)
read	100	2199	1154	(all µs)
# actual ops/s: 8329.04
# op	pct	sojourn	remote
write	50	0	0	(all µs)
read	50	822	216	(all µs)
write	95	0	0	(all µs)
read	95	1261	240	(all µs)
write	99	0	0	(all µs)
read	99	1277	259	(all µs)
write	100	0	0	(all µs)
read	100	1740	700	(all µs)
# actual ops/s: 8332.61
# op	pct	sojourn	remote
write	50	0	0	(all µs)
read	50	821	214	(all µs)
write	95	0	0	(all µs)
read	95	1258	239	(all µs)
write	99	0	0	(all µs)
read	99	1276	258	(all µs)
write	100	0	0	(all µs)
read	100	1996	953	(all µs)
# actual ops/s: 8328.44
# op	pct	sojourn	remote
write	50	0	0	(all µs)
read	50	821	213	(all µs)
write	95	0	0	(all µs)
read	95	1258	239	(all µs)
write	99	0	0	(all µs)
read	99	1276	261	(all µs)
write	100	0	0	(all µs)
read	100	1806	766	(all µs)
# actual ops/s: 8314.65
# op	pct	sojourn	remote
write	50	0	0	(all µs)
read	50	828	220	(all µs)
write	95	0	0	(all µs)
read	95	1266	247	(all µs)
write	99	0	0	(all µs)
read	99	1285	268	(all µs)
write	100	0	0	(all µs)
read	100	2254	1209	(all µs)
# actual ops/s: 8332.11
# op	pct	sojourn	remote
write	50	0	0	(all µs)
read	50	812	200	(all µs)
write	95	0	0	(all µs)
read	95	1248	227	(all µs)
write	99	0	0	(all µs)
read	99	1267	248	(all µs)
write	100	0	0	(all µs)
read	100	2147	1103	(all µs)
# actual ops/s: 8332.85
# op	pct	sojourn	remote
write	50	0	0	(all µs)
read	50	800	193	(all µs)
write	95	0	0	(all µs)
read	95	1237	218	(all µs)
write	99	0	0	(all µs)
read	99	1255	240	(all µs)
write	100	0	0	(all µs)
read	100	1887	846	(all µs)
# server stats:
uptime:
 22:34:50 up 13 min,  0 users,  load average: 3.53, 3.87, 1.93
memory: 107508