# actual ops/s: 666729.25
# op	pct	sojourn	remote
write	50	0	0	(all µs)
read	50	1234	710	(all µs)
write	95	0	0	(all µs)
read	95	1693	820	(all µs)
write	99	0	0	(all µs)
read	99	1774	895	(all µs)
write	100	0	0	(all µs)
read	100	2417	1414	(all µs)
# actual ops/s: 666631.45
# op	pct	sojourn	remote
write	50	0	0	(all µs)
read	50	1202	675	(all µs)
write	95	0	0	(all µs)
read	95	1665	797	(all µs)
write	99	0	0	(all µs)
read	99	1752	890	(all µs)
write	100	0	0	(all µs)
read	100	2517	1514	(all µs)
# actual ops/s: 667059.22
# op	pct	sojourn	remote
write	50	0	0	(all µs)
read	50	1285	759	(all µs)
write	95	0	0	(all µs)
read	95	1746	892	(all µs)
write	99	0	0	(all µs)
read	99	1841	988	(all µs)
write	100	0	0	(all µs)
read	100	2649	1645	(all µs)
# actual ops/s: 666896.45
# op	pct	sojourn	remote
write	50	0	0	(all µs)
read	50	1239	711	(all µs)
write	95	0	0	(all µs)
read	95	1700	847	(all µs)
write	99	0	0	(all µs)
read	99	1795	943	(all µs)
write	100	0	0	(all µs)
read	100	2525	1522	(all µs)
# actual ops/s: 666815.38
# op	pct	sojourn	remote
write	50	0	0	(all µs)
read	50	1194	665	(all µs)
write	95	0	0	(all µs)
read	95	1657	803	(all µs)
write	99	0	0	(all µs)
read	99	1753	899	(all µs)
write	100	0	0	(all µs)
read	100	2410	1406	(all µs)
# actual ops/s: 667077.54
# op	pct	sojourn	remote
write	50	0	0	(all µs)
read	50	1253	725	(all µs)
write	95	0	0	(all µs)
read	95	1715	863	(all µs)
write	99	0	0	(all µs)
read	99	1811	958	(all µs)
write	100	0	0	(all µs)
read	100	2498	1494	(all µs)
# actual ops/s: 666991.97
# op	pct	sojourn	remote
write	50	0	0	(all µs)
read	50	1267	742	(all µs)
write	95	0	0	(all µs)
read	95	1728	872	(all µs)
write	99	0	0	(all µs)
read	99	1821	973	(all µs)
write	100	0	0	(all µs)
read	100	2536	1533	(all µs)
# actual ops/s: 666891.58
# op	pct	sojourn	remote
write	50	0	0	(all µs)
read	50	1251	726	(all µs)
write	95	0	0	(all µs)
read	95	1713	868	(all µs)
write	99	0	0	(all µs)
read	99	1812	965	(all µs)
write	100	0	0	(all µs)
read	100	2418	1415	(all µs)
# actual ops/s: 666641.06
# op	pct	sojourn	remote
write	50	0	0	(all µs)
read	50	1189	661	(all µs)
write	95	0	0	(all µs)
read	95	1652	804	(all µs)
write	99	0	0	(all µs)
read	99	1749	898	(all µs)
write	100	0	0	(all µs)
read	100	2401	1399	(all µs)
# actual ops/s: 666609.78
# op	pct	sojourn	remote
write	50	0	0	(all µs)
read	50	1266	739	(all µs)
write	95	0	0	(all µs)
read	95	1727	870	(all µs)
write	99	0	0	(all µs)
read	99	1819	967	(all µs)
write	100	0	0	(all µs)
read	100	2655	1650	(all µs)
# actual ops/s: 666866.90
# op	pct	sojourn	remote
write	50	0	0	(all µs)
read	50	1194	666	(all µs)
write	95	0	0	(all µs)
read	95	1656	789	(all µs)
write	99	0	0	(all µs)
read	99	1743	881	(all µs)
write	100	0	0	(all µs)
read	100	2269	1266	(all µs)
# actual ops/s: 666843.77
# op	pct	sojourn	remote
write	50	0	0	(all µs)
read	50	1239	713	(all µs)
write	95	0	0	(all µs)
read	95	1700	841	(all µs)
write	99	0	0	(all µs)
read	99	1792	941	(all µs)
write	100	0	0	(all µs)
read	100	2593	1590	(all µs)
# server stats:
uptime:
 01:21:15 up 21 min,  0 users,  load average: 2.43, 1.70, 1.26
memory: 107660